2023-10-29T04:41:22+00:00 CRITICAL Uncaught PHPMailer\PHPMailer\Exception: Invalid address:  (to):  in /var/www/html/wp-content/themes/my-theme/vendor/phpmailer/phpmailer/src/PHPMailer.php:1094
Stack trace:
#0 /var/www/html/wp-content/themes/my-theme/vendor/phpmailer/phpmailer/src/PHPMailer.php(1014): PHPMailer\PHPMailer\PHPMailer->addOrEnqueueAnAddress('to', NULL, '')
#1 /var/www/html/wp-content/themes/my-theme/routes.php(368): PHPMailer\PHPMailer\PHPMailer->addAddress(NULL)
#2 /var/www/html/wp-includes/rest-api/class-wp-rest-server.php(1187): sendMailCallback(Object(WP_REST_Request))
#3 /var/www/html/wp-includes/rest-api/class-wp-rest-server.php(1034): WP_REST_Server->respond_to_request(Object(WP_REST_Request), '/wp/v2/sendMail', Array, NULL)
#4 /var/www/html/wp-includes/rest-api/class-wp-rest-server.php(426): WP_REST_Server->dispatch(Object(WP_REST_Request))
#5 /var/www/html/wp-includes/rest-api.php(410): WP_REST_Server->serve_request('/wp/v2/sendMail')
#6 /var/www/html/wp-includes/class-wp-hook.php(308): rest_api_loaded(Object(WP))
#7 /var/www/html/wp-includes/class-wp-hook.php(332): WP_Hook->apply_filters(NULL, Array)
#8 /var/www/html/wp-includes/plugin.php(565): WP_Hook->do_action(Array)
#9 /var/www/html/wp-includes/class-wp.php(399): do_action_ref_array('parse_request', Array)
#10 /var/www/html/wp-includes/class-wp.php(780): WP->parse_request('')
#11 /var/www/html/wp-includes/functions.php(1334): WP->main('')
#12 /var/www/html/wp-blog-header.php(16): wp()
#13 /var/www/html/index.php(17): require('/var/www/html/w...')
#14 {main}
  thrown in /var/www/html/wp-content/themes/my-theme/vendor/phpmailer/phpmailer/src/PHPMailer.php on line 1094

2023-10-29T04:42:49+00:00 CRITICAL Uncaught PHPMailer\PHPMailer\Exception: Invalid address:  (to):  in /var/www/html/wp-content/themes/my-theme/vendor/phpmailer/phpmailer/src/PHPMailer.php:1094
Stack trace:
#0 /var/www/html/wp-content/themes/my-theme/vendor/phpmailer/phpmailer/src/PHPMailer.php(1014): PHPMailer\PHPMailer\PHPMailer->addOrEnqueueAnAddress('to', NULL, '')
#1 /var/www/html/wp-content/themes/my-theme/routes.php(368): PHPMailer\PHPMailer\PHPMailer->addAddress(NULL)
#2 /var/www/html/wp-includes/rest-api/class-wp-rest-server.php(1187): sendMailCallback(Object(WP_REST_Request))
#3 /var/www/html/wp-includes/rest-api/class-wp-rest-server.php(1034): WP_REST_Server->respond_to_request(Object(WP_REST_Request), '/wp/v2/sendMail', Array, NULL)
#4 /var/www/html/wp-includes/rest-api/class-wp-rest-server.php(426): WP_REST_Server->dispatch(Object(WP_REST_Request))
#5 /var/www/html/wp-includes/rest-api.php(410): WP_REST_Server->serve_request('/wp/v2/sendMail')
#6 /var/www/html/wp-includes/class-wp-hook.php(308): rest_api_loaded(Object(WP))
#7 /var/www/html/wp-includes/class-wp-hook.php(332): WP_Hook->apply_filters(NULL, Array)
#8 /var/www/html/wp-includes/plugin.php(565): WP_Hook->do_action(Array)
#9 /var/www/html/wp-includes/class-wp.php(399): do_action_ref_array('parse_request', Array)
#10 /var/www/html/wp-includes/class-wp.php(780): WP->parse_request('')
#11 /var/www/html/wp-includes/functions.php(1334): WP->main('')
#12 /var/www/html/wp-blog-header.php(16): wp()
#13 /var/www/html/index.php(17): require('/var/www/html/w...')
#14 {main}
  thrown in /var/www/html/wp-content/themes/my-theme/vendor/phpmailer/phpmailer/src/PHPMailer.php on line 1094

2023-10-29T04:43:43+00:00 CRITICAL Uncaught PHPMailer\PHPMailer\Exception: Invalid address:  (to):  in /var/www/html/wp-content/themes/my-theme/vendor/phpmailer/phpmailer/src/PHPMailer.php:1094
Stack trace:
#0 /var/www/html/wp-content/themes/my-theme/vendor/phpmailer/phpmailer/src/PHPMailer.php(1014): PHPMailer\PHPMailer\PHPMailer->addOrEnqueueAnAddress('to', NULL, '')
#1 /var/www/html/wp-content/themes/my-theme/routes.php(368): PHPMailer\PHPMailer\PHPMailer->addAddress(NULL)
#2 /var/www/html/wp-includes/rest-api/class-wp-rest-server.php(1187): sendMailCallback(Object(WP_REST_Request))
#3 /var/www/html/wp-includes/rest-api/class-wp-rest-server.php(1034): WP_REST_Server->respond_to_request(Object(WP_REST_Request), '/wp/v2/sendMail', Array, NULL)
#4 /var/www/html/wp-includes/rest-api/class-wp-rest-server.php(426): WP_REST_Server->dispatch(Object(WP_REST_Request))
#5 /var/www/html/wp-includes/rest-api.php(410): WP_REST_Server->serve_request('/wp/v2/sendMail')
#6 /var/www/html/wp-includes/class-wp-hook.php(308): rest_api_loaded(Object(WP))
#7 /var/www/html/wp-includes/class-wp-hook.php(332): WP_Hook->apply_filters(NULL, Array)
#8 /var/www/html/wp-includes/plugin.php(565): WP_Hook->do_action(Array)
#9 /var/www/html/wp-includes/class-wp.php(399): do_action_ref_array('parse_request', Array)
#10 /var/www/html/wp-includes/class-wp.php(780): WP->parse_request('')
#11 /var/www/html/wp-includes/functions.php(1334): WP->main('')
#12 /var/www/html/wp-blog-header.php(16): wp()
#13 /var/www/html/index.php(17): require('/var/www/html/w...')
#14 {main}
  thrown in /var/www/html/wp-content/themes/my-theme/vendor/phpmailer/phpmailer/src/PHPMailer.php on line 1094

2023-10-29T04:44:41+00:00 CRITICAL Uncaught PHPMailer\PHPMailer\Exception: Invalid address:  (to):  in /var/www/html/wp-content/themes/my-theme/vendor/phpmailer/phpmailer/src/PHPMailer.php:1094
Stack trace:
#0 /var/www/html/wp-content/themes/my-theme/vendor/phpmailer/phpmailer/src/PHPMailer.php(1014): PHPMailer\PHPMailer\PHPMailer->addOrEnqueueAnAddress('to', NULL, '')
#1 /var/www/html/wp-content/themes/my-theme/routes.php(368): PHPMailer\PHPMailer\PHPMailer->addAddress(NULL)
#2 /var/www/html/wp-includes/rest-api/class-wp-rest-server.php(1187): sendMailCallback(Object(WP_REST_Request))
#3 /var/www/html/wp-includes/rest-api/class-wp-rest-server.php(1034): WP_REST_Server->respond_to_request(Object(WP_REST_Request), '/wp/v2/sendMail', Array, NULL)
#4 /var/www/html/wp-includes/rest-api/class-wp-rest-server.php(426): WP_REST_Server->dispatch(Object(WP_REST_Request))
#5 /var/www/html/wp-includes/rest-api.php(410): WP_REST_Server->serve_request('/wp/v2/sendMail')
#6 /var/www/html/wp-includes/class-wp-hook.php(308): rest_api_loaded(Object(WP))
#7 /var/www/html/wp-includes/class-wp-hook.php(332): WP_Hook->apply_filters(NULL, Array)
#8 /var/www/html/wp-includes/plugin.php(565): WP_Hook->do_action(Array)
#9 /var/www/html/wp-includes/class-wp.php(399): do_action_ref_array('parse_request', Array)
#10 /var/www/html/wp-includes/class-wp.php(780): WP->parse_request('')
#11 /var/www/html/wp-includes/functions.php(1334): WP->main('')
#12 /var/www/html/wp-blog-header.php(16): wp()
#13 /var/www/html/index.php(17): require('/var/www/html/w...')
#14 {main}
  thrown in /var/www/html/wp-content/themes/my-theme/vendor/phpmailer/phpmailer/src/PHPMailer.php on line 1094

2023-10-29T05:02:07+00:00 CRITICAL Uncaught PHPMailer\PHPMailer\Exception: Invalid address:  (to):  in /var/www/html/wp-content/themes/my-theme/vendor/phpmailer/phpmailer/src/PHPMailer.php:1094
Stack trace:
#0 /var/www/html/wp-content/themes/my-theme/vendor/phpmailer/phpmailer/src/PHPMailer.php(1014): PHPMailer\PHPMailer\PHPMailer->addOrEnqueueAnAddress('to', NULL, '')
#1 /var/www/html/wp-content/themes/my-theme/routes.php(370): PHPMailer\PHPMailer\PHPMailer->addAddress(NULL)
#2 /var/www/html/wp-includes/rest-api/class-wp-rest-server.php(1187): sendMailCallback(Object(WP_REST_Request))
#3 /var/www/html/wp-includes/rest-api/class-wp-rest-server.php(1034): WP_REST_Server->respond_to_request(Object(WP_REST_Request), '/wp/v2/sendMail', Array, NULL)
#4 /var/www/html/wp-includes/rest-api/class-wp-rest-server.php(426): WP_REST_Server->dispatch(Object(WP_REST_Request))
#5 /var/www/html/wp-includes/rest-api.php(410): WP_REST_Server->serve_request('/wp/v2/sendMail')
#6 /var/www/html/wp-includes/class-wp-hook.php(308): rest_api_loaded(Object(WP))
#7 /var/www/html/wp-includes/class-wp-hook.php(332): WP_Hook->apply_filters(NULL, Array)
#8 /var/www/html/wp-includes/plugin.php(565): WP_Hook->do_action(Array)
#9 /var/www/html/wp-includes/class-wp.php(399): do_action_ref_array('parse_request', Array)
#10 /var/www/html/wp-includes/class-wp.php(780): WP->parse_request('')
#11 /var/www/html/wp-includes/functions.php(1334): WP->main('')
#12 /var/www/html/wp-blog-header.php(16): wp()
#13 /var/www/html/index.php(17): require('/var/www/html/w...')
#14 {main}
  thrown in /var/www/html/wp-content/themes/my-theme/vendor/phpmailer/phpmailer/src/PHPMailer.php on line 1094

2023-10-29T08:54:35+00:00 CRITICAL Uncaught PHPMailer\PHPMailer\Exception: Invalid address:  (to):  in /var/www/html/wp-content/themes/my-theme/vendor/phpmailer/phpmailer/src/PHPMailer.php:1094
Stack trace:
#0 /var/www/html/wp-content/themes/my-theme/vendor/phpmailer/phpmailer/src/PHPMailer.php(1014): PHPMailer\PHPMailer\PHPMailer->addOrEnqueueAnAddress('to', NULL, '')
#1 /var/www/html/wp-content/themes/my-theme/routes.php(407): PHPMailer\PHPMailer\PHPMailer->addAddress(NULL)
#2 /var/www/html/wp-includes/rest-api/class-wp-rest-server.php(1187): sendMailCallback(Object(WP_REST_Request))
#3 /var/www/html/wp-includes/rest-api/class-wp-rest-server.php(1034): WP_REST_Server->respond_to_request(Object(WP_REST_Request), '/wp/v2/sendMail', Array, NULL)
#4 /var/www/html/wp-includes/rest-api/class-wp-rest-server.php(426): WP_REST_Server->dispatch(Object(WP_REST_Request))
#5 /var/www/html/wp-includes/rest-api.php(410): WP_REST_Server->serve_request('/wp/v2/sendMail')
#6 /var/www/html/wp-includes/class-wp-hook.php(308): rest_api_loaded(Object(WP))
#7 /var/www/html/wp-includes/class-wp-hook.php(332): WP_Hook->apply_filters(NULL, Array)
#8 /var/www/html/wp-includes/plugin.php(565): WP_Hook->do_action(Array)
#9 /var/www/html/wp-includes/class-wp.php(399): do_action_ref_array('parse_request', Array)
#10 /var/www/html/wp-includes/class-wp.php(780): WP->parse_request('')
#11 /var/www/html/wp-includes/functions.php(1334): WP->main('')
#12 /var/www/html/wp-blog-header.php(16): wp()
#13 /var/www/html/index.php(17): require('/var/www/html/w...')
#14 {main}
  thrown in /var/www/html/wp-content/themes/my-theme/vendor/phpmailer/phpmailer/src/PHPMailer.php on line 1094

2023-10-29T12:45:24+00:00 CRITICAL Uncaught PHPMailer\PHPMailer\Exception: Invalid address:  (to):  in /var/www/html/wp-content/themes/my-theme/vendor/phpmailer/phpmailer/src/PHPMailer.php:1094
Stack trace:
#0 /var/www/html/wp-content/themes/my-theme/vendor/phpmailer/phpmailer/src/PHPMailer.php(1014): PHPMailer\PHPMailer\PHPMailer->addOrEnqueueAnAddress('to', NULL, '')
#1 /var/www/html/wp-content/themes/my-theme/routes.php(411): PHPMailer\PHPMailer\PHPMailer->addAddress(NULL)
#2 /var/www/html/wp-includes/rest-api/class-wp-rest-server.php(1187): sendMailCallback(Object(WP_REST_Request))
#3 /var/www/html/wp-includes/rest-api/class-wp-rest-server.php(1034): WP_REST_Server->respond_to_request(Object(WP_REST_Request), '/wp/v2/sendMail', Array, NULL)
#4 /var/www/html/wp-includes/rest-api/class-wp-rest-server.php(426): WP_REST_Server->dispatch(Object(WP_REST_Request))
#5 /var/www/html/wp-includes/rest-api.php(410): WP_REST_Server->serve_request('/wp/v2/sendMail')
#6 /var/www/html/wp-includes/class-wp-hook.php(308): rest_api_loaded(Object(WP))
#7 /var/www/html/wp-includes/class-wp-hook.php(332): WP_Hook->apply_filters(NULL, Array)
#8 /var/www/html/wp-includes/plugin.php(565): WP_Hook->do_action(Array)
#9 /var/www/html/wp-includes/class-wp.php(399): do_action_ref_array('parse_request', Array)
#10 /var/www/html/wp-includes/class-wp.php(780): WP->parse_request('')
#11 /var/www/html/wp-includes/functions.php(1334): WP->main('')
#12 /var/www/html/wp-blog-header.php(16): wp()
#13 /var/www/html/index.php(17): require('/var/www/html/w...')
#14 {main}
  thrown in /var/www/html/wp-content/themes/my-theme/vendor/phpmailer/phpmailer/src/PHPMailer.php on line 1094

2023-10-29T14:12:50+00:00 CRITICAL Uncaught PHPMailer\PHPMailer\Exception: Invalid address:  (to):  in /var/www/html/wp-content/themes/my-theme/vendor/phpmailer/phpmailer/src/PHPMailer.php:1094
Stack trace:
#0 /var/www/html/wp-content/themes/my-theme/vendor/phpmailer/phpmailer/src/PHPMailer.php(1014): PHPMailer\PHPMailer\PHPMailer->addOrEnqueueAnAddress('to', NULL, '')
#1 /var/www/html/wp-content/themes/my-theme/routes.php(440): PHPMailer\PHPMailer\PHPMailer->addAddress(NULL)
#2 /var/www/html/wp-includes/rest-api/class-wp-rest-server.php(1187): sendMailCallback(Object(WP_REST_Request))
#3 /var/www/html/wp-includes/rest-api/class-wp-rest-server.php(1034): WP_REST_Server->respond_to_request(Object(WP_REST_Request), '/wp/v2/sendMail', Array, NULL)
#4 /var/www/html/wp-includes/rest-api/class-wp-rest-server.php(426): WP_REST_Server->dispatch(Object(WP_REST_Request))
#5 /var/www/html/wp-includes/rest-api.php(410): WP_REST_Server->serve_request('/wp/v2/sendMail')
#6 /var/www/html/wp-includes/class-wp-hook.php(308): rest_api_loaded(Object(WP))
#7 /var/www/html/wp-includes/class-wp-hook.php(332): WP_Hook->apply_filters(NULL, Array)
#8 /var/www/html/wp-includes/plugin.php(565): WP_Hook->do_action(Array)
#9 /var/www/html/wp-includes/class-wp.php(399): do_action_ref_array('parse_request', Array)
#10 /var/www/html/wp-includes/class-wp.php(780): WP->parse_request('')
#11 /var/www/html/wp-includes/functions.php(1334): WP->main('')
#12 /var/www/html/wp-blog-header.php(16): wp()
#13 /var/www/html/index.php(17): require('/var/www/html/w...')
#14 {main}
  thrown in /var/www/html/wp-content/themes/my-theme/vendor/phpmailer/phpmailer/src/PHPMailer.php on line 1094

