2023-10-07T10:51:03+00:00 CRITICAL syntax error, unexpected token "function", expecting "(" in /var/www/html/wp-content/themes/public/functions.php on line 326

2023-10-07T11:21:57+00:00 CRITICAL Uncaught Error: Cannot use a scalar value as an array in /var/www/html/wp-content/themes/public/functions.php:338
Stack trace:
#0 /var/www/html/wp-includes/class-wp-hook.php(308): custom_wc_rest_prepare_product_review(Object(WP_REST_Response), Object(WP_Comment), Object(WP_REST_Request))
#1 /var/www/html/wp-includes/plugin.php(205): WP_Hook->apply_filters(Object(WP_REST_Response), Array)
#2 /var/www/html/wp-content/plugins/woocommerce/includes/rest-api/Controllers/Version3/class-wc-rest-product-reviews-controller.php(728): apply_filters('woocommerce_res...', Object(WP_REST_Response), Object(WP_Comment), Object(WP_REST_Request))
#3 /var/www/html/wp-content/plugins/woocommerce/includes/rest-api/Controllers/Version3/class-wc-rest-product-reviews-controller.php(312): WC_REST_Product_Reviews_Controller->prepare_item_for_response(Object(WP_Comment), Object(WP_REST_Request))
#4 /var/www/html/wp-includes/rest-api/class-wp-rest-server.php(1181): WC_REST_Product_Reviews_Controller->get_items(Object(WP_REST_Request))
#5 /var/www/html/wp-includes/rest-api/class-wp-rest-server.php(1028): WP_REST_Server->respond_to_request(Object(WP_REST_Request), '/wc/v3/products...', Array, NULL)
#6 /var/www/html/wp-includes/rest-api/class-wp-rest-server.php(442): WP_REST_Server->dispatch(Object(WP_REST_Request))
#7 /var/www/html/wp-includes/rest-api.php(410): WP_REST_Server->serve_request('/wc/v3/products...')
#8 /var/www/html/wp-includes/class-wp-hook.php(308): rest_api_loaded(Object(WP))
#9 /var/www/html/wp-includes/class-wp-hook.php(332): WP_Hook->apply_filters(NULL, Array)
#10 /var/www/html/wp-includes/plugin.php(565): WP_Hook->do_action(Array)
#11 /var/www/html/wp-includes/class-wp.php(399): do_action_ref_array('parse_request', Array)
#12 /var/www/html/wp-includes/class-wp.php(780): WP->parse_request('')
#13 /var/www/html/wp-includes/functions.php(1334): WP->main('')
#14 /var/www/html/wp-blog-header.php(16): wp()
#15 /var/www/html/index.php(17): require('/var/www/html/w...')
#16 {main}
  thrown in /var/www/html/wp-content/themes/public/functions.php on line 338

2023-10-07T11:21:58+00:00 CRITICAL Uncaught Error: Cannot use a scalar value as an array in /var/www/html/wp-content/themes/public/functions.php:338
Stack trace:
#0 /var/www/html/wp-includes/class-wp-hook.php(308): custom_wc_rest_prepare_product_review(Object(WP_REST_Response), Object(WP_Comment), Object(WP_REST_Request))
#1 /var/www/html/wp-includes/plugin.php(205): WP_Hook->apply_filters(Object(WP_REST_Response), Array)
#2 /var/www/html/wp-content/plugins/woocommerce/includes/rest-api/Controllers/Version3/class-wc-rest-product-reviews-controller.php(728): apply_filters('woocommerce_res...', Object(WP_REST_Response), Object(WP_Comment), Object(WP_REST_Request))
#3 /var/www/html/wp-content/plugins/woocommerce/includes/rest-api/Controllers/Version3/class-wc-rest-product-reviews-controller.php(312): WC_REST_Product_Reviews_Controller->prepare_item_for_response(Object(WP_Comment), Object(WP_REST_Request))
#4 /var/www/html/wp-includes/rest-api/class-wp-rest-server.php(1181): WC_REST_Product_Reviews_Controller->get_items(Object(WP_REST_Request))
#5 /var/www/html/wp-includes/rest-api/class-wp-rest-server.php(1028): WP_REST_Server->respond_to_request(Object(WP_REST_Request), '/wc/v3/products...', Array, NULL)
#6 /var/www/html/wp-includes/rest-api/class-wp-rest-server.php(442): WP_REST_Server->dispatch(Object(WP_REST_Request))
#7 /var/www/html/wp-includes/rest-api.php(410): WP_REST_Server->serve_request('/wc/v3/products...')
#8 /var/www/html/wp-includes/class-wp-hook.php(308): rest_api_loaded(Object(WP))
#9 /var/www/html/wp-includes/class-wp-hook.php(332): WP_Hook->apply_filters(NULL, Array)
#10 /var/www/html/wp-includes/plugin.php(565): WP_Hook->do_action(Array)
#11 /var/www/html/wp-includes/class-wp.php(399): do_action_ref_array('parse_request', Array)
#12 /var/www/html/wp-includes/class-wp.php(780): WP->parse_request('')
#13 /var/www/html/wp-includes/functions.php(1334): WP->main('')
#14 /var/www/html/wp-blog-header.php(16): wp()
#15 /var/www/html/index.php(17): require('/var/www/html/w...')
#16 {main}
  thrown in /var/www/html/wp-content/themes/public/functions.php on line 338

2023-10-07T11:22:26+00:00 CRITICAL Uncaught Error: Cannot use a scalar value as an array in /var/www/html/wp-content/themes/public/functions.php:338
Stack trace:
#0 /var/www/html/wp-includes/class-wp-hook.php(308): custom_wc_rest_prepare_product_review(Object(WP_REST_Response), Object(WP_Comment), Object(WP_REST_Request))
#1 /var/www/html/wp-includes/plugin.php(205): WP_Hook->apply_filters(Object(WP_REST_Response), Array)
#2 /var/www/html/wp-content/plugins/woocommerce/includes/rest-api/Controllers/Version3/class-wc-rest-product-reviews-controller.php(728): apply_filters('woocommerce_res...', Object(WP_REST_Response), Object(WP_Comment), Object(WP_REST_Request))
#3 /var/www/html/wp-content/plugins/woocommerce/includes/rest-api/Controllers/Version3/class-wc-rest-product-reviews-controller.php(312): WC_REST_Product_Reviews_Controller->prepare_item_for_response(Object(WP_Comment), Object(WP_REST_Request))
#4 /var/www/html/wp-includes/rest-api/class-wp-rest-server.php(1181): WC_REST_Product_Reviews_Controller->get_items(Object(WP_REST_Request))
#5 /var/www/html/wp-includes/rest-api/class-wp-rest-server.php(1028): WP_REST_Server->respond_to_request(Object(WP_REST_Request), '/wc/v3/products...', Array, NULL)
#6 /var/www/html/wp-includes/rest-api/class-wp-rest-server.php(442): WP_REST_Server->dispatch(Object(WP_REST_Request))
#7 /var/www/html/wp-includes/rest-api.php(410): WP_REST_Server->serve_request('/wc/v3/products...')
#8 /var/www/html/wp-includes/class-wp-hook.php(308): rest_api_loaded(Object(WP))
#9 /var/www/html/wp-includes/class-wp-hook.php(332): WP_Hook->apply_filters(NULL, Array)
#10 /var/www/html/wp-includes/plugin.php(565): WP_Hook->do_action(Array)
#11 /var/www/html/wp-includes/class-wp.php(399): do_action_ref_array('parse_request', Array)
#12 /var/www/html/wp-includes/class-wp.php(780): WP->parse_request('')
#13 /var/www/html/wp-includes/functions.php(1334): WP->main('')
#14 /var/www/html/wp-blog-header.php(16): wp()
#15 /var/www/html/index.php(17): require('/var/www/html/w...')
#16 {main}
  thrown in /var/www/html/wp-content/themes/public/functions.php on line 338

2023-10-07T11:22:27+00:00 CRITICAL Uncaught Error: Cannot use a scalar value as an array in /var/www/html/wp-content/themes/public/functions.php:338
Stack trace:
#0 /var/www/html/wp-includes/class-wp-hook.php(308): custom_wc_rest_prepare_product_review(Object(WP_REST_Response), Object(WP_Comment), Object(WP_REST_Request))
#1 /var/www/html/wp-includes/plugin.php(205): WP_Hook->apply_filters(Object(WP_REST_Response), Array)
#2 /var/www/html/wp-content/plugins/woocommerce/includes/rest-api/Controllers/Version3/class-wc-rest-product-reviews-controller.php(728): apply_filters('woocommerce_res...', Object(WP_REST_Response), Object(WP_Comment), Object(WP_REST_Request))
#3 /var/www/html/wp-content/plugins/woocommerce/includes/rest-api/Controllers/Version3/class-wc-rest-product-reviews-controller.php(312): WC_REST_Product_Reviews_Controller->prepare_item_for_response(Object(WP_Comment), Object(WP_REST_Request))
#4 /var/www/html/wp-includes/rest-api/class-wp-rest-server.php(1181): WC_REST_Product_Reviews_Controller->get_items(Object(WP_REST_Request))
#5 /var/www/html/wp-includes/rest-api/class-wp-rest-server.php(1028): WP_REST_Server->respond_to_request(Object(WP_REST_Request), '/wc/v3/products...', Array, NULL)
#6 /var/www/html/wp-includes/rest-api/class-wp-rest-server.php(442): WP_REST_Server->dispatch(Object(WP_REST_Request))
#7 /var/www/html/wp-includes/rest-api.php(410): WP_REST_Server->serve_request('/wc/v3/products...')
#8 /var/www/html/wp-includes/class-wp-hook.php(308): rest_api_loaded(Object(WP))
#9 /var/www/html/wp-includes/class-wp-hook.php(332): WP_Hook->apply_filters(NULL, Array)
#10 /var/www/html/wp-includes/plugin.php(565): WP_Hook->do_action(Array)
#11 /var/www/html/wp-includes/class-wp.php(399): do_action_ref_array('parse_request', Array)
#12 /var/www/html/wp-includes/class-wp.php(780): WP->parse_request('')
#13 /var/www/html/wp-includes/functions.php(1334): WP->main('')
#14 /var/www/html/wp-blog-header.php(16): wp()
#15 /var/www/html/index.php(17): require('/var/www/html/w...')
#16 {main}
  thrown in /var/www/html/wp-content/themes/public/functions.php on line 338

2023-10-07T11:22:27+00:00 CRITICAL Uncaught Error: Cannot use a scalar value as an array in /var/www/html/wp-content/themes/public/functions.php:338
Stack trace:
#0 /var/www/html/wp-includes/class-wp-hook.php(308): custom_wc_rest_prepare_product_review(Object(WP_REST_Response), Object(WP_Comment), Object(WP_REST_Request))
#1 /var/www/html/wp-includes/plugin.php(205): WP_Hook->apply_filters(Object(WP_REST_Response), Array)
#2 /var/www/html/wp-content/plugins/woocommerce/includes/rest-api/Controllers/Version3/class-wc-rest-product-reviews-controller.php(728): apply_filters('woocommerce_res...', Object(WP_REST_Response), Object(WP_Comment), Object(WP_REST_Request))
#3 /var/www/html/wp-content/plugins/woocommerce/includes/rest-api/Controllers/Version3/class-wc-rest-product-reviews-controller.php(312): WC_REST_Product_Reviews_Controller->prepare_item_for_response(Object(WP_Comment), Object(WP_REST_Request))
#4 /var/www/html/wp-includes/rest-api/class-wp-rest-server.php(1181): WC_REST_Product_Reviews_Controller->get_items(Object(WP_REST_Request))
#5 /var/www/html/wp-includes/rest-api/class-wp-rest-server.php(1028): WP_REST_Server->respond_to_request(Object(WP_REST_Request), '/wc/v3/products...', Array, NULL)
#6 /var/www/html/wp-includes/rest-api/class-wp-rest-server.php(442): WP_REST_Server->dispatch(Object(WP_REST_Request))
#7 /var/www/html/wp-includes/rest-api.php(410): WP_REST_Server->serve_request('/wc/v3/products...')
#8 /var/www/html/wp-includes/class-wp-hook.php(308): rest_api_loaded(Object(WP))
#9 /var/www/html/wp-includes/class-wp-hook.php(332): WP_Hook->apply_filters(NULL, Array)
#10 /var/www/html/wp-includes/plugin.php(565): WP_Hook->do_action(Array)
#11 /var/www/html/wp-includes/class-wp.php(399): do_action_ref_array('parse_request', Array)
#12 /var/www/html/wp-includes/class-wp.php(780): WP->parse_request('')
#13 /var/www/html/wp-includes/functions.php(1334): WP->main('')
#14 /var/www/html/wp-blog-header.php(16): wp()
#15 /var/www/html/index.php(17): require('/var/www/html/w...')
#16 {main}
  thrown in /var/www/html/wp-content/themes/public/functions.php on line 338

2023-10-07T11:22:53+00:00 CRITICAL Uncaught Error: Cannot use a scalar value as an array in /var/www/html/wp-content/themes/public/functions.php:338
Stack trace:
#0 /var/www/html/wp-includes/class-wp-hook.php(308): custom_wc_rest_prepare_product_review(Object(WP_REST_Response), Object(WP_Comment), Object(WP_REST_Request))
#1 /var/www/html/wp-includes/plugin.php(205): WP_Hook->apply_filters(Object(WP_REST_Response), Array)
#2 /var/www/html/wp-content/plugins/woocommerce/includes/rest-api/Controllers/Version3/class-wc-rest-product-reviews-controller.php(728): apply_filters('woocommerce_res...', Object(WP_REST_Response), Object(WP_Comment), Object(WP_REST_Request))
#3 /var/www/html/wp-content/plugins/woocommerce/includes/rest-api/Controllers/Version3/class-wc-rest-product-reviews-controller.php(312): WC_REST_Product_Reviews_Controller->prepare_item_for_response(Object(WP_Comment), Object(WP_REST_Request))
#4 /var/www/html/wp-includes/rest-api/class-wp-rest-server.php(1181): WC_REST_Product_Reviews_Controller->get_items(Object(WP_REST_Request))
#5 /var/www/html/wp-includes/rest-api/class-wp-rest-server.php(1028): WP_REST_Server->respond_to_request(Object(WP_REST_Request), '/wc/v3/products...', Array, NULL)
#6 /var/www/html/wp-includes/rest-api/class-wp-rest-server.php(442): WP_REST_Server->dispatch(Object(WP_REST_Request))
#7 /var/www/html/wp-includes/rest-api.php(410): WP_REST_Server->serve_request('/wc/v3/products...')
#8 /var/www/html/wp-includes/class-wp-hook.php(308): rest_api_loaded(Object(WP))
#9 /var/www/html/wp-includes/class-wp-hook.php(332): WP_Hook->apply_filters(NULL, Array)
#10 /var/www/html/wp-includes/plugin.php(565): WP_Hook->do_action(Array)
#11 /var/www/html/wp-includes/class-wp.php(399): do_action_ref_array('parse_request', Array)
#12 /var/www/html/wp-includes/class-wp.php(780): WP->parse_request('')
#13 /var/www/html/wp-includes/functions.php(1334): WP->main('')
#14 /var/www/html/wp-blog-header.php(16): wp()
#15 /var/www/html/index.php(17): require('/var/www/html/w...')
#16 {main}
  thrown in /var/www/html/wp-content/themes/public/functions.php on line 338

2023-10-07T11:22:53+00:00 CRITICAL Uncaught Error: Cannot use a scalar value as an array in /var/www/html/wp-content/themes/public/functions.php:338
Stack trace:
#0 /var/www/html/wp-includes/class-wp-hook.php(308): custom_wc_rest_prepare_product_review(Object(WP_REST_Response), Object(WP_Comment), Object(WP_REST_Request))
#1 /var/www/html/wp-includes/plugin.php(205): WP_Hook->apply_filters(Object(WP_REST_Response), Array)
#2 /var/www/html/wp-content/plugins/woocommerce/includes/rest-api/Controllers/Version3/class-wc-rest-product-reviews-controller.php(728): apply_filters('woocommerce_res...', Object(WP_REST_Response), Object(WP_Comment), Object(WP_REST_Request))
#3 /var/www/html/wp-content/plugins/woocommerce/includes/rest-api/Controllers/Version3/class-wc-rest-product-reviews-controller.php(312): WC_REST_Product_Reviews_Controller->prepare_item_for_response(Object(WP_Comment), Object(WP_REST_Request))
#4 /var/www/html/wp-includes/rest-api/class-wp-rest-server.php(1181): WC_REST_Product_Reviews_Controller->get_items(Object(WP_REST_Request))
#5 /var/www/html/wp-includes/rest-api/class-wp-rest-server.php(1028): WP_REST_Server->respond_to_request(Object(WP_REST_Request), '/wc/v3/products...', Array, NULL)
#6 /var/www/html/wp-includes/rest-api/class-wp-rest-server.php(442): WP_REST_Server->dispatch(Object(WP_REST_Request))
#7 /var/www/html/wp-includes/rest-api.php(410): WP_REST_Server->serve_request('/wc/v3/products...')
#8 /var/www/html/wp-includes/class-wp-hook.php(308): rest_api_loaded(Object(WP))
#9 /var/www/html/wp-includes/class-wp-hook.php(332): WP_Hook->apply_filters(NULL, Array)
#10 /var/www/html/wp-includes/plugin.php(565): WP_Hook->do_action(Array)
#11 /var/www/html/wp-includes/class-wp.php(399): do_action_ref_array('parse_request', Array)
#12 /var/www/html/wp-includes/class-wp.php(780): WP->parse_request('')
#13 /var/www/html/wp-includes/functions.php(1334): WP->main('')
#14 /var/www/html/wp-blog-header.php(16): wp()
#15 /var/www/html/index.php(17): require('/var/www/html/w...')
#16 {main}
  thrown in /var/www/html/wp-content/themes/public/functions.php on line 338

2023-10-07T11:22:54+00:00 CRITICAL Uncaught Error: Cannot use a scalar value as an array in /var/www/html/wp-content/themes/public/functions.php:338
Stack trace:
#0 /var/www/html/wp-includes/class-wp-hook.php(308): custom_wc_rest_prepare_product_review(Object(WP_REST_Response), Object(WP_Comment), Object(WP_REST_Request))
#1 /var/www/html/wp-includes/plugin.php(205): WP_Hook->apply_filters(Object(WP_REST_Response), Array)
#2 /var/www/html/wp-content/plugins/woocommerce/includes/rest-api/Controllers/Version3/class-wc-rest-product-reviews-controller.php(728): apply_filters('woocommerce_res...', Object(WP_REST_Response), Object(WP_Comment), Object(WP_REST_Request))
#3 /var/www/html/wp-content/plugins/woocommerce/includes/rest-api/Controllers/Version3/class-wc-rest-product-reviews-controller.php(312): WC_REST_Product_Reviews_Controller->prepare_item_for_response(Object(WP_Comment), Object(WP_REST_Request))
#4 /var/www/html/wp-includes/rest-api/class-wp-rest-server.php(1181): WC_REST_Product_Reviews_Controller->get_items(Object(WP_REST_Request))
#5 /var/www/html/wp-includes/rest-api/class-wp-rest-server.php(1028): WP_REST_Server->respond_to_request(Object(WP_REST_Request), '/wc/v3/products...', Array, NULL)
#6 /var/www/html/wp-includes/rest-api/class-wp-rest-server.php(442): WP_REST_Server->dispatch(Object(WP_REST_Request))
#7 /var/www/html/wp-includes/rest-api.php(410): WP_REST_Server->serve_request('/wc/v3/products...')
#8 /var/www/html/wp-includes/class-wp-hook.php(308): rest_api_loaded(Object(WP))
#9 /var/www/html/wp-includes/class-wp-hook.php(332): WP_Hook->apply_filters(NULL, Array)
#10 /var/www/html/wp-includes/plugin.php(565): WP_Hook->do_action(Array)
#11 /var/www/html/wp-includes/class-wp.php(399): do_action_ref_array('parse_request', Array)
#12 /var/www/html/wp-includes/class-wp.php(780): WP->parse_request('')
#13 /var/www/html/wp-includes/functions.php(1334): WP->main('')
#14 /var/www/html/wp-blog-header.php(16): wp()
#15 /var/www/html/index.php(17): require('/var/www/html/w...')
#16 {main}
  thrown in /var/www/html/wp-content/themes/public/functions.php on line 338

2023-10-07T12:55:38+00:00 CRITICAL Uncaught TypeError: json_decode(): Argument #1 ($json) must be of type string, array given in /var/www/html/wp-content/themes/public/functions.php:374
Stack trace:
#0 /var/www/html/wp-content/themes/public/functions.php(374): json_decode(Array)
#1 /var/www/html/wp-includes/class-wp-hook.php(308): custom_wc_rest_prepare_product_review(Object(WP_REST_Response), Object(WP_Comment), Object(WP_REST_Request))
#2 /var/www/html/wp-includes/plugin.php(205): WP_Hook->apply_filters(Object(WP_REST_Response), Array)
#3 /var/www/html/wp-content/plugins/woocommerce/includes/rest-api/Controllers/Version3/class-wc-rest-product-reviews-controller.php(728): apply_filters('woocommerce_res...', Object(WP_REST_Response), Object(WP_Comment), Object(WP_REST_Request))
#4 /var/www/html/wp-content/plugins/woocommerce/includes/rest-api/Controllers/Version3/class-wc-rest-product-reviews-controller.php(312): WC_REST_Product_Reviews_Controller->prepare_item_for_response(Object(WP_Comment), Object(WP_REST_Request))
#5 /var/www/html/wp-includes/rest-api/class-wp-rest-server.php(1181): WC_REST_Product_Reviews_Controller->get_items(Object(WP_REST_Request))
#6 /var/www/html/wp-includes/rest-api/class-wp-rest-server.php(1028): WP_REST_Server->respond_to_request(Object(WP_REST_Request), '/wc/v3/products...', Array, NULL)
#7 /var/www/html/wp-includes/rest-api/class-wp-rest-server.php(442): WP_REST_Server->dispatch(Object(WP_REST_Request))
#8 /var/www/html/wp-includes/rest-api.php(410): WP_REST_Server->serve_request('/wc/v3/products...')
#9 /var/www/html/wp-includes/class-wp-hook.php(308): rest_api_loaded(Object(WP))
#10 /var/www/html/wp-includes/class-wp-hook.php(332): WP_Hook->apply_filters(NULL, Array)
#11 /var/www/html/wp-includes/plugin.php(565): WP_Hook->do_action(Array)
#12 /var/www/html/wp-includes/class-wp.php(399): do_action_ref_array('parse_request', Array)
#13 /var/www/html/wp-includes/class-wp.php(780): WP->parse_request('')
#14 /var/www/html/wp-includes/functions.php(1334): WP->main('')
#15 /var/www/html/wp-blog-header.php(16): wp()
#16 /var/www/html/index.php(17): require('/var/www/html/w...')
#17 {main}
  thrown in /var/www/html/wp-content/themes/public/functions.php on line 374

2023-10-07T12:55:38+00:00 CRITICAL Uncaught TypeError: json_decode(): Argument #1 ($json) must be of type string, array given in /var/www/html/wp-content/themes/public/functions.php:374
Stack trace:
#0 /var/www/html/wp-content/themes/public/functions.php(374): json_decode(Array)
#1 /var/www/html/wp-includes/class-wp-hook.php(308): custom_wc_rest_prepare_product_review(Object(WP_REST_Response), Object(WP_Comment), Object(WP_REST_Request))
#2 /var/www/html/wp-includes/plugin.php(205): WP_Hook->apply_filters(Object(WP_REST_Response), Array)
#3 /var/www/html/wp-content/plugins/woocommerce/includes/rest-api/Controllers/Version3/class-wc-rest-product-reviews-controller.php(728): apply_filters('woocommerce_res...', Object(WP_REST_Response), Object(WP_Comment), Object(WP_REST_Request))
#4 /var/www/html/wp-content/plugins/woocommerce/includes/rest-api/Controllers/Version3/class-wc-rest-product-reviews-controller.php(312): WC_REST_Product_Reviews_Controller->prepare_item_for_response(Object(WP_Comment), Object(WP_REST_Request))
#5 /var/www/html/wp-includes/rest-api/class-wp-rest-server.php(1181): WC_REST_Product_Reviews_Controller->get_items(Object(WP_REST_Request))
#6 /var/www/html/wp-includes/rest-api/class-wp-rest-server.php(1028): WP_REST_Server->respond_to_request(Object(WP_REST_Request), '/wc/v3/products...', Array, NULL)
#7 /var/www/html/wp-includes/rest-api/class-wp-rest-server.php(442): WP_REST_Server->dispatch(Object(WP_REST_Request))
#8 /var/www/html/wp-includes/rest-api.php(410): WP_REST_Server->serve_request('/wc/v3/products...')
#9 /var/www/html/wp-includes/class-wp-hook.php(308): rest_api_loaded(Object(WP))
#10 /var/www/html/wp-includes/class-wp-hook.php(332): WP_Hook->apply_filters(NULL, Array)
#11 /var/www/html/wp-includes/plugin.php(565): WP_Hook->do_action(Array)
#12 /var/www/html/wp-includes/class-wp.php(399): do_action_ref_array('parse_request', Array)
#13 /var/www/html/wp-includes/class-wp.php(780): WP->parse_request('')
#14 /var/www/html/wp-includes/functions.php(1334): WP->main('')
#15 /var/www/html/wp-blog-header.php(16): wp()
#16 /var/www/html/index.php(17): require('/var/www/html/w...')
#17 {main}
  thrown in /var/www/html/wp-content/themes/public/functions.php on line 374

2023-10-07T13:08:37+00:00 CRITICAL Uncaught TypeError: json_decode(): Argument #1 ($json) must be of type string, array given in /var/www/html/wp-content/themes/public/functions.php:374
Stack trace:
#0 /var/www/html/wp-content/themes/public/functions.php(374): json_decode(Array)
#1 /var/www/html/wp-includes/class-wp-hook.php(308): custom_wc_rest_prepare_product_review(Object(WP_REST_Response), Object(WP_Comment), Object(WP_REST_Request))
#2 /var/www/html/wp-includes/plugin.php(205): WP_Hook->apply_filters(Object(WP_REST_Response), Array)
#3 /var/www/html/wp-content/plugins/woocommerce/includes/rest-api/Controllers/Version3/class-wc-rest-product-reviews-controller.php(728): apply_filters('woocommerce_res...', Object(WP_REST_Response), Object(WP_Comment), Object(WP_REST_Request))
#4 /var/www/html/wp-content/plugins/woocommerce/includes/rest-api/Controllers/Version3/class-wc-rest-product-reviews-controller.php(312): WC_REST_Product_Reviews_Controller->prepare_item_for_response(Object(WP_Comment), Object(WP_REST_Request))
#5 /var/www/html/wp-includes/rest-api/class-wp-rest-server.php(1181): WC_REST_Product_Reviews_Controller->get_items(Object(WP_REST_Request))
#6 /var/www/html/wp-includes/rest-api/class-wp-rest-server.php(1028): WP_REST_Server->respond_to_request(Object(WP_REST_Request), '/wc/v3/products...', Array, NULL)
#7 /var/www/html/wp-includes/rest-api/class-wp-rest-server.php(442): WP_REST_Server->dispatch(Object(WP_REST_Request))
#8 /var/www/html/wp-includes/rest-api.php(410): WP_REST_Server->serve_request('/wc/v3/products...')
#9 /var/www/html/wp-includes/class-wp-hook.php(308): rest_api_loaded(Object(WP))
#10 /var/www/html/wp-includes/class-wp-hook.php(332): WP_Hook->apply_filters(NULL, Array)
#11 /var/www/html/wp-includes/plugin.php(565): WP_Hook->do_action(Array)
#12 /var/www/html/wp-includes/class-wp.php(399): do_action_ref_array('parse_request', Array)
#13 /var/www/html/wp-includes/class-wp.php(780): WP->parse_request('')
#14 /var/www/html/wp-includes/functions.php(1334): WP->main('')
#15 /var/www/html/wp-blog-header.php(16): wp()
#16 /var/www/html/index.php(17): require('/var/www/html/w...')
#17 {main}
  thrown in /var/www/html/wp-content/themes/public/functions.php on line 374

2023-10-07T14:48:18+00:00 CRITICAL Uncaught TypeError: json_decode(): Argument #1 ($json) must be of type string, array given in /var/www/html/wp-content/themes/public/functions.php:374
Stack trace:
#0 /var/www/html/wp-content/themes/public/functions.php(374): json_decode(Array)
#1 /var/www/html/wp-includes/class-wp-hook.php(308): custom_wc_rest_prepare_product_review(Object(WP_REST_Response), Object(WP_Comment), Object(WP_REST_Request))
#2 /var/www/html/wp-includes/plugin.php(205): WP_Hook->apply_filters(Object(WP_REST_Response), Array)
#3 /var/www/html/wp-content/plugins/woocommerce/includes/rest-api/Controllers/Version3/class-wc-rest-product-reviews-controller.php(728): apply_filters('woocommerce_res...', Object(WP_REST_Response), Object(WP_Comment), Object(WP_REST_Request))
#4 /var/www/html/wp-content/plugins/woocommerce/includes/rest-api/Controllers/Version3/class-wc-rest-product-reviews-controller.php(312): WC_REST_Product_Reviews_Controller->prepare_item_for_response(Object(WP_Comment), Object(WP_REST_Request))
#5 /var/www/html/wp-includes/rest-api/class-wp-rest-server.php(1181): WC_REST_Product_Reviews_Controller->get_items(Object(WP_REST_Request))
#6 /var/www/html/wp-includes/rest-api/class-wp-rest-server.php(1028): WP_REST_Server->respond_to_request(Object(WP_REST_Request), '/wc/v3/products...', Array, NULL)
#7 /var/www/html/wp-includes/rest-api/class-wp-rest-server.php(442): WP_REST_Server->dispatch(Object(WP_REST_Request))
#8 /var/www/html/wp-includes/rest-api.php(410): WP_REST_Server->serve_request('/wc/v3/products...')
#9 /var/www/html/wp-includes/class-wp-hook.php(308): rest_api_loaded(Object(WP))
#10 /var/www/html/wp-includes/class-wp-hook.php(332): WP_Hook->apply_filters(NULL, Array)
#11 /var/www/html/wp-includes/plugin.php(565): WP_Hook->do_action(Array)
#12 /var/www/html/wp-includes/class-wp.php(399): do_action_ref_array('parse_request', Array)
#13 /var/www/html/wp-includes/class-wp.php(780): WP->parse_request('')
#14 /var/www/html/wp-includes/functions.php(1334): WP->main('')
#15 /var/www/html/wp-blog-header.php(16): wp()
#16 /var/www/html/index.php(17): require('/var/www/html/w...')
#17 {main}
  thrown in /var/www/html/wp-content/themes/public/functions.php on line 374

2023-10-07T14:48:18+00:00 CRITICAL Uncaught TypeError: json_decode(): Argument #1 ($json) must be of type string, array given in /var/www/html/wp-content/themes/public/functions.php:374
Stack trace:
#0 /var/www/html/wp-content/themes/public/functions.php(374): json_decode(Array)
#1 /var/www/html/wp-includes/class-wp-hook.php(308): custom_wc_rest_prepare_product_review(Object(WP_REST_Response), Object(WP_Comment), Object(WP_REST_Request))
#2 /var/www/html/wp-includes/plugin.php(205): WP_Hook->apply_filters(Object(WP_REST_Response), Array)
#3 /var/www/html/wp-content/plugins/woocommerce/includes/rest-api/Controllers/Version3/class-wc-rest-product-reviews-controller.php(728): apply_filters('woocommerce_res...', Object(WP_REST_Response), Object(WP_Comment), Object(WP_REST_Request))
#4 /var/www/html/wp-content/plugins/woocommerce/includes/rest-api/Controllers/Version3/class-wc-rest-product-reviews-controller.php(312): WC_REST_Product_Reviews_Controller->prepare_item_for_response(Object(WP_Comment), Object(WP_REST_Request))
#5 /var/www/html/wp-includes/rest-api/class-wp-rest-server.php(1181): WC_REST_Product_Reviews_Controller->get_items(Object(WP_REST_Request))
#6 /var/www/html/wp-includes/rest-api/class-wp-rest-server.php(1028): WP_REST_Server->respond_to_request(Object(WP_REST_Request), '/wc/v3/products...', Array, NULL)
#7 /var/www/html/wp-includes/rest-api/class-wp-rest-server.php(442): WP_REST_Server->dispatch(Object(WP_REST_Request))
#8 /var/www/html/wp-includes/rest-api.php(410): WP_REST_Server->serve_request('/wc/v3/products...')
#9 /var/www/html/wp-includes/class-wp-hook.php(308): rest_api_loaded(Object(WP))
#10 /var/www/html/wp-includes/class-wp-hook.php(332): WP_Hook->apply_filters(NULL, Array)
#11 /var/www/html/wp-includes/plugin.php(565): WP_Hook->do_action(Array)
#12 /var/www/html/wp-includes/class-wp.php(399): do_action_ref_array('parse_request', Array)
#13 /var/www/html/wp-includes/class-wp.php(780): WP->parse_request('')
#14 /var/www/html/wp-includes/functions.php(1334): WP->main('')
#15 /var/www/html/wp-blog-header.php(16): wp()
#16 /var/www/html/index.php(17): require('/var/www/html/w...')
#17 {main}
  thrown in /var/www/html/wp-content/themes/public/functions.php on line 374

