2023-10-08T03:23:39+00:00 CRITICAL Uncaught TypeError: json_decode(): Argument #1 ($json) must be of type string, array given in /var/www/html/wp-content/themes/public/functions.php:369
Stack trace:
#0 /var/www/html/wp-content/themes/public/functions.php(369): json_decode(Array)
#1 /var/www/html/wp-includes/class-wp-hook.php(308): custom_wc_rest_prepare_product_review(Object(WP_REST_Response), Object(WP_Comment), Object(WP_REST_Request))
#2 /var/www/html/wp-includes/plugin.php(205): WP_Hook->apply_filters(Object(WP_REST_Response), Array)
#3 /var/www/html/wp-content/plugins/woocommerce/includes/rest-api/Controllers/Version3/class-wc-rest-product-reviews-controller.php(728): apply_filters('woocommerce_res...', Object(WP_REST_Response), Object(WP_Comment), Object(WP_REST_Request))
#4 /var/www/html/wp-content/plugins/woocommerce/includes/rest-api/Controllers/Version3/class-wc-rest-product-reviews-controller.php(312): WC_REST_Product_Reviews_Controller->prepare_item_for_response(Object(WP_Comment), Object(WP_REST_Request))
#5 /var/www/html/wp-includes/rest-api/class-wp-rest-server.php(1181): WC_REST_Product_Reviews_Controller->get_items(Object(WP_REST_Request))
#6 /var/www/html/wp-includes/rest-api/class-wp-rest-server.php(1028): WP_REST_Server->respond_to_request(Object(WP_REST_Request), '/wc/v3/products...', Array, NULL)
#7 /var/www/html/wp-includes/rest-api/class-wp-rest-server.php(442): WP_REST_Server->dispatch(Object(WP_REST_Request))
#8 /var/www/html/wp-includes/rest-api.php(410): WP_REST_Server->serve_request('/wc/v3/products...')
#9 /var/www/html/wp-includes/class-wp-hook.php(308): rest_api_loaded(Object(WP))
#10 /var/www/html/wp-includes/class-wp-hook.php(332): WP_Hook->apply_filters(NULL, Array)
#11 /var/www/html/wp-includes/plugin.php(565): WP_Hook->do_action(Array)
#12 /var/www/html/wp-includes/class-wp.php(399): do_action_ref_array('parse_request', Array)
#13 /var/www/html/wp-includes/class-wp.php(780): WP->parse_request('')
#14 /var/www/html/wp-includes/functions.php(1334): WP->main('')
#15 /var/www/html/wp-blog-header.php(16): wp()
#16 /var/www/html/index.php(17): require('/var/www/html/w...')
#17 {main}
  thrown in /var/www/html/wp-content/themes/public/functions.php on line 369

2023-10-08T03:27:24+00:00 CRITICAL Uncaught TypeError: json_decode(): Argument #1 ($json) must be of type string, array given in /var/www/html/wp-content/themes/public/functions.php:369
Stack trace:
#0 /var/www/html/wp-content/themes/public/functions.php(369): json_decode(Array)
#1 /var/www/html/wp-includes/class-wp-hook.php(308): custom_wc_rest_prepare_product_review(Object(WP_REST_Response), Object(WP_Comment), Object(WP_REST_Request))
#2 /var/www/html/wp-includes/plugin.php(205): WP_Hook->apply_filters(Object(WP_REST_Response), Array)
#3 /var/www/html/wp-content/plugins/woocommerce/includes/rest-api/Controllers/Version3/class-wc-rest-product-reviews-controller.php(728): apply_filters('woocommerce_res...', Object(WP_REST_Response), Object(WP_Comment), Object(WP_REST_Request))
#4 /var/www/html/wp-content/plugins/woocommerce/includes/rest-api/Controllers/Version3/class-wc-rest-product-reviews-controller.php(312): WC_REST_Product_Reviews_Controller->prepare_item_for_response(Object(WP_Comment), Object(WP_REST_Request))
#5 /var/www/html/wp-includes/rest-api/class-wp-rest-server.php(1181): WC_REST_Product_Reviews_Controller->get_items(Object(WP_REST_Request))
#6 /var/www/html/wp-includes/rest-api/class-wp-rest-server.php(1028): WP_REST_Server->respond_to_request(Object(WP_REST_Request), '/wc/v3/products...', Array, NULL)
#7 /var/www/html/wp-includes/rest-api/class-wp-rest-server.php(442): WP_REST_Server->dispatch(Object(WP_REST_Request))
#8 /var/www/html/wp-includes/rest-api.php(410): WP_REST_Server->serve_request('/wc/v3/products...')
#9 /var/www/html/wp-includes/class-wp-hook.php(308): rest_api_loaded(Object(WP))
#10 /var/www/html/wp-includes/class-wp-hook.php(332): WP_Hook->apply_filters(NULL, Array)
#11 /var/www/html/wp-includes/plugin.php(565): WP_Hook->do_action(Array)
#12 /var/www/html/wp-includes/class-wp.php(399): do_action_ref_array('parse_request', Array)
#13 /var/www/html/wp-includes/class-wp.php(780): WP->parse_request('')
#14 /var/www/html/wp-includes/functions.php(1334): WP->main('')
#15 /var/www/html/wp-blog-header.php(16): wp()
#16 /var/www/html/index.php(17): require('/var/www/html/w...')
#17 {main}
  thrown in /var/www/html/wp-content/themes/public/functions.php on line 369

2023-10-08T03:27:31+00:00 CRITICAL Uncaught TypeError: json_decode(): Argument #1 ($json) must be of type string, array given in /var/www/html/wp-content/themes/public/functions.php:369
Stack trace:
#0 /var/www/html/wp-content/themes/public/functions.php(369): json_decode(Array)
#1 /var/www/html/wp-includes/class-wp-hook.php(308): custom_wc_rest_prepare_product_review(Object(WP_REST_Response), Object(WP_Comment), Object(WP_REST_Request))
#2 /var/www/html/wp-includes/plugin.php(205): WP_Hook->apply_filters(Object(WP_REST_Response), Array)
#3 /var/www/html/wp-content/plugins/woocommerce/includes/rest-api/Controllers/Version3/class-wc-rest-product-reviews-controller.php(728): apply_filters('woocommerce_res...', Object(WP_REST_Response), Object(WP_Comment), Object(WP_REST_Request))
#4 /var/www/html/wp-content/plugins/woocommerce/includes/rest-api/Controllers/Version3/class-wc-rest-product-reviews-controller.php(312): WC_REST_Product_Reviews_Controller->prepare_item_for_response(Object(WP_Comment), Object(WP_REST_Request))
#5 /var/www/html/wp-includes/rest-api/class-wp-rest-server.php(1181): WC_REST_Product_Reviews_Controller->get_items(Object(WP_REST_Request))
#6 /var/www/html/wp-includes/rest-api/class-wp-rest-server.php(1028): WP_REST_Server->respond_to_request(Object(WP_REST_Request), '/wc/v3/products...', Array, NULL)
#7 /var/www/html/wp-includes/rest-api/class-wp-rest-server.php(442): WP_REST_Server->dispatch(Object(WP_REST_Request))
#8 /var/www/html/wp-includes/rest-api.php(410): WP_REST_Server->serve_request('/wc/v3/products...')
#9 /var/www/html/wp-includes/class-wp-hook.php(308): rest_api_loaded(Object(WP))
#10 /var/www/html/wp-includes/class-wp-hook.php(332): WP_Hook->apply_filters(NULL, Array)
#11 /var/www/html/wp-includes/plugin.php(565): WP_Hook->do_action(Array)
#12 /var/www/html/wp-includes/class-wp.php(399): do_action_ref_array('parse_request', Array)
#13 /var/www/html/wp-includes/class-wp.php(780): WP->parse_request('')
#14 /var/www/html/wp-includes/functions.php(1334): WP->main('')
#15 /var/www/html/wp-blog-header.php(16): wp()
#16 /var/www/html/index.php(17): require('/var/www/html/w...')
#17 {main}
  thrown in /var/www/html/wp-content/themes/public/functions.php on line 369

2023-10-08T03:27:45+00:00 CRITICAL Uncaught TypeError: json_decode(): Argument #1 ($json) must be of type string, array given in /var/www/html/wp-content/themes/public/functions.php:369
Stack trace:
#0 /var/www/html/wp-content/themes/public/functions.php(369): json_decode(Array)
#1 /var/www/html/wp-includes/class-wp-hook.php(308): custom_wc_rest_prepare_product_review(Object(WP_REST_Response), Object(WP_Comment), Object(WP_REST_Request))
#2 /var/www/html/wp-includes/plugin.php(205): WP_Hook->apply_filters(Object(WP_REST_Response), Array)
#3 /var/www/html/wp-content/plugins/woocommerce/includes/rest-api/Controllers/Version3/class-wc-rest-product-reviews-controller.php(728): apply_filters('woocommerce_res...', Object(WP_REST_Response), Object(WP_Comment), Object(WP_REST_Request))
#4 /var/www/html/wp-content/plugins/woocommerce/includes/rest-api/Controllers/Version3/class-wc-rest-product-reviews-controller.php(312): WC_REST_Product_Reviews_Controller->prepare_item_for_response(Object(WP_Comment), Object(WP_REST_Request))
#5 /var/www/html/wp-includes/rest-api/class-wp-rest-server.php(1181): WC_REST_Product_Reviews_Controller->get_items(Object(WP_REST_Request))
#6 /var/www/html/wp-includes/rest-api/class-wp-rest-server.php(1028): WP_REST_Server->respond_to_request(Object(WP_REST_Request), '/wc/v3/products...', Array, NULL)
#7 /var/www/html/wp-includes/rest-api/class-wp-rest-server.php(442): WP_REST_Server->dispatch(Object(WP_REST_Request))
#8 /var/www/html/wp-includes/rest-api.php(410): WP_REST_Server->serve_request('/wc/v3/products...')
#9 /var/www/html/wp-includes/class-wp-hook.php(308): rest_api_loaded(Object(WP))
#10 /var/www/html/wp-includes/class-wp-hook.php(332): WP_Hook->apply_filters(NULL, Array)
#11 /var/www/html/wp-includes/plugin.php(565): WP_Hook->do_action(Array)
#12 /var/www/html/wp-includes/class-wp.php(399): do_action_ref_array('parse_request', Array)
#13 /var/www/html/wp-includes/class-wp.php(780): WP->parse_request('')
#14 /var/www/html/wp-includes/functions.php(1334): WP->main('')
#15 /var/www/html/wp-blog-header.php(16): wp()
#16 /var/www/html/index.php(17): require('/var/www/html/w...')
#17 {main}
  thrown in /var/www/html/wp-content/themes/public/functions.php on line 369

2023-10-08T03:27:46+00:00 CRITICAL Uncaught TypeError: json_decode(): Argument #1 ($json) must be of type string, array given in /var/www/html/wp-content/themes/public/functions.php:369
Stack trace:
#0 /var/www/html/wp-content/themes/public/functions.php(369): json_decode(Array)
#1 /var/www/html/wp-includes/class-wp-hook.php(308): custom_wc_rest_prepare_product_review(Object(WP_REST_Response), Object(WP_Comment), Object(WP_REST_Request))
#2 /var/www/html/wp-includes/plugin.php(205): WP_Hook->apply_filters(Object(WP_REST_Response), Array)
#3 /var/www/html/wp-content/plugins/woocommerce/includes/rest-api/Controllers/Version3/class-wc-rest-product-reviews-controller.php(728): apply_filters('woocommerce_res...', Object(WP_REST_Response), Object(WP_Comment), Object(WP_REST_Request))
#4 /var/www/html/wp-content/plugins/woocommerce/includes/rest-api/Controllers/Version3/class-wc-rest-product-reviews-controller.php(312): WC_REST_Product_Reviews_Controller->prepare_item_for_response(Object(WP_Comment), Object(WP_REST_Request))
#5 /var/www/html/wp-includes/rest-api/class-wp-rest-server.php(1181): WC_REST_Product_Reviews_Controller->get_items(Object(WP_REST_Request))
#6 /var/www/html/wp-includes/rest-api/class-wp-rest-server.php(1028): WP_REST_Server->respond_to_request(Object(WP_REST_Request), '/wc/v3/products...', Array, NULL)
#7 /var/www/html/wp-includes/rest-api/class-wp-rest-server.php(442): WP_REST_Server->dispatch(Object(WP_REST_Request))
#8 /var/www/html/wp-includes/rest-api.php(410): WP_REST_Server->serve_request('/wc/v3/products...')
#9 /var/www/html/wp-includes/class-wp-hook.php(308): rest_api_loaded(Object(WP))
#10 /var/www/html/wp-includes/class-wp-hook.php(332): WP_Hook->apply_filters(NULL, Array)
#11 /var/www/html/wp-includes/plugin.php(565): WP_Hook->do_action(Array)
#12 /var/www/html/wp-includes/class-wp.php(399): do_action_ref_array('parse_request', Array)
#13 /var/www/html/wp-includes/class-wp.php(780): WP->parse_request('')
#14 /var/www/html/wp-includes/functions.php(1334): WP->main('')
#15 /var/www/html/wp-blog-header.php(16): wp()
#16 /var/www/html/index.php(17): require('/var/www/html/w...')
#17 {main}
  thrown in /var/www/html/wp-content/themes/public/functions.php on line 369

2023-10-08T03:27:47+00:00 CRITICAL Uncaught TypeError: json_decode(): Argument #1 ($json) must be of type string, array given in /var/www/html/wp-content/themes/public/functions.php:369
Stack trace:
#0 /var/www/html/wp-content/themes/public/functions.php(369): json_decode(Array)
#1 /var/www/html/wp-includes/class-wp-hook.php(308): custom_wc_rest_prepare_product_review(Object(WP_REST_Response), Object(WP_Comment), Object(WP_REST_Request))
#2 /var/www/html/wp-includes/plugin.php(205): WP_Hook->apply_filters(Object(WP_REST_Response), Array)
#3 /var/www/html/wp-content/plugins/woocommerce/includes/rest-api/Controllers/Version3/class-wc-rest-product-reviews-controller.php(728): apply_filters('woocommerce_res...', Object(WP_REST_Response), Object(WP_Comment), Object(WP_REST_Request))
#4 /var/www/html/wp-content/plugins/woocommerce/includes/rest-api/Controllers/Version3/class-wc-rest-product-reviews-controller.php(312): WC_REST_Product_Reviews_Controller->prepare_item_for_response(Object(WP_Comment), Object(WP_REST_Request))
#5 /var/www/html/wp-includes/rest-api/class-wp-rest-server.php(1181): WC_REST_Product_Reviews_Controller->get_items(Object(WP_REST_Request))
#6 /var/www/html/wp-includes/rest-api/class-wp-rest-server.php(1028): WP_REST_Server->respond_to_request(Object(WP_REST_Request), '/wc/v3/products...', Array, NULL)
#7 /var/www/html/wp-includes/rest-api/class-wp-rest-server.php(442): WP_REST_Server->dispatch(Object(WP_REST_Request))
#8 /var/www/html/wp-includes/rest-api.php(410): WP_REST_Server->serve_request('/wc/v3/products...')
#9 /var/www/html/wp-includes/class-wp-hook.php(308): rest_api_loaded(Object(WP))
#10 /var/www/html/wp-includes/class-wp-hook.php(332): WP_Hook->apply_filters(NULL, Array)
#11 /var/www/html/wp-includes/plugin.php(565): WP_Hook->do_action(Array)
#12 /var/www/html/wp-includes/class-wp.php(399): do_action_ref_array('parse_request', Array)
#13 /var/www/html/wp-includes/class-wp.php(780): WP->parse_request('')
#14 /var/www/html/wp-includes/functions.php(1334): WP->main('')
#15 /var/www/html/wp-blog-header.php(16): wp()
#16 /var/www/html/index.php(17): require('/var/www/html/w...')
#17 {main}
  thrown in /var/www/html/wp-content/themes/public/functions.php on line 369

2023-10-08T03:27:47+00:00 CRITICAL Uncaught TypeError: json_decode(): Argument #1 ($json) must be of type string, array given in /var/www/html/wp-content/themes/public/functions.php:369
Stack trace:
#0 /var/www/html/wp-content/themes/public/functions.php(369): json_decode(Array)
#1 /var/www/html/wp-includes/class-wp-hook.php(308): custom_wc_rest_prepare_product_review(Object(WP_REST_Response), Object(WP_Comment), Object(WP_REST_Request))
#2 /var/www/html/wp-includes/plugin.php(205): WP_Hook->apply_filters(Object(WP_REST_Response), Array)
#3 /var/www/html/wp-content/plugins/woocommerce/includes/rest-api/Controllers/Version3/class-wc-rest-product-reviews-controller.php(728): apply_filters('woocommerce_res...', Object(WP_REST_Response), Object(WP_Comment), Object(WP_REST_Request))
#4 /var/www/html/wp-content/plugins/woocommerce/includes/rest-api/Controllers/Version3/class-wc-rest-product-reviews-controller.php(312): WC_REST_Product_Reviews_Controller->prepare_item_for_response(Object(WP_Comment), Object(WP_REST_Request))
#5 /var/www/html/wp-includes/rest-api/class-wp-rest-server.php(1181): WC_REST_Product_Reviews_Controller->get_items(Object(WP_REST_Request))
#6 /var/www/html/wp-includes/rest-api/class-wp-rest-server.php(1028): WP_REST_Server->respond_to_request(Object(WP_REST_Request), '/wc/v3/products...', Array, NULL)
#7 /var/www/html/wp-includes/rest-api/class-wp-rest-server.php(442): WP_REST_Server->dispatch(Object(WP_REST_Request))
#8 /var/www/html/wp-includes/rest-api.php(410): WP_REST_Server->serve_request('/wc/v3/products...')
#9 /var/www/html/wp-includes/class-wp-hook.php(308): rest_api_loaded(Object(WP))
#10 /var/www/html/wp-includes/class-wp-hook.php(332): WP_Hook->apply_filters(NULL, Array)
#11 /var/www/html/wp-includes/plugin.php(565): WP_Hook->do_action(Array)
#12 /var/www/html/wp-includes/class-wp.php(399): do_action_ref_array('parse_request', Array)
#13 /var/www/html/wp-includes/class-wp.php(780): WP->parse_request('')
#14 /var/www/html/wp-includes/functions.php(1334): WP->main('')
#15 /var/www/html/wp-blog-header.php(16): wp()
#16 /var/www/html/index.php(17): require('/var/www/html/w...')
#17 {main}
  thrown in /var/www/html/wp-content/themes/public/functions.php on line 369

2023-10-08T03:31:14+00:00 CRITICAL Uncaught TypeError: json_decode(): Argument #1 ($json) must be of type string, array given in /var/www/html/wp-content/themes/public/functions.php:369
Stack trace:
#0 /var/www/html/wp-content/themes/public/functions.php(369): json_decode(Array)
#1 /var/www/html/wp-includes/class-wp-hook.php(308): custom_wc_rest_prepare_product_review(Object(WP_REST_Response), Object(WP_Comment), Object(WP_REST_Request))
#2 /var/www/html/wp-includes/plugin.php(205): WP_Hook->apply_filters(Object(WP_REST_Response), Array)
#3 /var/www/html/wp-content/plugins/woocommerce/includes/rest-api/Controllers/Version3/class-wc-rest-product-reviews-controller.php(728): apply_filters('woocommerce_res...', Object(WP_REST_Response), Object(WP_Comment), Object(WP_REST_Request))
#4 /var/www/html/wp-content/plugins/woocommerce/includes/rest-api/Controllers/Version3/class-wc-rest-product-reviews-controller.php(312): WC_REST_Product_Reviews_Controller->prepare_item_for_response(Object(WP_Comment), Object(WP_REST_Request))
#5 /var/www/html/wp-includes/rest-api/class-wp-rest-server.php(1181): WC_REST_Product_Reviews_Controller->get_items(Object(WP_REST_Request))
#6 /var/www/html/wp-includes/rest-api/class-wp-rest-server.php(1028): WP_REST_Server->respond_to_request(Object(WP_REST_Request), '/wc/v3/products...', Array, NULL)
#7 /var/www/html/wp-includes/rest-api/class-wp-rest-server.php(442): WP_REST_Server->dispatch(Object(WP_REST_Request))
#8 /var/www/html/wp-includes/rest-api.php(410): WP_REST_Server->serve_request('/wc/v3/products...')
#9 /var/www/html/wp-includes/class-wp-hook.php(308): rest_api_loaded(Object(WP))
#10 /var/www/html/wp-includes/class-wp-hook.php(332): WP_Hook->apply_filters(NULL, Array)
#11 /var/www/html/wp-includes/plugin.php(565): WP_Hook->do_action(Array)
#12 /var/www/html/wp-includes/class-wp.php(399): do_action_ref_array('parse_request', Array)
#13 /var/www/html/wp-includes/class-wp.php(780): WP->parse_request('')
#14 /var/www/html/wp-includes/functions.php(1334): WP->main('')
#15 /var/www/html/wp-blog-header.php(16): wp()
#16 /var/www/html/index.php(17): require('/var/www/html/w...')
#17 {main}
  thrown in /var/www/html/wp-content/themes/public/functions.php on line 369

2023-10-08T03:31:55+00:00 CRITICAL Uncaught TypeError: json_decode(): Argument #1 ($json) must be of type string, array given in /var/www/html/wp-content/themes/public/functions.php:369
Stack trace:
#0 /var/www/html/wp-content/themes/public/functions.php(369): json_decode(Array)
#1 /var/www/html/wp-includes/class-wp-hook.php(308): custom_wc_rest_prepare_product_review(Object(WP_REST_Response), Object(WP_Comment), Object(WP_REST_Request))
#2 /var/www/html/wp-includes/plugin.php(205): WP_Hook->apply_filters(Object(WP_REST_Response), Array)
#3 /var/www/html/wp-content/plugins/woocommerce/includes/rest-api/Controllers/Version3/class-wc-rest-product-reviews-controller.php(728): apply_filters('woocommerce_res...', Object(WP_REST_Response), Object(WP_Comment), Object(WP_REST_Request))
#4 /var/www/html/wp-content/plugins/woocommerce/includes/rest-api/Controllers/Version3/class-wc-rest-product-reviews-controller.php(312): WC_REST_Product_Reviews_Controller->prepare_item_for_response(Object(WP_Comment), Object(WP_REST_Request))
#5 /var/www/html/wp-includes/rest-api/class-wp-rest-server.php(1181): WC_REST_Product_Reviews_Controller->get_items(Object(WP_REST_Request))
#6 /var/www/html/wp-includes/rest-api/class-wp-rest-server.php(1028): WP_REST_Server->respond_to_request(Object(WP_REST_Request), '/wc/v3/products...', Array, NULL)
#7 /var/www/html/wp-includes/rest-api/class-wp-rest-server.php(442): WP_REST_Server->dispatch(Object(WP_REST_Request))
#8 /var/www/html/wp-includes/rest-api.php(410): WP_REST_Server->serve_request('/wc/v3/products...')
#9 /var/www/html/wp-includes/class-wp-hook.php(308): rest_api_loaded(Object(WP))
#10 /var/www/html/wp-includes/class-wp-hook.php(332): WP_Hook->apply_filters(NULL, Array)
#11 /var/www/html/wp-includes/plugin.php(565): WP_Hook->do_action(Array)
#12 /var/www/html/wp-includes/class-wp.php(399): do_action_ref_array('parse_request', Array)
#13 /var/www/html/wp-includes/class-wp.php(780): WP->parse_request('')
#14 /var/www/html/wp-includes/functions.php(1334): WP->main('')
#15 /var/www/html/wp-blog-header.php(16): wp()
#16 /var/www/html/index.php(17): require('/var/www/html/w...')
#17 {main}
  thrown in /var/www/html/wp-content/themes/public/functions.php on line 369

2023-10-08T03:31:56+00:00 CRITICAL Uncaught TypeError: json_decode(): Argument #1 ($json) must be of type string, array given in /var/www/html/wp-content/themes/public/functions.php:369
Stack trace:
#0 /var/www/html/wp-content/themes/public/functions.php(369): json_decode(Array)
#1 /var/www/html/wp-includes/class-wp-hook.php(308): custom_wc_rest_prepare_product_review(Object(WP_REST_Response), Object(WP_Comment), Object(WP_REST_Request))
#2 /var/www/html/wp-includes/plugin.php(205): WP_Hook->apply_filters(Object(WP_REST_Response), Array)
#3 /var/www/html/wp-content/plugins/woocommerce/includes/rest-api/Controllers/Version3/class-wc-rest-product-reviews-controller.php(728): apply_filters('woocommerce_res...', Object(WP_REST_Response), Object(WP_Comment), Object(WP_REST_Request))
#4 /var/www/html/wp-content/plugins/woocommerce/includes/rest-api/Controllers/Version3/class-wc-rest-product-reviews-controller.php(312): WC_REST_Product_Reviews_Controller->prepare_item_for_response(Object(WP_Comment), Object(WP_REST_Request))
#5 /var/www/html/wp-includes/rest-api/class-wp-rest-server.php(1181): WC_REST_Product_Reviews_Controller->get_items(Object(WP_REST_Request))
#6 /var/www/html/wp-includes/rest-api/class-wp-rest-server.php(1028): WP_REST_Server->respond_to_request(Object(WP_REST_Request), '/wc/v3/products...', Array, NULL)
#7 /var/www/html/wp-includes/rest-api/class-wp-rest-server.php(442): WP_REST_Server->dispatch(Object(WP_REST_Request))
#8 /var/www/html/wp-includes/rest-api.php(410): WP_REST_Server->serve_request('/wc/v3/products...')
#9 /var/www/html/wp-includes/class-wp-hook.php(308): rest_api_loaded(Object(WP))
#10 /var/www/html/wp-includes/class-wp-hook.php(332): WP_Hook->apply_filters(NULL, Array)
#11 /var/www/html/wp-includes/plugin.php(565): WP_Hook->do_action(Array)
#12 /var/www/html/wp-includes/class-wp.php(399): do_action_ref_array('parse_request', Array)
#13 /var/www/html/wp-includes/class-wp.php(780): WP->parse_request('')
#14 /var/www/html/wp-includes/functions.php(1334): WP->main('')
#15 /var/www/html/wp-blog-header.php(16): wp()
#16 /var/www/html/index.php(17): require('/var/www/html/w...')
#17 {main}
  thrown in /var/www/html/wp-content/themes/public/functions.php on line 369

2023-10-08T03:31:57+00:00 CRITICAL Uncaught TypeError: json_decode(): Argument #1 ($json) must be of type string, array given in /var/www/html/wp-content/themes/public/functions.php:369
Stack trace:
#0 /var/www/html/wp-content/themes/public/functions.php(369): json_decode(Array)
#1 /var/www/html/wp-includes/class-wp-hook.php(308): custom_wc_rest_prepare_product_review(Object(WP_REST_Response), Object(WP_Comment), Object(WP_REST_Request))
#2 /var/www/html/wp-includes/plugin.php(205): WP_Hook->apply_filters(Object(WP_REST_Response), Array)
#3 /var/www/html/wp-content/plugins/woocommerce/includes/rest-api/Controllers/Version3/class-wc-rest-product-reviews-controller.php(728): apply_filters('woocommerce_res...', Object(WP_REST_Response), Object(WP_Comment), Object(WP_REST_Request))
#4 /var/www/html/wp-content/plugins/woocommerce/includes/rest-api/Controllers/Version3/class-wc-rest-product-reviews-controller.php(312): WC_REST_Product_Reviews_Controller->prepare_item_for_response(Object(WP_Comment), Object(WP_REST_Request))
#5 /var/www/html/wp-includes/rest-api/class-wp-rest-server.php(1181): WC_REST_Product_Reviews_Controller->get_items(Object(WP_REST_Request))
#6 /var/www/html/wp-includes/rest-api/class-wp-rest-server.php(1028): WP_REST_Server->respond_to_request(Object(WP_REST_Request), '/wc/v3/products...', Array, NULL)
#7 /var/www/html/wp-includes/rest-api/class-wp-rest-server.php(442): WP_REST_Server->dispatch(Object(WP_REST_Request))
#8 /var/www/html/wp-includes/rest-api.php(410): WP_REST_Server->serve_request('/wc/v3/products...')
#9 /var/www/html/wp-includes/class-wp-hook.php(308): rest_api_loaded(Object(WP))
#10 /var/www/html/wp-includes/class-wp-hook.php(332): WP_Hook->apply_filters(NULL, Array)
#11 /var/www/html/wp-includes/plugin.php(565): WP_Hook->do_action(Array)
#12 /var/www/html/wp-includes/class-wp.php(399): do_action_ref_array('parse_request', Array)
#13 /var/www/html/wp-includes/class-wp.php(780): WP->parse_request('')
#14 /var/www/html/wp-includes/functions.php(1334): WP->main('')
#15 /var/www/html/wp-blog-header.php(16): wp()
#16 /var/www/html/index.php(17): require('/var/www/html/w...')
#17 {main}
  thrown in /var/www/html/wp-content/themes/public/functions.php on line 369

2023-10-08T03:31:57+00:00 CRITICAL Uncaught TypeError: json_decode(): Argument #1 ($json) must be of type string, array given in /var/www/html/wp-content/themes/public/functions.php:369
Stack trace:
#0 /var/www/html/wp-content/themes/public/functions.php(369): json_decode(Array)
#1 /var/www/html/wp-includes/class-wp-hook.php(308): custom_wc_rest_prepare_product_review(Object(WP_REST_Response), Object(WP_Comment), Object(WP_REST_Request))
#2 /var/www/html/wp-includes/plugin.php(205): WP_Hook->apply_filters(Object(WP_REST_Response), Array)
#3 /var/www/html/wp-content/plugins/woocommerce/includes/rest-api/Controllers/Version3/class-wc-rest-product-reviews-controller.php(728): apply_filters('woocommerce_res...', Object(WP_REST_Response), Object(WP_Comment), Object(WP_REST_Request))
#4 /var/www/html/wp-content/plugins/woocommerce/includes/rest-api/Controllers/Version3/class-wc-rest-product-reviews-controller.php(312): WC_REST_Product_Reviews_Controller->prepare_item_for_response(Object(WP_Comment), Object(WP_REST_Request))
#5 /var/www/html/wp-includes/rest-api/class-wp-rest-server.php(1181): WC_REST_Product_Reviews_Controller->get_items(Object(WP_REST_Request))
#6 /var/www/html/wp-includes/rest-api/class-wp-rest-server.php(1028): WP_REST_Server->respond_to_request(Object(WP_REST_Request), '/wc/v3/products...', Array, NULL)
#7 /var/www/html/wp-includes/rest-api/class-wp-rest-server.php(442): WP_REST_Server->dispatch(Object(WP_REST_Request))
#8 /var/www/html/wp-includes/rest-api.php(410): WP_REST_Server->serve_request('/wc/v3/products...')
#9 /var/www/html/wp-includes/class-wp-hook.php(308): rest_api_loaded(Object(WP))
#10 /var/www/html/wp-includes/class-wp-hook.php(332): WP_Hook->apply_filters(NULL, Array)
#11 /var/www/html/wp-includes/plugin.php(565): WP_Hook->do_action(Array)
#12 /var/www/html/wp-includes/class-wp.php(399): do_action_ref_array('parse_request', Array)
#13 /var/www/html/wp-includes/class-wp.php(780): WP->parse_request('')
#14 /var/www/html/wp-includes/functions.php(1334): WP->main('')
#15 /var/www/html/wp-blog-header.php(16): wp()
#16 /var/www/html/index.php(17): require('/var/www/html/w...')
#17 {main}
  thrown in /var/www/html/wp-content/themes/public/functions.php on line 369

2023-10-08T03:31:58+00:00 CRITICAL Uncaught TypeError: json_decode(): Argument #1 ($json) must be of type string, array given in /var/www/html/wp-content/themes/public/functions.php:369
Stack trace:
#0 /var/www/html/wp-content/themes/public/functions.php(369): json_decode(Array)
#1 /var/www/html/wp-includes/class-wp-hook.php(308): custom_wc_rest_prepare_product_review(Object(WP_REST_Response), Object(WP_Comment), Object(WP_REST_Request))
#2 /var/www/html/wp-includes/plugin.php(205): WP_Hook->apply_filters(Object(WP_REST_Response), Array)
#3 /var/www/html/wp-content/plugins/woocommerce/includes/rest-api/Controllers/Version3/class-wc-rest-product-reviews-controller.php(728): apply_filters('woocommerce_res...', Object(WP_REST_Response), Object(WP_Comment), Object(WP_REST_Request))
#4 /var/www/html/wp-content/plugins/woocommerce/includes/rest-api/Controllers/Version3/class-wc-rest-product-reviews-controller.php(312): WC_REST_Product_Reviews_Controller->prepare_item_for_response(Object(WP_Comment), Object(WP_REST_Request))
#5 /var/www/html/wp-includes/rest-api/class-wp-rest-server.php(1181): WC_REST_Product_Reviews_Controller->get_items(Object(WP_REST_Request))
#6 /var/www/html/wp-includes/rest-api/class-wp-rest-server.php(1028): WP_REST_Server->respond_to_request(Object(WP_REST_Request), '/wc/v3/products...', Array, NULL)
#7 /var/www/html/wp-includes/rest-api/class-wp-rest-server.php(442): WP_REST_Server->dispatch(Object(WP_REST_Request))
#8 /var/www/html/wp-includes/rest-api.php(410): WP_REST_Server->serve_request('/wc/v3/products...')
#9 /var/www/html/wp-includes/class-wp-hook.php(308): rest_api_loaded(Object(WP))
#10 /var/www/html/wp-includes/class-wp-hook.php(332): WP_Hook->apply_filters(NULL, Array)
#11 /var/www/html/wp-includes/plugin.php(565): WP_Hook->do_action(Array)
#12 /var/www/html/wp-includes/class-wp.php(399): do_action_ref_array('parse_request', Array)
#13 /var/www/html/wp-includes/class-wp.php(780): WP->parse_request('')
#14 /var/www/html/wp-includes/functions.php(1334): WP->main('')
#15 /var/www/html/wp-blog-header.php(16): wp()
#16 /var/www/html/index.php(17): require('/var/www/html/w...')
#17 {main}
  thrown in /var/www/html/wp-content/themes/public/functions.php on line 369

2023-10-08T03:31:58+00:00 CRITICAL Uncaught TypeError: json_decode(): Argument #1 ($json) must be of type string, array given in /var/www/html/wp-content/themes/public/functions.php:369
Stack trace:
#0 /var/www/html/wp-content/themes/public/functions.php(369): json_decode(Array)
#1 /var/www/html/wp-includes/class-wp-hook.php(308): custom_wc_rest_prepare_product_review(Object(WP_REST_Response), Object(WP_Comment), Object(WP_REST_Request))
#2 /var/www/html/wp-includes/plugin.php(205): WP_Hook->apply_filters(Object(WP_REST_Response), Array)
#3 /var/www/html/wp-content/plugins/woocommerce/includes/rest-api/Controllers/Version3/class-wc-rest-product-reviews-controller.php(728): apply_filters('woocommerce_res...', Object(WP_REST_Response), Object(WP_Comment), Object(WP_REST_Request))
#4 /var/www/html/wp-content/plugins/woocommerce/includes/rest-api/Controllers/Version3/class-wc-rest-product-reviews-controller.php(312): WC_REST_Product_Reviews_Controller->prepare_item_for_response(Object(WP_Comment), Object(WP_REST_Request))
#5 /var/www/html/wp-includes/rest-api/class-wp-rest-server.php(1181): WC_REST_Product_Reviews_Controller->get_items(Object(WP_REST_Request))
#6 /var/www/html/wp-includes/rest-api/class-wp-rest-server.php(1028): WP_REST_Server->respond_to_request(Object(WP_REST_Request), '/wc/v3/products...', Array, NULL)
#7 /var/www/html/wp-includes/rest-api/class-wp-rest-server.php(442): WP_REST_Server->dispatch(Object(WP_REST_Request))
#8 /var/www/html/wp-includes/rest-api.php(410): WP_REST_Server->serve_request('/wc/v3/products...')
#9 /var/www/html/wp-includes/class-wp-hook.php(308): rest_api_loaded(Object(WP))
#10 /var/www/html/wp-includes/class-wp-hook.php(332): WP_Hook->apply_filters(NULL, Array)
#11 /var/www/html/wp-includes/plugin.php(565): WP_Hook->do_action(Array)
#12 /var/www/html/wp-includes/class-wp.php(399): do_action_ref_array('parse_request', Array)
#13 /var/www/html/wp-includes/class-wp.php(780): WP->parse_request('')
#14 /var/www/html/wp-includes/functions.php(1334): WP->main('')
#15 /var/www/html/wp-blog-header.php(16): wp()
#16 /var/www/html/index.php(17): require('/var/www/html/w...')
#17 {main}
  thrown in /var/www/html/wp-content/themes/public/functions.php on line 369

2023-10-08T03:31:59+00:00 CRITICAL Uncaught TypeError: json_decode(): Argument #1 ($json) must be of type string, array given in /var/www/html/wp-content/themes/public/functions.php:369
Stack trace:
#0 /var/www/html/wp-content/themes/public/functions.php(369): json_decode(Array)
#1 /var/www/html/wp-includes/class-wp-hook.php(308): custom_wc_rest_prepare_product_review(Object(WP_REST_Response), Object(WP_Comment), Object(WP_REST_Request))
#2 /var/www/html/wp-includes/plugin.php(205): WP_Hook->apply_filters(Object(WP_REST_Response), Array)
#3 /var/www/html/wp-content/plugins/woocommerce/includes/rest-api/Controllers/Version3/class-wc-rest-product-reviews-controller.php(728): apply_filters('woocommerce_res...', Object(WP_REST_Response), Object(WP_Comment), Object(WP_REST_Request))
#4 /var/www/html/wp-content/plugins/woocommerce/includes/rest-api/Controllers/Version3/class-wc-rest-product-reviews-controller.php(312): WC_REST_Product_Reviews_Controller->prepare_item_for_response(Object(WP_Comment), Object(WP_REST_Request))
#5 /var/www/html/wp-includes/rest-api/class-wp-rest-server.php(1181): WC_REST_Product_Reviews_Controller->get_items(Object(WP_REST_Request))
#6 /var/www/html/wp-includes/rest-api/class-wp-rest-server.php(1028): WP_REST_Server->respond_to_request(Object(WP_REST_Request), '/wc/v3/products...', Array, NULL)
#7 /var/www/html/wp-includes/rest-api/class-wp-rest-server.php(442): WP_REST_Server->dispatch(Object(WP_REST_Request))
#8 /var/www/html/wp-includes/rest-api.php(410): WP_REST_Server->serve_request('/wc/v3/products...')
#9 /var/www/html/wp-includes/class-wp-hook.php(308): rest_api_loaded(Object(WP))
#10 /var/www/html/wp-includes/class-wp-hook.php(332): WP_Hook->apply_filters(NULL, Array)
#11 /var/www/html/wp-includes/plugin.php(565): WP_Hook->do_action(Array)
#12 /var/www/html/wp-includes/class-wp.php(399): do_action_ref_array('parse_request', Array)
#13 /var/www/html/wp-includes/class-wp.php(780): WP->parse_request('')
#14 /var/www/html/wp-includes/functions.php(1334): WP->main('')
#15 /var/www/html/wp-blog-header.php(16): wp()
#16 /var/www/html/index.php(17): require('/var/www/html/w...')
#17 {main}
  thrown in /var/www/html/wp-content/themes/public/functions.php on line 369

2023-10-08T03:32:22+00:00 CRITICAL Uncaught TypeError: json_decode(): Argument #1 ($json) must be of type string, array given in /var/www/html/wp-content/themes/public/functions.php:370
Stack trace:
#0 /var/www/html/wp-content/themes/public/functions.php(370): json_decode(Array)
#1 /var/www/html/wp-includes/class-wp-hook.php(308): custom_wc_rest_prepare_product_review(Object(WP_REST_Response), Object(WP_Comment), Object(WP_REST_Request))
#2 /var/www/html/wp-includes/plugin.php(205): WP_Hook->apply_filters(Object(WP_REST_Response), Array)
#3 /var/www/html/wp-content/plugins/woocommerce/includes/rest-api/Controllers/Version3/class-wc-rest-product-reviews-controller.php(728): apply_filters('woocommerce_res...', Object(WP_REST_Response), Object(WP_Comment), Object(WP_REST_Request))
#4 /var/www/html/wp-content/plugins/woocommerce/includes/rest-api/Controllers/Version3/class-wc-rest-product-reviews-controller.php(312): WC_REST_Product_Reviews_Controller->prepare_item_for_response(Object(WP_Comment), Object(WP_REST_Request))
#5 /var/www/html/wp-includes/rest-api/class-wp-rest-server.php(1181): WC_REST_Product_Reviews_Controller->get_items(Object(WP_REST_Request))
#6 /var/www/html/wp-includes/rest-api/class-wp-rest-server.php(1028): WP_REST_Server->respond_to_request(Object(WP_REST_Request), '/wc/v3/products...', Array, NULL)
#7 /var/www/html/wp-includes/rest-api/class-wp-rest-server.php(442): WP_REST_Server->dispatch(Object(WP_REST_Request))
#8 /var/www/html/wp-includes/rest-api.php(410): WP_REST_Server->serve_request('/wc/v3/products...')
#9 /var/www/html/wp-includes/class-wp-hook.php(308): rest_api_loaded(Object(WP))
#10 /var/www/html/wp-includes/class-wp-hook.php(332): WP_Hook->apply_filters(NULL, Array)
#11 /var/www/html/wp-includes/plugin.php(565): WP_Hook->do_action(Array)
#12 /var/www/html/wp-includes/class-wp.php(399): do_action_ref_array('parse_request', Array)
#13 /var/www/html/wp-includes/class-wp.php(780): WP->parse_request('')
#14 /var/www/html/wp-includes/functions.php(1334): WP->main('')
#15 /var/www/html/wp-blog-header.php(16): wp()
#16 /var/www/html/index.php(17): require('/var/www/html/w...')
#17 {main}
  thrown in /var/www/html/wp-content/themes/public/functions.php on line 370

2023-10-08T03:35:35+00:00 CRITICAL Uncaught TypeError: Illegal offset type in isset or empty in /var/www/html/wp-includes/load.php:1760
Stack trace:
#0 /var/www/html/wp-content/themes/public/functions.php(368): wp_is_json_media_type(Array)
#1 /var/www/html/wp-includes/class-wp-hook.php(308): custom_wc_rest_prepare_product_review(Object(WP_REST_Response), Object(WP_Comment), Object(WP_REST_Request))
#2 /var/www/html/wp-includes/plugin.php(205): WP_Hook->apply_filters(Object(WP_REST_Response), Array)
#3 /var/www/html/wp-content/plugins/woocommerce/includes/rest-api/Controllers/Version3/class-wc-rest-product-reviews-controller.php(728): apply_filters('woocommerce_res...', Object(WP_REST_Response), Object(WP_Comment), Object(WP_REST_Request))
#4 /var/www/html/wp-content/plugins/woocommerce/includes/rest-api/Controllers/Version3/class-wc-rest-product-reviews-controller.php(312): WC_REST_Product_Reviews_Controller->prepare_item_for_response(Object(WP_Comment), Object(WP_REST_Request))
#5 /var/www/html/wp-includes/rest-api/class-wp-rest-server.php(1181): WC_REST_Product_Reviews_Controller->get_items(Object(WP_REST_Request))
#6 /var/www/html/wp-includes/rest-api/class-wp-rest-server.php(1028): WP_REST_Server->respond_to_request(Object(WP_REST_Request), '/wc/v3/products...', Array, NULL)
#7 /var/www/html/wp-includes/rest-api/class-wp-rest-server.php(442): WP_REST_Server->dispatch(Object(WP_REST_Request))
#8 /var/www/html/wp-includes/rest-api.php(410): WP_REST_Server->serve_request('/wc/v3/products...')
#9 /var/www/html/wp-includes/class-wp-hook.php(308): rest_api_loaded(Object(WP))
#10 /var/www/html/wp-includes/class-wp-hook.php(332): WP_Hook->apply_filters(NULL, Array)
#11 /var/www/html/wp-includes/plugin.php(565): WP_Hook->do_action(Array)
#12 /var/www/html/wp-includes/class-wp.php(399): do_action_ref_array('parse_request', Array)
#13 /var/www/html/wp-includes/class-wp.php(780): WP->parse_request('')
#14 /var/www/html/wp-includes/functions.php(1334): WP->main('')
#15 /var/www/html/wp-blog-header.php(16): wp()
#16 /var/www/html/index.php(17): require('/var/www/html/w...')
#17 {main}
  thrown in /var/www/html/wp-includes/load.php on line 1760

2023-10-08T03:36:13+00:00 CRITICAL Uncaught TypeError: Illegal offset type in isset or empty in /var/www/html/wp-includes/load.php:1760
Stack trace:
#0 /var/www/html/wp-content/themes/public/functions.php(373): wp_is_json_media_type(Array)
#1 /var/www/html/wp-includes/class-wp-hook.php(308): custom_wc_rest_prepare_product_review(Object(WP_REST_Response), Object(WP_Comment), Object(WP_REST_Request))
#2 /var/www/html/wp-includes/plugin.php(205): WP_Hook->apply_filters(Object(WP_REST_Response), Array)
#3 /var/www/html/wp-content/plugins/woocommerce/includes/rest-api/Controllers/Version3/class-wc-rest-product-reviews-controller.php(728): apply_filters('woocommerce_res...', Object(WP_REST_Response), Object(WP_Comment), Object(WP_REST_Request))
#4 /var/www/html/wp-content/plugins/woocommerce/includes/rest-api/Controllers/Version3/class-wc-rest-product-reviews-controller.php(312): WC_REST_Product_Reviews_Controller->prepare_item_for_response(Object(WP_Comment), Object(WP_REST_Request))
#5 /var/www/html/wp-includes/rest-api/class-wp-rest-server.php(1181): WC_REST_Product_Reviews_Controller->get_items(Object(WP_REST_Request))
#6 /var/www/html/wp-includes/rest-api/class-wp-rest-server.php(1028): WP_REST_Server->respond_to_request(Object(WP_REST_Request), '/wc/v3/products...', Array, NULL)
#7 /var/www/html/wp-includes/rest-api/class-wp-rest-server.php(442): WP_REST_Server->dispatch(Object(WP_REST_Request))
#8 /var/www/html/wp-includes/rest-api.php(410): WP_REST_Server->serve_request('/wc/v3/products...')
#9 /var/www/html/wp-includes/class-wp-hook.php(308): rest_api_loaded(Object(WP))
#10 /var/www/html/wp-includes/class-wp-hook.php(332): WP_Hook->apply_filters(NULL, Array)
#11 /var/www/html/wp-includes/plugin.php(565): WP_Hook->do_action(Array)
#12 /var/www/html/wp-includes/class-wp.php(399): do_action_ref_array('parse_request', Array)
#13 /var/www/html/wp-includes/class-wp.php(780): WP->parse_request('')
#14 /var/www/html/wp-includes/functions.php(1334): WP->main('')
#15 /var/www/html/wp-blog-header.php(16): wp()
#16 /var/www/html/index.php(17): require('/var/www/html/w...')
#17 {main}
  thrown in /var/www/html/wp-includes/load.php on line 1760

2023-10-08T03:36:13+00:00 CRITICAL Uncaught TypeError: Illegal offset type in isset or empty in /var/www/html/wp-includes/load.php:1760
Stack trace:
#0 /var/www/html/wp-content/themes/public/functions.php(373): wp_is_json_media_type(Array)
#1 /var/www/html/wp-includes/class-wp-hook.php(308): custom_wc_rest_prepare_product_review(Object(WP_REST_Response), Object(WP_Comment), Object(WP_REST_Request))
#2 /var/www/html/wp-includes/plugin.php(205): WP_Hook->apply_filters(Object(WP_REST_Response), Array)
#3 /var/www/html/wp-content/plugins/woocommerce/includes/rest-api/Controllers/Version3/class-wc-rest-product-reviews-controller.php(728): apply_filters('woocommerce_res...', Object(WP_REST_Response), Object(WP_Comment), Object(WP_REST_Request))
#4 /var/www/html/wp-content/plugins/woocommerce/includes/rest-api/Controllers/Version3/class-wc-rest-product-reviews-controller.php(312): WC_REST_Product_Reviews_Controller->prepare_item_for_response(Object(WP_Comment), Object(WP_REST_Request))
#5 /var/www/html/wp-includes/rest-api/class-wp-rest-server.php(1181): WC_REST_Product_Reviews_Controller->get_items(Object(WP_REST_Request))
#6 /var/www/html/wp-includes/rest-api/class-wp-rest-server.php(1028): WP_REST_Server->respond_to_request(Object(WP_REST_Request), '/wc/v3/products...', Array, NULL)
#7 /var/www/html/wp-includes/rest-api/class-wp-rest-server.php(442): WP_REST_Server->dispatch(Object(WP_REST_Request))
#8 /var/www/html/wp-includes/rest-api.php(410): WP_REST_Server->serve_request('/wc/v3/products...')
#9 /var/www/html/wp-includes/class-wp-hook.php(308): rest_api_loaded(Object(WP))
#10 /var/www/html/wp-includes/class-wp-hook.php(332): WP_Hook->apply_filters(NULL, Array)
#11 /var/www/html/wp-includes/plugin.php(565): WP_Hook->do_action(Array)
#12 /var/www/html/wp-includes/class-wp.php(399): do_action_ref_array('parse_request', Array)
#13 /var/www/html/wp-includes/class-wp.php(780): WP->parse_request('')
#14 /var/www/html/wp-includes/functions.php(1334): WP->main('')
#15 /var/www/html/wp-blog-header.php(16): wp()
#16 /var/www/html/index.php(17): require('/var/www/html/w...')
#17 {main}
  thrown in /var/www/html/wp-includes/load.php on line 1760

2023-10-08T03:36:32+00:00 CRITICAL Uncaught TypeError: Illegal offset type in isset or empty in /var/www/html/wp-includes/load.php:1760
Stack trace:
#0 /var/www/html/wp-content/themes/public/functions.php(378): wp_is_json_media_type(Array)
#1 /var/www/html/wp-includes/class-wp-hook.php(308): custom_wc_rest_prepare_product_review(Object(WP_REST_Response), Object(WP_Comment), Object(WP_REST_Request))
#2 /var/www/html/wp-includes/plugin.php(205): WP_Hook->apply_filters(Object(WP_REST_Response), Array)
#3 /var/www/html/wp-content/plugins/woocommerce/includes/rest-api/Controllers/Version3/class-wc-rest-product-reviews-controller.php(728): apply_filters('woocommerce_res...', Object(WP_REST_Response), Object(WP_Comment), Object(WP_REST_Request))
#4 /var/www/html/wp-content/plugins/woocommerce/includes/rest-api/Controllers/Version3/class-wc-rest-product-reviews-controller.php(312): WC_REST_Product_Reviews_Controller->prepare_item_for_response(Object(WP_Comment), Object(WP_REST_Request))
#5 /var/www/html/wp-includes/rest-api/class-wp-rest-server.php(1181): WC_REST_Product_Reviews_Controller->get_items(Object(WP_REST_Request))
#6 /var/www/html/wp-includes/rest-api/class-wp-rest-server.php(1028): WP_REST_Server->respond_to_request(Object(WP_REST_Request), '/wc/v3/products...', Array, NULL)
#7 /var/www/html/wp-includes/rest-api/class-wp-rest-server.php(442): WP_REST_Server->dispatch(Object(WP_REST_Request))
#8 /var/www/html/wp-includes/rest-api.php(410): WP_REST_Server->serve_request('/wc/v3/products...')
#9 /var/www/html/wp-includes/class-wp-hook.php(308): rest_api_loaded(Object(WP))
#10 /var/www/html/wp-includes/class-wp-hook.php(332): WP_Hook->apply_filters(NULL, Array)
#11 /var/www/html/wp-includes/plugin.php(565): WP_Hook->do_action(Array)
#12 /var/www/html/wp-includes/class-wp.php(399): do_action_ref_array('parse_request', Array)
#13 /var/www/html/wp-includes/class-wp.php(780): WP->parse_request('')
#14 /var/www/html/wp-includes/functions.php(1334): WP->main('')
#15 /var/www/html/wp-blog-header.php(16): wp()
#16 /var/www/html/index.php(17): require('/var/www/html/w...')
#17 {main}
  thrown in /var/www/html/wp-includes/load.php on line 1760

2023-10-08T03:36:33+00:00 CRITICAL Uncaught TypeError: Illegal offset type in isset or empty in /var/www/html/wp-includes/load.php:1760
Stack trace:
#0 /var/www/html/wp-content/themes/public/functions.php(378): wp_is_json_media_type(Array)
#1 /var/www/html/wp-includes/class-wp-hook.php(308): custom_wc_rest_prepare_product_review(Object(WP_REST_Response), Object(WP_Comment), Object(WP_REST_Request))
#2 /var/www/html/wp-includes/plugin.php(205): WP_Hook->apply_filters(Object(WP_REST_Response), Array)
#3 /var/www/html/wp-content/plugins/woocommerce/includes/rest-api/Controllers/Version3/class-wc-rest-product-reviews-controller.php(728): apply_filters('woocommerce_res...', Object(WP_REST_Response), Object(WP_Comment), Object(WP_REST_Request))
#4 /var/www/html/wp-content/plugins/woocommerce/includes/rest-api/Controllers/Version3/class-wc-rest-product-reviews-controller.php(312): WC_REST_Product_Reviews_Controller->prepare_item_for_response(Object(WP_Comment), Object(WP_REST_Request))
#5 /var/www/html/wp-includes/rest-api/class-wp-rest-server.php(1181): WC_REST_Product_Reviews_Controller->get_items(Object(WP_REST_Request))
#6 /var/www/html/wp-includes/rest-api/class-wp-rest-server.php(1028): WP_REST_Server->respond_to_request(Object(WP_REST_Request), '/wc/v3/products...', Array, NULL)
#7 /var/www/html/wp-includes/rest-api/class-wp-rest-server.php(442): WP_REST_Server->dispatch(Object(WP_REST_Request))
#8 /var/www/html/wp-includes/rest-api.php(410): WP_REST_Server->serve_request('/wc/v3/products...')
#9 /var/www/html/wp-includes/class-wp-hook.php(308): rest_api_loaded(Object(WP))
#10 /var/www/html/wp-includes/class-wp-hook.php(332): WP_Hook->apply_filters(NULL, Array)
#11 /var/www/html/wp-includes/plugin.php(565): WP_Hook->do_action(Array)
#12 /var/www/html/wp-includes/class-wp.php(399): do_action_ref_array('parse_request', Array)
#13 /var/www/html/wp-includes/class-wp.php(780): WP->parse_request('')
#14 /var/www/html/wp-includes/functions.php(1334): WP->main('')
#15 /var/www/html/wp-blog-header.php(16): wp()
#16 /var/www/html/index.php(17): require('/var/www/html/w...')
#17 {main}
  thrown in /var/www/html/wp-includes/load.php on line 1760

2023-10-08T03:36:33+00:00 CRITICAL Uncaught TypeError: Illegal offset type in isset or empty in /var/www/html/wp-includes/load.php:1760
Stack trace:
#0 /var/www/html/wp-content/themes/public/functions.php(378): wp_is_json_media_type(Array)
#1 /var/www/html/wp-includes/class-wp-hook.php(308): custom_wc_rest_prepare_product_review(Object(WP_REST_Response), Object(WP_Comment), Object(WP_REST_Request))
#2 /var/www/html/wp-includes/plugin.php(205): WP_Hook->apply_filters(Object(WP_REST_Response), Array)
#3 /var/www/html/wp-content/plugins/woocommerce/includes/rest-api/Controllers/Version3/class-wc-rest-product-reviews-controller.php(728): apply_filters('woocommerce_res...', Object(WP_REST_Response), Object(WP_Comment), Object(WP_REST_Request))
#4 /var/www/html/wp-content/plugins/woocommerce/includes/rest-api/Controllers/Version3/class-wc-rest-product-reviews-controller.php(312): WC_REST_Product_Reviews_Controller->prepare_item_for_response(Object(WP_Comment), Object(WP_REST_Request))
#5 /var/www/html/wp-includes/rest-api/class-wp-rest-server.php(1181): WC_REST_Product_Reviews_Controller->get_items(Object(WP_REST_Request))
#6 /var/www/html/wp-includes/rest-api/class-wp-rest-server.php(1028): WP_REST_Server->respond_to_request(Object(WP_REST_Request), '/wc/v3/products...', Array, NULL)
#7 /var/www/html/wp-includes/rest-api/class-wp-rest-server.php(442): WP_REST_Server->dispatch(Object(WP_REST_Request))
#8 /var/www/html/wp-includes/rest-api.php(410): WP_REST_Server->serve_request('/wc/v3/products...')
#9 /var/www/html/wp-includes/class-wp-hook.php(308): rest_api_loaded(Object(WP))
#10 /var/www/html/wp-includes/class-wp-hook.php(332): WP_Hook->apply_filters(NULL, Array)
#11 /var/www/html/wp-includes/plugin.php(565): WP_Hook->do_action(Array)
#12 /var/www/html/wp-includes/class-wp.php(399): do_action_ref_array('parse_request', Array)
#13 /var/www/html/wp-includes/class-wp.php(780): WP->parse_request('')
#14 /var/www/html/wp-includes/functions.php(1334): WP->main('')
#15 /var/www/html/wp-blog-header.php(16): wp()
#16 /var/www/html/index.php(17): require('/var/www/html/w...')
#17 {main}
  thrown in /var/www/html/wp-includes/load.php on line 1760

