2023-11-24T06:34:04+00:00 CRITICAL Uncaught Error: Class "YooKassa\Model\NotificationEventType" not found in /var/www/html/wp-content/themes/my-theme/functions.php:22
Stack trace:
#0 /var/www/html/wp-includes/class-wp-hook.php(308): init_func('')
#1 /var/www/html/wp-includes/class-wp-hook.php(332): WP_Hook->apply_filters(NULL, Array)
#2 /var/www/html/wp-includes/plugin.php(517): WP_Hook->do_action(Array)
#3 /var/www/html/wp-settings.php(623): do_action('init')
#4 /var/www/html/wp-config.php(139): require_once('/var/www/html/w...')
#5 /var/www/html/wp-load.php(50): require_once('/var/www/html/w...')
#6 /var/www/html/wp-blog-header.php(13): require_once('/var/www/html/w...')
#7 /var/www/html/index.php(17): require('/var/www/html/w...')
#8 {main}
  thrown in /var/www/html/wp-content/themes/my-theme/functions.php on line 22

2023-11-24T06:34:05+00:00 CRITICAL Uncaught Error: Class "YooKassa\Model\NotificationEventType" not found in /var/www/html/wp-content/themes/my-theme/functions.php:22
Stack trace:
#0 /var/www/html/wp-includes/class-wp-hook.php(308): init_func('')
#1 /var/www/html/wp-includes/class-wp-hook.php(332): WP_Hook->apply_filters(NULL, Array)
#2 /var/www/html/wp-includes/plugin.php(517): WP_Hook->do_action(Array)
#3 /var/www/html/wp-settings.php(623): do_action('init')
#4 /var/www/html/wp-config.php(139): require_once('/var/www/html/w...')
#5 /var/www/html/wp-load.php(50): require_once('/var/www/html/w...')
#6 /var/www/html/wp-blog-header.php(13): require_once('/var/www/html/w...')
#7 /var/www/html/index.php(17): require('/var/www/html/w...')
#8 {main}
  thrown in /var/www/html/wp-content/themes/my-theme/functions.php on line 22

2023-11-24T06:35:14+00:00 CRITICAL Uncaught YooKassa\Common\Exceptions\UnauthorizedException: Authentication by given credentials failed. Error code: invalid_credentials. Parameter name: Authorization. in /var/www/html/wp-content/themes/my-theme/vendor/yoomoney/yookassa-sdk-php/lib/Client/BaseClient.php:360
Stack trace:
#0 /var/www/html/wp-content/themes/my-theme/vendor/yoomoney/yookassa-sdk-php/lib/Client.php(621): YooKassa\Client\BaseClient->handleError(Object(YooKassa\Common\ResponseObject))
#1 /var/www/html/wp-content/themes/my-theme/functions.php(21): YooKassa\Client->addWebhook(Array)
#2 /var/www/html/wp-includes/class-wp-hook.php(308): init_func('')
#3 /var/www/html/wp-includes/class-wp-hook.php(332): WP_Hook->apply_filters(NULL, Array)
#4 /var/www/html/wp-includes/plugin.php(517): WP_Hook->do_action(Array)
#5 /var/www/html/wp-settings.php(623): do_action('init')
#6 /var/www/html/wp-config.php(139): require_once('/var/www/html/w...')
#7 /var/www/html/wp-load.php(50): require_once('/var/www/html/w...')
#8 /var/www/html/wp-admin/admin-ajax.php(22): require_once('/var/www/html/w...')
#9 {main}
  thrown in /var/www/html/wp-content/themes/my-theme/vendor/yoomoney/yookassa-sdk-php/lib/Client/BaseClient.php on line 360

2023-11-24T06:36:08+00:00 CRITICAL Uncaught YooKassa\Common\Exceptions\UnauthorizedException: Authentication by given credentials failed. Error code: invalid_credentials. Parameter name: Authorization. in /var/www/html/wp-content/themes/my-theme/vendor/yoomoney/yookassa-sdk-php/lib/Client/BaseClient.php:360
Stack trace:
#0 /var/www/html/wp-content/themes/my-theme/vendor/yoomoney/yookassa-sdk-php/lib/Client.php(621): YooKassa\Client\BaseClient->handleError(Object(YooKassa\Common\ResponseObject))
#1 /var/www/html/wp-content/themes/my-theme/functions.php(22): YooKassa\Client->addWebhook(Array)
#2 /var/www/html/wp-includes/class-wp-hook.php(308): init_func('')
#3 /var/www/html/wp-includes/class-wp-hook.php(332): WP_Hook->apply_filters(NULL, Array)
#4 /var/www/html/wp-includes/plugin.php(517): WP_Hook->do_action(Array)
#5 /var/www/html/wp-settings.php(623): do_action('init')
#6 /var/www/html/wp-config.php(139): require_once('/var/www/html/w...')
#7 /var/www/html/wp-load.php(50): require_once('/var/www/html/w...')
#8 /var/www/html/wp-blog-header.php(13): require_once('/var/www/html/w...')
#9 /var/www/html/index.php(17): require('/var/www/html/w...')
#10 {main}
  thrown in /var/www/html/wp-content/themes/my-theme/vendor/yoomoney/yookassa-sdk-php/lib/Client/BaseClient.php on line 360

2023-11-24T06:40:29+00:00 CRITICAL Uncaught YooKassa\Common\Exceptions\UnauthorizedException: Authentication type is not allowed. Error code: invalid_credentials. Parameter name: Authorization. in /var/www/html/wp-content/themes/my-theme/vendor/yoomoney/yookassa-sdk-php/lib/Client/BaseClient.php:360
Stack trace:
#0 /var/www/html/wp-content/themes/my-theme/vendor/yoomoney/yookassa-sdk-php/lib/Client.php(621): YooKassa\Client\BaseClient->handleError(Object(YooKassa\Common\ResponseObject))
#1 /var/www/html/wp-content/themes/my-theme/App/Classes/YookassaServise.php(51): YooKassa\Client->addWebhook(Array)
#2 /var/www/html/wp-content/themes/my-theme/functions.php(20): App\Classes\YookassaServise->addWebhook('payment.succeed...')
#3 /var/www/html/wp-includes/class-wp-hook.php(308): init_func('')
#4 /var/www/html/wp-includes/class-wp-hook.php(332): WP_Hook->apply_filters(NULL, Array)
#5 /var/www/html/wp-includes/plugin.php(517): WP_Hook->do_action(Array)
#6 /var/www/html/wp-settings.php(623): do_action('init')
#7 /var/www/html/wp-config.php(139): require_once('/var/www/html/w...')
#8 /var/www/html/wp-load.php(50): require_once('/var/www/html/w...')
#9 /var/www/html/wp-blog-header.php(13): require_once('/var/www/html/w...')
#10 /var/www/html/index.php(17): require('/var/www/html/w...')
#11 {main}
  thrown in /var/www/html/wp-content/themes/my-theme/vendor/yoomoney/yookassa-sdk-php/lib/Client/BaseClient.php on line 360

2023-11-24T06:41:45+00:00 CRITICAL Uncaught YooKassa\Common\Exceptions\UnauthorizedException: Authentication type is not allowed. Error code: invalid_credentials. Parameter name: Authorization. in /var/www/html/wp-content/themes/my-theme/vendor/yoomoney/yookassa-sdk-php/lib/Client/BaseClient.php:360
Stack trace:
#0 /var/www/html/wp-content/themes/my-theme/vendor/yoomoney/yookassa-sdk-php/lib/Client.php(621): YooKassa\Client\BaseClient->handleError(Object(YooKassa\Common\ResponseObject))
#1 /var/www/html/wp-content/themes/my-theme/App/Classes/YookassaServise.php(51): YooKassa\Client->addWebhook(Array)
#2 /var/www/html/wp-content/themes/my-theme/functions.php(20): App\Classes\YookassaServise->addWebhook('payment.succeed...')
#3 /var/www/html/wp-includes/class-wp-hook.php(308): init_func('')
#4 /var/www/html/wp-includes/class-wp-hook.php(332): WP_Hook->apply_filters(NULL, Array)
#5 /var/www/html/wp-includes/plugin.php(517): WP_Hook->do_action(Array)
#6 /var/www/html/wp-settings.php(623): do_action('init')
#7 /var/www/html/wp-config.php(139): require_once('/var/www/html/w...')
#8 /var/www/html/wp-load.php(50): require_once('/var/www/html/w...')
#9 /var/www/html/wp-blog-header.php(13): require_once('/var/www/html/w...')
#10 /var/www/html/index.php(17): require('/var/www/html/w...')
#11 {main}
  thrown in /var/www/html/wp-content/themes/my-theme/vendor/yoomoney/yookassa-sdk-php/lib/Client/BaseClient.php on line 360

2023-11-24T06:43:41+00:00 CRITICAL Uncaught YooKassa\Common\Exceptions\UnauthorizedException: OAuth-token is invalid or expired. Error code: invalid_credentials. in /var/www/html/wp-content/themes/my-theme/vendor/yoomoney/yookassa-sdk-php/lib/Client/BaseClient.php:360
Stack trace:
#0 /var/www/html/wp-content/themes/my-theme/vendor/yoomoney/yookassa-sdk-php/lib/Client.php(621): YooKassa\Client\BaseClient->handleError(Object(YooKassa\Common\ResponseObject))
#1 /var/www/html/wp-content/themes/my-theme/App/Classes/YookassaServise.php(52): YooKassa\Client->addWebhook(Array)
#2 /var/www/html/wp-content/themes/my-theme/functions.php(20): App\Classes\YookassaServise->addWebhook('payment.succeed...')
#3 /var/www/html/wp-includes/class-wp-hook.php(308): init_func('')
#4 /var/www/html/wp-includes/class-wp-hook.php(332): WP_Hook->apply_filters(NULL, Array)
#5 /var/www/html/wp-includes/plugin.php(517): WP_Hook->do_action(Array)
#6 /var/www/html/wp-settings.php(623): do_action('init')
#7 /var/www/html/wp-config.php(139): require_once('/var/www/html/w...')
#8 /var/www/html/wp-load.php(50): require_once('/var/www/html/w...')
#9 /var/www/html/wp-blog-header.php(13): require_once('/var/www/html/w...')
#10 /var/www/html/index.php(17): require('/var/www/html/w...')
#11 {main}
  thrown in /var/www/html/wp-content/themes/my-theme/vendor/yoomoney/yookassa-sdk-php/lib/Client/BaseClient.php on line 360

2023-11-24T06:43:43+00:00 CRITICAL Uncaught YooKassa\Common\Exceptions\UnauthorizedException: OAuth-token is invalid or expired. Error code: invalid_credentials. in /var/www/html/wp-content/themes/my-theme/vendor/yoomoney/yookassa-sdk-php/lib/Client/BaseClient.php:360
Stack trace:
#0 /var/www/html/wp-content/themes/my-theme/vendor/yoomoney/yookassa-sdk-php/lib/Client.php(621): YooKassa\Client\BaseClient->handleError(Object(YooKassa\Common\ResponseObject))
#1 /var/www/html/wp-content/themes/my-theme/App/Classes/YookassaServise.php(52): YooKassa\Client->addWebhook(Array)
#2 /var/www/html/wp-content/themes/my-theme/functions.php(20): App\Classes\YookassaServise->addWebhook('payment.succeed...')
#3 /var/www/html/wp-includes/class-wp-hook.php(308): init_func('')
#4 /var/www/html/wp-includes/class-wp-hook.php(332): WP_Hook->apply_filters(NULL, Array)
#5 /var/www/html/wp-includes/plugin.php(517): WP_Hook->do_action(Array)
#6 /var/www/html/wp-settings.php(623): do_action('init')
#7 /var/www/html/wp-config.php(139): require_once('/var/www/html/w...')
#8 /var/www/html/wp-load.php(50): require_once('/var/www/html/w...')
#9 /var/www/html/wp-blog-header.php(13): require_once('/var/www/html/w...')
#10 /var/www/html/index.php(17): require('/var/www/html/w...')
#11 {main}
  thrown in /var/www/html/wp-content/themes/my-theme/vendor/yoomoney/yookassa-sdk-php/lib/Client/BaseClient.php on line 360

2023-11-24T06:44:48+00:00 CRITICAL Uncaught YooKassa\Common\Exceptions\UnauthorizedException: Authentication by given credentials failed. Error code: invalid_credentials. Parameter name: Authorization. in /var/www/html/wp-content/themes/my-theme/vendor/yoomoney/yookassa-sdk-php/lib/Client/BaseClient.php:360
Stack trace:
#0 /var/www/html/wp-content/themes/my-theme/vendor/yoomoney/yookassa-sdk-php/lib/Client.php(621): YooKassa\Client\BaseClient->handleError(Object(YooKassa\Common\ResponseObject))
#1 /var/www/html/wp-content/themes/my-theme/App/Classes/YookassaServise.php(57): YooKassa\Client->addWebhook(Array)
#2 /var/www/html/wp-content/themes/my-theme/functions.php(20): App\Classes\YookassaServise->addWebhook('payment.succeed...')
#3 /var/www/html/wp-includes/class-wp-hook.php(308): init_func('')
#4 /var/www/html/wp-includes/class-wp-hook.php(332): WP_Hook->apply_filters(NULL, Array)
#5 /var/www/html/wp-includes/plugin.php(517): WP_Hook->do_action(Array)
#6 /var/www/html/wp-settings.php(623): do_action('init')
#7 /var/www/html/wp-config.php(139): require_once('/var/www/html/w...')
#8 /var/www/html/wp-load.php(50): require_once('/var/www/html/w...')
#9 /var/www/html/wp-blog-header.php(13): require_once('/var/www/html/w...')
#10 /var/www/html/index.php(17): require('/var/www/html/w...')
#11 {main}
  thrown in /var/www/html/wp-content/themes/my-theme/vendor/yoomoney/yookassa-sdk-php/lib/Client/BaseClient.php on line 360

