2023-10-15T05:39:12+00:00 CRITICAL Cannot redeclare add_custom_fields_to_wc_comment() (previously declared in /var/www/html/wp-content/themes/my-theme/functions.php:28) in /var/www/html/wp-content/themes/my-theme/restFilters.php on line 7

2023-10-15T05:39:12+00:00 CRITICAL Cannot redeclare add_custom_fields_to_wc_comment() (previously declared in /var/www/html/wp-content/themes/my-theme/functions.php:28) in /var/www/html/wp-content/themes/my-theme/restFilters.php on line 7

2023-10-15T06:41:44+00:00 CRITICAL Uncaught TypeError: hash_equals(): Argument #1 ($known_string) must be of type string, null given in /var/www/html/wp-includes/pluggable.php:2555
Stack trace:
#0 /var/www/html/wp-includes/pluggable.php(2555): hash_equals(NULL, '372f00c45891f72...')
#1 /var/www/html/wp-content/themes/my-theme/routes.php(226): wp_check_password('alex@geraldisri...', NULL)
#2 /var/www/html/wp-includes/rest-api/class-wp-rest-server.php(1187): authCallback(Object(WP_REST_Request))
#3 /var/www/html/wp-includes/rest-api/class-wp-rest-server.php(1034): WP_REST_Server->respond_to_request(Object(WP_REST_Request), '/wp/v2/auth_rou...', Array, NULL)
#4 /var/www/html/wp-includes/rest-api/class-wp-rest-server.php(426): WP_REST_Server->dispatch(Object(WP_REST_Request))
#5 /var/www/html/wp-includes/rest-api.php(410): WP_REST_Server->serve_request('/wp/v2/auth_rou...')
#6 /var/www/html/wp-includes/class-wp-hook.php(308): rest_api_loaded(Object(WP))
#7 /var/www/html/wp-includes/class-wp-hook.php(332): WP_Hook->apply_filters(NULL, Array)
#8 /var/www/html/wp-includes/plugin.php(565): WP_Hook->do_action(Array)
#9 /var/www/html/wp-includes/class-wp.php(399): do_action_ref_array('parse_request', Array)
#10 /var/www/html/wp-includes/class-wp.php(780): WP->parse_request('')
#11 /var/www/html/wp-includes/functions.php(1334): WP->main('')
#12 /var/www/html/wp-blog-header.php(16): wp()
#13 /var/www/html/index.php(17): require('/var/www/html/w...')
#14 {main}
  thrown in /var/www/html/wp-includes/pluggable.php on line 2555

2023-10-15T06:44:14+00:00 CRITICAL Uncaught TypeError: hash_equals(): Argument #1 ($known_string) must be of type string, null given in /var/www/html/wp-includes/pluggable.php:2555
Stack trace:
#0 /var/www/html/wp-includes/pluggable.php(2555): hash_equals(NULL, '372f00c45891f72...')
#1 /var/www/html/wp-content/themes/my-theme/routes.php(226): wp_check_password('alex@geraldisri...', NULL)
#2 /var/www/html/wp-includes/rest-api/class-wp-rest-server.php(1187): authCallback(Object(WP_REST_Request))
#3 /var/www/html/wp-includes/rest-api/class-wp-rest-server.php(1034): WP_REST_Server->respond_to_request(Object(WP_REST_Request), '/wp/v2/auth_rou...', Array, NULL)
#4 /var/www/html/wp-includes/rest-api/class-wp-rest-server.php(426): WP_REST_Server->dispatch(Object(WP_REST_Request))
#5 /var/www/html/wp-includes/rest-api.php(410): WP_REST_Server->serve_request('/wp/v2/auth_rou...')
#6 /var/www/html/wp-includes/class-wp-hook.php(308): rest_api_loaded(Object(WP))
#7 /var/www/html/wp-includes/class-wp-hook.php(332): WP_Hook->apply_filters(NULL, Array)
#8 /var/www/html/wp-includes/plugin.php(565): WP_Hook->do_action(Array)
#9 /var/www/html/wp-includes/class-wp.php(399): do_action_ref_array('parse_request', Array)
#10 /var/www/html/wp-includes/class-wp.php(780): WP->parse_request('')
#11 /var/www/html/wp-includes/functions.php(1334): WP->main('')
#12 /var/www/html/wp-blog-header.php(16): wp()
#13 /var/www/html/index.php(17): require('/var/www/html/w...')
#14 {main}
  thrown in /var/www/html/wp-includes/pluggable.php on line 2555

2023-10-15T10:20:22+00:00 CRITICAL Cannot redeclare authCallback() (previously declared in /var/www/html/wp-content/themes/my-theme/routes.php:229) in /var/www/html/wp-content/themes/my-theme/routes.php on line 265

2023-10-15T10:27:42+00:00 CRITICAL Uncaught Error: Call to undefined method wpdb::querry() in /var/www/html/wp-content/themes/my-theme/Classes/Session.php:25
Stack trace:
#0 /var/www/html/wp-content/themes/my-theme/routes.php(236): Session::init()
#1 /var/www/html/wp-includes/rest-api/class-wp-rest-server.php(1187): addSessionDataCallback(Object(WP_REST_Request))
#2 /var/www/html/wp-includes/rest-api/class-wp-rest-server.php(1034): WP_REST_Server->respond_to_request(Object(WP_REST_Request), '/wp/v2/addSessi...', Array, NULL)
#3 /var/www/html/wp-includes/rest-api/class-wp-rest-server.php(426): WP_REST_Server->dispatch(Object(WP_REST_Request))
#4 /var/www/html/wp-includes/rest-api.php(410): WP_REST_Server->serve_request('/wp/v2/addSessi...')
#5 /var/www/html/wp-includes/class-wp-hook.php(308): rest_api_loaded(Object(WP))
#6 /var/www/html/wp-includes/class-wp-hook.php(332): WP_Hook->apply_filters(NULL, Array)
#7 /var/www/html/wp-includes/plugin.php(565): WP_Hook->do_action(Array)
#8 /var/www/html/wp-includes/class-wp.php(399): do_action_ref_array('parse_request', Array)
#9 /var/www/html/wp-includes/class-wp.php(780): WP->parse_request('')
#10 /var/www/html/wp-includes/functions.php(1334): WP->main('')
#11 /var/www/html/wp-blog-header.php(16): wp()
#12 /var/www/html/index.php(17): require('/var/www/html/w...')
#13 {main}
  thrown in /var/www/html/wp-content/themes/my-theme/Classes/Session.php on line 25

2023-10-15T10:29:35+00:00 CRITICAL Uncaught Error: Call to undefined method wpdb::querry() in /var/www/html/wp-content/themes/my-theme/Classes/Session.php:25
Stack trace:
#0 /var/www/html/wp-content/themes/my-theme/functions.php(7): Session::init()
#1 /var/www/html/wp-includes/class-wp-hook.php(308): init('')
#2 /var/www/html/wp-includes/class-wp-hook.php(332): WP_Hook->apply_filters(NULL, Array)
#3 /var/www/html/wp-includes/plugin.php(517): WP_Hook->do_action(Array)
#4 /var/www/html/wp-settings.php(623): do_action('init')
#5 /var/www/html/wp-config.php(96): require_once('/var/www/html/w...')
#6 /var/www/html/wp-load.php(50): require_once('/var/www/html/w...')
#7 /var/www/html/wp-blog-header.php(13): require_once('/var/www/html/w...')
#8 /var/www/html/index.php(17): require('/var/www/html/w...')
#9 {main}
  thrown in /var/www/html/wp-content/themes/my-theme/Classes/Session.php on line 25

2023-10-15T10:29:35+00:00 CRITICAL Uncaught Error: Call to undefined method wpdb::querry() in /var/www/html/wp-content/themes/my-theme/Classes/Session.php:25
Stack trace:
#0 /var/www/html/wp-content/themes/my-theme/functions.php(7): Session::init()
#1 /var/www/html/wp-includes/class-wp-hook.php(308): init('')
#2 /var/www/html/wp-includes/class-wp-hook.php(332): WP_Hook->apply_filters(NULL, Array)
#3 /var/www/html/wp-includes/plugin.php(517): WP_Hook->do_action(Array)
#4 /var/www/html/wp-settings.php(623): do_action('init')
#5 /var/www/html/wp-config.php(96): require_once('/var/www/html/w...')
#6 /var/www/html/wp-load.php(50): require_once('/var/www/html/w...')
#7 /var/www/html/wp-blog-header.php(13): require_once('/var/www/html/w...')
#8 /var/www/html/index.php(17): require('/var/www/html/w...')
#9 {main}
  thrown in /var/www/html/wp-content/themes/my-theme/Classes/Session.php on line 25

2023-10-15T10:29:35+00:00 CRITICAL Uncaught Error: Call to undefined method wpdb::querry() in /var/www/html/wp-content/themes/my-theme/Classes/Session.php:25
Stack trace:
#0 /var/www/html/wp-content/themes/my-theme/functions.php(7): Session::init()
#1 /var/www/html/wp-includes/class-wp-hook.php(308): init('')
#2 /var/www/html/wp-includes/class-wp-hook.php(332): WP_Hook->apply_filters(NULL, Array)
#3 /var/www/html/wp-includes/plugin.php(517): WP_Hook->do_action(Array)
#4 /var/www/html/wp-settings.php(623): do_action('init')
#5 /var/www/html/wp-config.php(96): require_once('/var/www/html/w...')
#6 /var/www/html/wp-load.php(50): require_once('/var/www/html/w...')
#7 /var/www/html/wp-blog-header.php(13): require_once('/var/www/html/w...')
#8 /var/www/html/index.php(17): require('/var/www/html/w...')
#9 {main}
  thrown in /var/www/html/wp-content/themes/my-theme/Classes/Session.php on line 25

2023-10-15T10:30:03+00:00 CRITICAL Uncaught Error: Call to undefined method wpdb::querry() in /var/www/html/wp-content/themes/my-theme/Classes/Session.php:25
Stack trace:
#0 /var/www/html/wp-content/themes/my-theme/functions.php(7): Session::init()
#1 /var/www/html/wp-includes/class-wp-hook.php(308): init('')
#2 /var/www/html/wp-includes/class-wp-hook.php(332): WP_Hook->apply_filters(NULL, Array)
#3 /var/www/html/wp-includes/plugin.php(517): WP_Hook->do_action(Array)
#4 /var/www/html/wp-settings.php(623): do_action('init')
#5 /var/www/html/wp-config.php(96): require_once('/var/www/html/w...')
#6 /var/www/html/wp-load.php(50): require_once('/var/www/html/w...')
#7 /var/www/html/wp-blog-header.php(13): require_once('/var/www/html/w...')
#8 /var/www/html/index.php(17): require('/var/www/html/w...')
#9 {main}
  thrown in /var/www/html/wp-content/themes/my-theme/Classes/Session.php on line 25

2023-10-15T10:52:27+00:00 CRITICAL Uncaught Error: Cannot use object of type stdClass as array in /var/www/html/wp-content/themes/my-theme/Classes/Session.php:52
Stack trace:
#0 /var/www/html/wp-content/themes/my-theme/functions.php(8): Session::add('hello', 'world')
#1 /var/www/html/wp-includes/class-wp-hook.php(308): init('')
#2 /var/www/html/wp-includes/class-wp-hook.php(332): WP_Hook->apply_filters(NULL, Array)
#3 /var/www/html/wp-includes/plugin.php(517): WP_Hook->do_action(Array)
#4 /var/www/html/wp-settings.php(623): do_action('init')
#5 /var/www/html/wp-config.php(96): require_once('/var/www/html/w...')
#6 /var/www/html/wp-load.php(50): require_once('/var/www/html/w...')
#7 /var/www/html/wp-blog-header.php(13): require_once('/var/www/html/w...')
#8 /var/www/html/index.php(17): require('/var/www/html/w...')
#9 {main}
  thrown in /var/www/html/wp-content/themes/my-theme/Classes/Session.php on line 52

2023-10-15T10:52:57+00:00 CRITICAL syntax error, unexpected token "return", expecting "," or ";" in /var/www/html/wp-content/themes/my-theme/Classes/Session.php on line 34

2023-10-15T10:53:02+00:00 CRITICAL Uncaught Error: Cannot use object of type stdClass as array in /var/www/html/wp-content/themes/my-theme/Classes/Session.php:51
Stack trace:
#0 /var/www/html/wp-content/themes/my-theme/functions.php(8): Session::add('hello', 'world')
#1 /var/www/html/wp-includes/class-wp-hook.php(308): init('')
#2 /var/www/html/wp-includes/class-wp-hook.php(332): WP_Hook->apply_filters(NULL, Array)
#3 /var/www/html/wp-includes/plugin.php(517): WP_Hook->do_action(Array)
#4 /var/www/html/wp-settings.php(623): do_action('init')
#5 /var/www/html/wp-config.php(96): require_once('/var/www/html/w...')
#6 /var/www/html/wp-load.php(50): require_once('/var/www/html/w...')
#7 /var/www/html/wp-blog-header.php(13): require_once('/var/www/html/w...')
#8 /var/www/html/index.php(17): require('/var/www/html/w...')
#9 {main}
  thrown in /var/www/html/wp-content/themes/my-theme/Classes/Session.php on line 51

2023-10-15T11:15:29+00:00 CRITICAL Uncaught Error: Cannot use object of type stdClass as array in /var/www/html/wp-content/themes/my-theme/Classes/Session.php:49
Stack trace:
#0 /var/www/html/wp-content/themes/my-theme/functions.php(8): Session::add('hello', 'world')
#1 /var/www/html/wp-includes/class-wp-hook.php(308): init('')
#2 /var/www/html/wp-includes/class-wp-hook.php(332): WP_Hook->apply_filters(NULL, Array)
#3 /var/www/html/wp-includes/plugin.php(517): WP_Hook->do_action(Array)
#4 /var/www/html/wp-settings.php(623): do_action('init')
#5 /var/www/html/wp-config.php(96): require_once('/var/www/html/w...')
#6 /var/www/html/wp-load.php(50): require_once('/var/www/html/w...')
#7 /var/www/html/wp-blog-header.php(13): require_once('/var/www/html/w...')
#8 /var/www/html/index.php(17): require('/var/www/html/w...')
#9 {main}
  thrown in /var/www/html/wp-content/themes/my-theme/Classes/Session.php on line 49

2023-10-15T11:58:24+00:00 CRITICAL Uncaught Error: Failed opening required '/var/www/html/wp-content/themes/my-theme/Facades/Classes/Session.php' (include_path='.:/usr/local/lib/php') in /var/www/html/wp-content/themes/my-theme/Facades/Session.php:2
Stack trace:
#0 /var/www/html/wp-content/themes/my-theme/functions.php(3): require_once()
#1 /var/www/html/wp-settings.php(591): include('/var/www/html/w...')
#2 /var/www/html/wp-config.php(96): require_once('/var/www/html/w...')
#3 /var/www/html/wp-load.php(50): require_once('/var/www/html/w...')
#4 /var/www/html/wp-blog-header.php(13): require_once('/var/www/html/w...')
#5 /var/www/html/index.php(17): require('/var/www/html/w...')
#6 {main}
  thrown in /var/www/html/wp-content/themes/my-theme/Facades/Session.php on line 2

2023-10-15T11:58:30+00:00 CRITICAL Uncaught Error: Failed opening required '/var/www/html/wp-content/themes/my-theme/Facades/Classes/Session.php' (include_path='.:/usr/local/lib/php') in /var/www/html/wp-content/themes/my-theme/Facades/Session.php:2
Stack trace:
#0 /var/www/html/wp-content/themes/my-theme/functions.php(3): require_once()
#1 /var/www/html/wp-settings.php(591): include('/var/www/html/w...')
#2 /var/www/html/wp-config.php(96): require_once('/var/www/html/w...')
#3 /var/www/html/wp-load.php(50): require_once('/var/www/html/w...')
#4 /var/www/html/wp-blog-header.php(13): require_once('/var/www/html/w...')
#5 /var/www/html/index.php(17): require('/var/www/html/w...')
#6 {main}
  thrown in /var/www/html/wp-content/themes/my-theme/Facades/Session.php on line 2

2023-10-15T11:58:31+00:00 CRITICAL Uncaught Error: Failed opening required '/var/www/html/wp-content/themes/my-theme/Facades/Classes/Session.php' (include_path='.:/usr/local/lib/php') in /var/www/html/wp-content/themes/my-theme/Facades/Session.php:2
Stack trace:
#0 /var/www/html/wp-content/themes/my-theme/functions.php(3): require_once()
#1 /var/www/html/wp-settings.php(591): include('/var/www/html/w...')
#2 /var/www/html/wp-config.php(96): require_once('/var/www/html/w...')
#3 /var/www/html/wp-load.php(50): require_once('/var/www/html/w...')
#4 /var/www/html/wp-blog-header.php(13): require_once('/var/www/html/w...')
#5 /var/www/html/index.php(17): require('/var/www/html/w...')
#6 {main}
  thrown in /var/www/html/wp-content/themes/my-theme/Facades/Session.php on line 2

2023-10-15T11:58:31+00:00 CRITICAL Uncaught Error: Failed opening required '/var/www/html/wp-content/themes/my-theme/Facades/Classes/Session.php' (include_path='.:/usr/local/lib/php') in /var/www/html/wp-content/themes/my-theme/Facades/Session.php:2
Stack trace:
#0 /var/www/html/wp-content/themes/my-theme/functions.php(3): require_once()
#1 /var/www/html/wp-settings.php(591): include('/var/www/html/w...')
#2 /var/www/html/wp-config.php(96): require_once('/var/www/html/w...')
#3 /var/www/html/wp-load.php(50): require_once('/var/www/html/w...')
#4 /var/www/html/wp-blog-header.php(13): require_once('/var/www/html/w...')
#5 /var/www/html/index.php(17): require('/var/www/html/w...')
#6 {main}
  thrown in /var/www/html/wp-content/themes/my-theme/Facades/Session.php on line 2

2023-10-15T11:58:32+00:00 CRITICAL Uncaught Error: Failed opening required '/var/www/html/wp-content/themes/my-theme/Facades/Classes/Session.php' (include_path='.:/usr/local/lib/php') in /var/www/html/wp-content/themes/my-theme/Facades/Session.php:2
Stack trace:
#0 /var/www/html/wp-content/themes/my-theme/functions.php(3): require_once()
#1 /var/www/html/wp-settings.php(591): include('/var/www/html/w...')
#2 /var/www/html/wp-config.php(96): require_once('/var/www/html/w...')
#3 /var/www/html/wp-load.php(50): require_once('/var/www/html/w...')
#4 /var/www/html/wp-blog-header.php(13): require_once('/var/www/html/w...')
#5 /var/www/html/index.php(17): require('/var/www/html/w...')
#6 {main}
  thrown in /var/www/html/wp-content/themes/my-theme/Facades/Session.php on line 2

2023-10-15T11:58:33+00:00 CRITICAL Uncaught Error: Failed opening required '/var/www/html/wp-content/themes/my-theme/Facades/Classes/Session.php' (include_path='.:/usr/local/lib/php') in /var/www/html/wp-content/themes/my-theme/Facades/Session.php:2
Stack trace:
#0 /var/www/html/wp-content/themes/my-theme/functions.php(3): require_once()
#1 /var/www/html/wp-settings.php(591): include('/var/www/html/w...')
#2 /var/www/html/wp-config.php(96): require_once('/var/www/html/w...')
#3 /var/www/html/wp-load.php(50): require_once('/var/www/html/w...')
#4 /var/www/html/wp-blog-header.php(13): require_once('/var/www/html/w...')
#5 /var/www/html/index.php(17): require('/var/www/html/w...')
#6 {main}
  thrown in /var/www/html/wp-content/themes/my-theme/Facades/Session.php on line 2

2023-10-15T11:58:33+00:00 CRITICAL Uncaught Error: Failed opening required '/var/www/html/wp-content/themes/my-theme/Facades/Classes/Session.php' (include_path='.:/usr/local/lib/php') in /var/www/html/wp-content/themes/my-theme/Facades/Session.php:2
Stack trace:
#0 /var/www/html/wp-content/themes/my-theme/functions.php(3): require_once()
#1 /var/www/html/wp-settings.php(591): include('/var/www/html/w...')
#2 /var/www/html/wp-config.php(96): require_once('/var/www/html/w...')
#3 /var/www/html/wp-load.php(50): require_once('/var/www/html/w...')
#4 /var/www/html/wp-blog-header.php(13): require_once('/var/www/html/w...')
#5 /var/www/html/index.php(17): require('/var/www/html/w...')
#6 {main}
  thrown in /var/www/html/wp-content/themes/my-theme/Facades/Session.php on line 2

2023-10-15T11:58:34+00:00 CRITICAL Uncaught Error: Failed opening required '/var/www/html/wp-content/themes/my-theme/Facades/Classes/Session.php' (include_path='.:/usr/local/lib/php') in /var/www/html/wp-content/themes/my-theme/Facades/Session.php:2
Stack trace:
#0 /var/www/html/wp-content/themes/my-theme/functions.php(3): require_once()
#1 /var/www/html/wp-settings.php(591): include('/var/www/html/w...')
#2 /var/www/html/wp-config.php(96): require_once('/var/www/html/w...')
#3 /var/www/html/wp-load.php(50): require_once('/var/www/html/w...')
#4 /var/www/html/wp-blog-header.php(13): require_once('/var/www/html/w...')
#5 /var/www/html/index.php(17): require('/var/www/html/w...')
#6 {main}
  thrown in /var/www/html/wp-content/themes/my-theme/Facades/Session.php on line 2

2023-10-15T11:58:35+00:00 CRITICAL Uncaught Error: Failed opening required '/var/www/html/wp-content/themes/my-theme/Facades/Classes/Session.php' (include_path='.:/usr/local/lib/php') in /var/www/html/wp-content/themes/my-theme/Facades/Session.php:2
Stack trace:
#0 /var/www/html/wp-content/themes/my-theme/functions.php(3): require_once()
#1 /var/www/html/wp-settings.php(591): include('/var/www/html/w...')
#2 /var/www/html/wp-config.php(96): require_once('/var/www/html/w...')
#3 /var/www/html/wp-load.php(50): require_once('/var/www/html/w...')
#4 /var/www/html/wp-blog-header.php(13): require_once('/var/www/html/w...')
#5 /var/www/html/index.php(17): require('/var/www/html/w...')
#6 {main}
  thrown in /var/www/html/wp-content/themes/my-theme/Facades/Session.php on line 2

2023-10-15T11:58:36+00:00 CRITICAL Uncaught Error: Failed opening required '/var/www/html/wp-content/themes/my-theme/Facades/Classes/Session.php' (include_path='.:/usr/local/lib/php') in /var/www/html/wp-content/themes/my-theme/Facades/Session.php:2
Stack trace:
#0 /var/www/html/wp-content/themes/my-theme/functions.php(3): require_once()
#1 /var/www/html/wp-settings.php(591): include('/var/www/html/w...')
#2 /var/www/html/wp-config.php(96): require_once('/var/www/html/w...')
#3 /var/www/html/wp-load.php(50): require_once('/var/www/html/w...')
#4 /var/www/html/wp-blog-header.php(13): require_once('/var/www/html/w...')
#5 /var/www/html/index.php(17): require('/var/www/html/w...')
#6 {main}
  thrown in /var/www/html/wp-content/themes/my-theme/Facades/Session.php on line 2

2023-10-15T11:58:38+00:00 CRITICAL Uncaught Error: Failed opening required '/var/www/html/wp-content/themes/my-theme/Facades/Classes/Session.php' (include_path='.:/usr/local/lib/php') in /var/www/html/wp-content/themes/my-theme/Facades/Session.php:2
Stack trace:
#0 /var/www/html/wp-content/themes/my-theme/functions.php(3): require_once()
#1 /var/www/html/wp-settings.php(591): include('/var/www/html/w...')
#2 /var/www/html/wp-config.php(96): require_once('/var/www/html/w...')
#3 /var/www/html/wp-load.php(50): require_once('/var/www/html/w...')
#4 /var/www/html/wp-blog-header.php(13): require_once('/var/www/html/w...')
#5 /var/www/html/index.php(17): require('/var/www/html/w...')
#6 {main}
  thrown in /var/www/html/wp-content/themes/my-theme/Facades/Session.php on line 2

2023-10-15T11:58:40+00:00 CRITICAL Uncaught Error: Failed opening required '/var/www/html/wp-content/themes/my-theme/Facades/Classes/Session.php' (include_path='.:/usr/local/lib/php') in /var/www/html/wp-content/themes/my-theme/Facades/Session.php:2
Stack trace:
#0 /var/www/html/wp-content/themes/my-theme/functions.php(3): require_once()
#1 /var/www/html/wp-settings.php(591): include('/var/www/html/w...')
#2 /var/www/html/wp-config.php(96): require_once('/var/www/html/w...')
#3 /var/www/html/wp-load.php(50): require_once('/var/www/html/w...')
#4 /var/www/html/wp-blog-header.php(13): require_once('/var/www/html/w...')
#5 /var/www/html/index.php(17): require('/var/www/html/w...')
#6 {main}
  thrown in /var/www/html/wp-content/themes/my-theme/Facades/Session.php on line 2

2023-10-15T11:59:17+00:00 CRITICAL Uncaught Error: Failed opening required '/var/www/html/wp-content/themes/my-theme/Facades../Classes/Session.php' (include_path='.:/usr/local/lib/php') in /var/www/html/wp-content/themes/my-theme/Facades/Session.php:2
Stack trace:
#0 /var/www/html/wp-content/themes/my-theme/functions.php(3): require_once()
#1 /var/www/html/wp-settings.php(591): include('/var/www/html/w...')
#2 /var/www/html/wp-config.php(96): require_once('/var/www/html/w...')
#3 /var/www/html/wp-load.php(50): require_once('/var/www/html/w...')
#4 /var/www/html/wp-blog-header.php(13): require_once('/var/www/html/w...')
#5 /var/www/html/index.php(17): require('/var/www/html/w...')
#6 {main}
  thrown in /var/www/html/wp-content/themes/my-theme/Facades/Session.php on line 2

2023-10-15T11:59:26+00:00 CRITICAL Uncaught Error: Failed opening required '../Classes/Session.php' (include_path='.:/usr/local/lib/php') in /var/www/html/wp-content/themes/my-theme/Facades/Session.php:2
Stack trace:
#0 /var/www/html/wp-content/themes/my-theme/functions.php(3): require_once()
#1 /var/www/html/wp-settings.php(591): include('/var/www/html/w...')
#2 /var/www/html/wp-config.php(96): require_once('/var/www/html/w...')
#3 /var/www/html/wp-load.php(50): require_once('/var/www/html/w...')
#4 /var/www/html/wp-blog-header.php(13): require_once('/var/www/html/w...')
#5 /var/www/html/index.php(17): require('/var/www/html/w...')
#6 {main}
  thrown in /var/www/html/wp-content/themes/my-theme/Facades/Session.php on line 2

2023-10-15T11:59:48+00:00 CRITICAL Uncaught Error: Failed opening required './../Classes/Session.php' (include_path='.:/usr/local/lib/php') in /var/www/html/wp-content/themes/my-theme/Facades/Session.php:2
Stack trace:
#0 /var/www/html/wp-content/themes/my-theme/functions.php(3): require_once()
#1 /var/www/html/wp-settings.php(591): include('/var/www/html/w...')
#2 /var/www/html/wp-config.php(96): require_once('/var/www/html/w...')
#3 /var/www/html/wp-load.php(50): require_once('/var/www/html/w...')
#4 /var/www/html/wp-blog-header.php(13): require_once('/var/www/html/w...')
#5 /var/www/html/index.php(17): require('/var/www/html/w...')
#6 {main}
  thrown in /var/www/html/wp-content/themes/my-theme/Facades/Session.php on line 2

2023-10-15T11:59:50+00:00 CRITICAL Uncaught Error: Failed opening required './../Classes/Session.php' (include_path='.:/usr/local/lib/php') in /var/www/html/wp-content/themes/my-theme/Facades/Session.php:2
Stack trace:
#0 /var/www/html/wp-content/themes/my-theme/functions.php(3): require_once()
#1 /var/www/html/wp-settings.php(591): include('/var/www/html/w...')
#2 /var/www/html/wp-config.php(96): require_once('/var/www/html/w...')
#3 /var/www/html/wp-load.php(50): require_once('/var/www/html/w...')
#4 /var/www/html/wp-blog-header.php(13): require_once('/var/www/html/w...')
#5 /var/www/html/index.php(17): require('/var/www/html/w...')
#6 {main}
  thrown in /var/www/html/wp-content/themes/my-theme/Facades/Session.php on line 2

2023-10-15T12:00:36+00:00 CRITICAL Uncaught Error: Failed opening required 'Facades/Classes/Session.php' (include_path='.:/usr/local/lib/php') in /var/www/html/wp-content/themes/my-theme/Facades/Session.php:2
Stack trace:
#0 /var/www/html/wp-content/themes/my-theme/functions.php(3): require_once()
#1 /var/www/html/wp-settings.php(591): include('/var/www/html/w...')
#2 /var/www/html/wp-config.php(96): require_once('/var/www/html/w...')
#3 /var/www/html/wp-load.php(50): require_once('/var/www/html/w...')
#4 /var/www/html/wp-blog-header.php(13): require_once('/var/www/html/w...')
#5 /var/www/html/index.php(17): require('/var/www/html/w...')
#6 {main}
  thrown in /var/www/html/wp-content/themes/my-theme/Facades/Session.php on line 2

2023-10-15T12:01:03+00:00 CRITICAL Uncaught Error: Failed opening required '.../Classes/Session.php' (include_path='.:/usr/local/lib/php') in /var/www/html/wp-content/themes/my-theme/Facades/Session.php:2
Stack trace:
#0 /var/www/html/wp-content/themes/my-theme/functions.php(3): require_once()
#1 /var/www/html/wp-settings.php(591): include('/var/www/html/w...')
#2 /var/www/html/wp-config.php(96): require_once('/var/www/html/w...')
#3 /var/www/html/wp-load.php(50): require_once('/var/www/html/w...')
#4 /var/www/html/wp-blog-header.php(13): require_once('/var/www/html/w...')
#5 /var/www/html/index.php(17): require('/var/www/html/w...')
#6 {main}
  thrown in /var/www/html/wp-content/themes/my-theme/Facades/Session.php on line 2

2023-10-15T12:01:04+00:00 CRITICAL Uncaught Error: Failed opening required '.../Classes/Session.php' (include_path='.:/usr/local/lib/php') in /var/www/html/wp-content/themes/my-theme/Facades/Session.php:2
Stack trace:
#0 /var/www/html/wp-content/themes/my-theme/functions.php(3): require_once()
#1 /var/www/html/wp-settings.php(591): include('/var/www/html/w...')
#2 /var/www/html/wp-config.php(96): require_once('/var/www/html/w...')
#3 /var/www/html/wp-load.php(50): require_once('/var/www/html/w...')
#4 /var/www/html/wp-blog-header.php(13): require_once('/var/www/html/w...')
#5 /var/www/html/index.php(17): require('/var/www/html/w...')
#6 {main}
  thrown in /var/www/html/wp-content/themes/my-theme/Facades/Session.php on line 2

2023-10-15T12:01:07+00:00 CRITICAL Uncaught Error: Failed opening required '../Classes/Session.php' (include_path='.:/usr/local/lib/php') in /var/www/html/wp-content/themes/my-theme/Facades/Session.php:2
Stack trace:
#0 /var/www/html/wp-content/themes/my-theme/functions.php(3): require_once()
#1 /var/www/html/wp-settings.php(591): include('/var/www/html/w...')
#2 /var/www/html/wp-config.php(96): require_once('/var/www/html/w...')
#3 /var/www/html/wp-load.php(50): require_once('/var/www/html/w...')
#4 /var/www/html/wp-blog-header.php(13): require_once('/var/www/html/w...')
#5 /var/www/html/index.php(17): require('/var/www/html/w...')
#6 {main}
  thrown in /var/www/html/wp-content/themes/my-theme/Facades/Session.php on line 2

2023-10-15T12:01:08+00:00 CRITICAL Uncaught Error: Failed opening required '../Classes/Session.php' (include_path='.:/usr/local/lib/php') in /var/www/html/wp-content/themes/my-theme/Facades/Session.php:2
Stack trace:
#0 /var/www/html/wp-content/themes/my-theme/functions.php(3): require_once()
#1 /var/www/html/wp-settings.php(591): include('/var/www/html/w...')
#2 /var/www/html/wp-config.php(96): require_once('/var/www/html/w...')
#3 /var/www/html/wp-load.php(50): require_once('/var/www/html/w...')
#4 /var/www/html/wp-blog-header.php(13): require_once('/var/www/html/w...')
#5 /var/www/html/index.php(17): require('/var/www/html/w...')
#6 {main}
  thrown in /var/www/html/wp-content/themes/my-theme/Facades/Session.php on line 2

2023-10-15T12:01:08+00:00 CRITICAL Uncaught Error: Failed opening required '../Classes/Session.php' (include_path='.:/usr/local/lib/php') in /var/www/html/wp-content/themes/my-theme/Facades/Session.php:2
Stack trace:
#0 /var/www/html/wp-content/themes/my-theme/functions.php(3): require_once()
#1 /var/www/html/wp-settings.php(591): include('/var/www/html/w...')
#2 /var/www/html/wp-config.php(96): require_once('/var/www/html/w...')
#3 /var/www/html/wp-load.php(50): require_once('/var/www/html/w...')
#4 /var/www/html/wp-blog-header.php(13): require_once('/var/www/html/w...')
#5 /var/www/html/index.php(17): require('/var/www/html/w...')
#6 {main}
  thrown in /var/www/html/wp-content/themes/my-theme/Facades/Session.php on line 2

