2023-09-21T12:29:12+00:00 CRITICAL Uncaught Error: Attempt to assign property "post_type" on null in /var/www/html/wp-includes/rest-api/endpoints/class-wp-rest-posts-controller.php:656
Stack trace:
#0 /var/www/html/wp-includes/rest-api/class-wp-rest-server.php(1181): WP_REST_Posts_Controller->create_item(Object(WP_REST_Request))
#1 /var/www/html/wp-includes/rest-api/class-wp-rest-server.php(1028): WP_REST_Server->respond_to_request(Object(WP_REST_Request), '/wp/v2/reviews', Array, NULL)
#2 /var/www/html/wp-includes/rest-api/class-wp-rest-server.php(442): WP_REST_Server->dispatch(Object(WP_REST_Request))
#3 /var/www/html/wp-includes/rest-api.php(410): WP_REST_Server->serve_request('/wp/v2/reviews')
#4 /var/www/html/wp-includes/class-wp-hook.php(308): rest_api_loaded(Object(WP))
#5 /var/www/html/wp-includes/class-wp-hook.php(332): WP_Hook->apply_filters(NULL, Array)
#6 /var/www/html/wp-includes/plugin.php(565): WP_Hook->do_action(Array)
#7 /var/www/html/wp-includes/class-wp.php(399): do_action_ref_array('parse_request', Array)
#8 /var/www/html/wp-includes/class-wp.php(780): WP->parse_request('')
#9 /var/www/html/wp-includes/functions.php(1334): WP->main('')
#10 /var/www/html/wp-blog-header.php(16): wp()
#11 /var/www/html/index.php(17): require('/var/www/html/w...')
#12 {main}
  thrown in /var/www/html/wp-includes/rest-api/endpoints/class-wp-rest-posts-controller.php on line 656

2023-09-21T12:29:28+00:00 CRITICAL Uncaught Error: Attempt to assign property "post_type" on null in /var/www/html/wp-includes/rest-api/endpoints/class-wp-rest-posts-controller.php:656
Stack trace:
#0 /var/www/html/wp-includes/rest-api/class-wp-rest-server.php(1181): WP_REST_Posts_Controller->create_item(Object(WP_REST_Request))
#1 /var/www/html/wp-includes/rest-api/class-wp-rest-server.php(1028): WP_REST_Server->respond_to_request(Object(WP_REST_Request), '/wp/v2/reviews', Array, NULL)
#2 /var/www/html/wp-includes/rest-api/class-wp-rest-server.php(442): WP_REST_Server->dispatch(Object(WP_REST_Request))
#3 /var/www/html/wp-includes/rest-api.php(410): WP_REST_Server->serve_request('/wp/v2/reviews')
#4 /var/www/html/wp-includes/class-wp-hook.php(308): rest_api_loaded(Object(WP))
#5 /var/www/html/wp-includes/class-wp-hook.php(332): WP_Hook->apply_filters(NULL, Array)
#6 /var/www/html/wp-includes/plugin.php(565): WP_Hook->do_action(Array)
#7 /var/www/html/wp-includes/class-wp.php(399): do_action_ref_array('parse_request', Array)
#8 /var/www/html/wp-includes/class-wp.php(780): WP->parse_request('')
#9 /var/www/html/wp-includes/functions.php(1334): WP->main('')
#10 /var/www/html/wp-blog-header.php(16): wp()
#11 /var/www/html/index.php(17): require('/var/www/html/w...')
#12 {main}
  thrown in /var/www/html/wp-includes/rest-api/endpoints/class-wp-rest-posts-controller.php on line 656

2023-09-21T12:29:45+00:00 CRITICAL Uncaught Error: Attempt to assign property "post_type" on null in /var/www/html/wp-includes/rest-api/endpoints/class-wp-rest-posts-controller.php:656
Stack trace:
#0 /var/www/html/wp-includes/rest-api/class-wp-rest-server.php(1181): WP_REST_Posts_Controller->create_item(Object(WP_REST_Request))
#1 /var/www/html/wp-includes/rest-api/class-wp-rest-server.php(1028): WP_REST_Server->respond_to_request(Object(WP_REST_Request), '/wp/v2/reviews', Array, NULL)
#2 /var/www/html/wp-includes/rest-api/class-wp-rest-server.php(442): WP_REST_Server->dispatch(Object(WP_REST_Request))
#3 /var/www/html/wp-includes/rest-api.php(410): WP_REST_Server->serve_request('/wp/v2/reviews')
#4 /var/www/html/wp-includes/class-wp-hook.php(308): rest_api_loaded(Object(WP))
#5 /var/www/html/wp-includes/class-wp-hook.php(332): WP_Hook->apply_filters(NULL, Array)
#6 /var/www/html/wp-includes/plugin.php(565): WP_Hook->do_action(Array)
#7 /var/www/html/wp-includes/class-wp.php(399): do_action_ref_array('parse_request', Array)
#8 /var/www/html/wp-includes/class-wp.php(780): WP->parse_request('')
#9 /var/www/html/wp-includes/functions.php(1334): WP->main('')
#10 /var/www/html/wp-blog-header.php(16): wp()
#11 /var/www/html/index.php(17): require('/var/www/html/w...')
#12 {main}
  thrown in /var/www/html/wp-includes/rest-api/endpoints/class-wp-rest-posts-controller.php on line 656

2023-09-21T12:31:43+00:00 CRITICAL Uncaught Error: Attempt to assign property "post_type" on null in /var/www/html/wp-includes/rest-api/endpoints/class-wp-rest-posts-controller.php:656
Stack trace:
#0 /var/www/html/wp-includes/rest-api/class-wp-rest-server.php(1181): WP_REST_Posts_Controller->create_item(Object(WP_REST_Request))
#1 /var/www/html/wp-includes/rest-api/class-wp-rest-server.php(1028): WP_REST_Server->respond_to_request(Object(WP_REST_Request), '/wp/v2/reviews', Array, NULL)
#2 /var/www/html/wp-includes/rest-api/class-wp-rest-server.php(442): WP_REST_Server->dispatch(Object(WP_REST_Request))
#3 /var/www/html/wp-includes/rest-api.php(410): WP_REST_Server->serve_request('/wp/v2/reviews')
#4 /var/www/html/wp-includes/class-wp-hook.php(308): rest_api_loaded(Object(WP))
#5 /var/www/html/wp-includes/class-wp-hook.php(332): WP_Hook->apply_filters(NULL, Array)
#6 /var/www/html/wp-includes/plugin.php(565): WP_Hook->do_action(Array)
#7 /var/www/html/wp-includes/class-wp.php(399): do_action_ref_array('parse_request', Array)
#8 /var/www/html/wp-includes/class-wp.php(780): WP->parse_request('')
#9 /var/www/html/wp-includes/functions.php(1334): WP->main('')
#10 /var/www/html/wp-blog-header.php(16): wp()
#11 /var/www/html/index.php(17): require('/var/www/html/w...')
#12 {main}
  thrown in /var/www/html/wp-includes/rest-api/endpoints/class-wp-rest-posts-controller.php on line 656

2023-09-21T12:36:17+00:00 CRITICAL Uncaught TypeError: Cannot access offset of type string on string in /var/www/html/wp-content/plugins/cfs-rest-api/cfs-rest-api.php:66
Stack trace:
#0 /var/www/html/wp-includes/class-wp-hook.php(308): custom_editor_before_insert(Object(stdClass), Object(WP_REST_Request))
#1 /var/www/html/wp-includes/plugin.php(205): WP_Hook->apply_filters(Object(stdClass), Array)
#2 /var/www/html/wp-includes/rest-api/endpoints/class-wp-rest-posts-controller.php(1395): apply_filters('rest_pre_insert...', Object(stdClass), Object(WP_REST_Request))
#3 /var/www/html/wp-includes/rest-api/endpoints/class-wp-rest-posts-controller.php(650): WP_REST_Posts_Controller->prepare_item_for_database(Object(WP_REST_Request))
#4 /var/www/html/wp-includes/rest-api/class-wp-rest-server.php(1181): WP_REST_Posts_Controller->create_item(Object(WP_REST_Request))
#5 /var/www/html/wp-includes/rest-api/class-wp-rest-server.php(1028): WP_REST_Server->respond_to_request(Object(WP_REST_Request), '/wp/v2/reviews', Array, NULL)
#6 /var/www/html/wp-includes/rest-api/class-wp-rest-server.php(442): WP_REST_Server->dispatch(Object(WP_REST_Request))
#7 /var/www/html/wp-includes/rest-api.php(410): WP_REST_Server->serve_request('/wp/v2/reviews')
#8 /var/www/html/wp-includes/class-wp-hook.php(308): rest_api_loaded(Object(WP))
#9 /var/www/html/wp-includes/class-wp-hook.php(332): WP_Hook->apply_filters(NULL, Array)
#10 /var/www/html/wp-includes/plugin.php(565): WP_Hook->do_action(Array)
#11 /var/www/html/wp-includes/class-wp.php(399): do_action_ref_array('parse_request', Array)
#12 /var/www/html/wp-includes/class-wp.php(780): WP->parse_request('')
#13 /var/www/html/wp-includes/functions.php(1334): WP->main('')
#14 /var/www/html/wp-blog-header.php(16): wp()
#15 /var/www/html/index.php(17): require('/var/www/html/w...')
#16 {main}
  thrown in /var/www/html/wp-content/plugins/cfs-rest-api/cfs-rest-api.php on line 66

2023-09-21T12:36:45+00:00 CRITICAL Uncaught TypeError: Cannot access offset of type string on string in /var/www/html/wp-content/plugins/cfs-rest-api/cfs-rest-api.php:67
Stack trace:
#0 /var/www/html/wp-includes/class-wp-hook.php(308): custom_editor_before_insert(Object(stdClass), Object(WP_REST_Request))
#1 /var/www/html/wp-includes/plugin.php(205): WP_Hook->apply_filters(Object(stdClass), Array)
#2 /var/www/html/wp-includes/rest-api/endpoints/class-wp-rest-posts-controller.php(1395): apply_filters('rest_pre_insert...', Object(stdClass), Object(WP_REST_Request))
#3 /var/www/html/wp-includes/rest-api/endpoints/class-wp-rest-posts-controller.php(650): WP_REST_Posts_Controller->prepare_item_for_database(Object(WP_REST_Request))
#4 /var/www/html/wp-includes/rest-api/class-wp-rest-server.php(1181): WP_REST_Posts_Controller->create_item(Object(WP_REST_Request))
#5 /var/www/html/wp-includes/rest-api/class-wp-rest-server.php(1028): WP_REST_Server->respond_to_request(Object(WP_REST_Request), '/wp/v2/reviews', Array, NULL)
#6 /var/www/html/wp-includes/rest-api/class-wp-rest-server.php(442): WP_REST_Server->dispatch(Object(WP_REST_Request))
#7 /var/www/html/wp-includes/rest-api.php(410): WP_REST_Server->serve_request('/wp/v2/reviews')
#8 /var/www/html/wp-includes/class-wp-hook.php(308): rest_api_loaded(Object(WP))
#9 /var/www/html/wp-includes/class-wp-hook.php(332): WP_Hook->apply_filters(NULL, Array)
#10 /var/www/html/wp-includes/plugin.php(565): WP_Hook->do_action(Array)
#11 /var/www/html/wp-includes/class-wp.php(399): do_action_ref_array('parse_request', Array)
#12 /var/www/html/wp-includes/class-wp.php(780): WP->parse_request('')
#13 /var/www/html/wp-includes/functions.php(1334): WP->main('')
#14 /var/www/html/wp-blog-header.php(16): wp()
#15 /var/www/html/index.php(17): require('/var/www/html/w...')
#16 {main}
  thrown in /var/www/html/wp-content/plugins/cfs-rest-api/cfs-rest-api.php on line 67

2023-09-21T12:36:52+00:00 CRITICAL Uncaught TypeError: Cannot access offset of type string on string in /var/www/html/wp-content/plugins/cfs-rest-api/cfs-rest-api.php:66
Stack trace:
#0 /var/www/html/wp-includes/class-wp-hook.php(308): custom_editor_before_insert(Object(stdClass), Object(WP_REST_Request))
#1 /var/www/html/wp-includes/plugin.php(205): WP_Hook->apply_filters(Object(stdClass), Array)
#2 /var/www/html/wp-includes/rest-api/endpoints/class-wp-rest-posts-controller.php(1395): apply_filters('rest_pre_insert...', Object(stdClass), Object(WP_REST_Request))
#3 /var/www/html/wp-includes/rest-api/endpoints/class-wp-rest-posts-controller.php(650): WP_REST_Posts_Controller->prepare_item_for_database(Object(WP_REST_Request))
#4 /var/www/html/wp-includes/rest-api/class-wp-rest-server.php(1181): WP_REST_Posts_Controller->create_item(Object(WP_REST_Request))
#5 /var/www/html/wp-includes/rest-api/class-wp-rest-server.php(1028): WP_REST_Server->respond_to_request(Object(WP_REST_Request), '/wp/v2/reviews', Array, NULL)
#6 /var/www/html/wp-includes/rest-api/class-wp-rest-server.php(442): WP_REST_Server->dispatch(Object(WP_REST_Request))
#7 /var/www/html/wp-includes/rest-api.php(410): WP_REST_Server->serve_request('/wp/v2/reviews')
#8 /var/www/html/wp-includes/class-wp-hook.php(308): rest_api_loaded(Object(WP))
#9 /var/www/html/wp-includes/class-wp-hook.php(332): WP_Hook->apply_filters(NULL, Array)
#10 /var/www/html/wp-includes/plugin.php(565): WP_Hook->do_action(Array)
#11 /var/www/html/wp-includes/class-wp.php(399): do_action_ref_array('parse_request', Array)
#12 /var/www/html/wp-includes/class-wp.php(780): WP->parse_request('')
#13 /var/www/html/wp-includes/functions.php(1334): WP->main('')
#14 /var/www/html/wp-blog-header.php(16): wp()
#15 /var/www/html/index.php(17): require('/var/www/html/w...')
#16 {main}
  thrown in /var/www/html/wp-content/plugins/cfs-rest-api/cfs-rest-api.php on line 66

2023-09-21T12:37:12+00:00 CRITICAL Uncaught TypeError: Cannot access offset of type string on string in /var/www/html/wp-content/plugins/cfs-rest-api/cfs-rest-api.php:67
Stack trace:
#0 /var/www/html/wp-includes/class-wp-hook.php(308): custom_editor_before_insert(Object(stdClass), Object(WP_REST_Request))
#1 /var/www/html/wp-includes/plugin.php(205): WP_Hook->apply_filters(Object(stdClass), Array)
#2 /var/www/html/wp-includes/rest-api/endpoints/class-wp-rest-posts-controller.php(1395): apply_filters('rest_pre_insert...', Object(stdClass), Object(WP_REST_Request))
#3 /var/www/html/wp-includes/rest-api/endpoints/class-wp-rest-posts-controller.php(650): WP_REST_Posts_Controller->prepare_item_for_database(Object(WP_REST_Request))
#4 /var/www/html/wp-includes/rest-api/class-wp-rest-server.php(1181): WP_REST_Posts_Controller->create_item(Object(WP_REST_Request))
#5 /var/www/html/wp-includes/rest-api/class-wp-rest-server.php(1028): WP_REST_Server->respond_to_request(Object(WP_REST_Request), '/wp/v2/reviews', Array, NULL)
#6 /var/www/html/wp-includes/rest-api/class-wp-rest-server.php(442): WP_REST_Server->dispatch(Object(WP_REST_Request))
#7 /var/www/html/wp-includes/rest-api.php(410): WP_REST_Server->serve_request('/wp/v2/reviews')
#8 /var/www/html/wp-includes/class-wp-hook.php(308): rest_api_loaded(Object(WP))
#9 /var/www/html/wp-includes/class-wp-hook.php(332): WP_Hook->apply_filters(NULL, Array)
#10 /var/www/html/wp-includes/plugin.php(565): WP_Hook->do_action(Array)
#11 /var/www/html/wp-includes/class-wp.php(399): do_action_ref_array('parse_request', Array)
#12 /var/www/html/wp-includes/class-wp.php(780): WP->parse_request('')
#13 /var/www/html/wp-includes/functions.php(1334): WP->main('')
#14 /var/www/html/wp-blog-header.php(16): wp()
#15 /var/www/html/index.php(17): require('/var/www/html/w...')
#16 {main}
  thrown in /var/www/html/wp-content/plugins/cfs-rest-api/cfs-rest-api.php on line 67

2023-09-21T12:37:48+00:00 CRITICAL Uncaught TypeError: Cannot access offset of type string on string in /var/www/html/wp-content/plugins/cfs-rest-api/cfs-rest-api.php:67
Stack trace:
#0 /var/www/html/wp-includes/class-wp-hook.php(308): custom_editor_before_insert(Object(stdClass), Object(WP_REST_Request))
#1 /var/www/html/wp-includes/plugin.php(205): WP_Hook->apply_filters(Object(stdClass), Array)
#2 /var/www/html/wp-includes/rest-api/endpoints/class-wp-rest-posts-controller.php(1395): apply_filters('rest_pre_insert...', Object(stdClass), Object(WP_REST_Request))
#3 /var/www/html/wp-includes/rest-api/endpoints/class-wp-rest-posts-controller.php(650): WP_REST_Posts_Controller->prepare_item_for_database(Object(WP_REST_Request))
#4 /var/www/html/wp-includes/rest-api/class-wp-rest-server.php(1181): WP_REST_Posts_Controller->create_item(Object(WP_REST_Request))
#5 /var/www/html/wp-includes/rest-api/class-wp-rest-server.php(1028): WP_REST_Server->respond_to_request(Object(WP_REST_Request), '/wp/v2/reviews', Array, NULL)
#6 /var/www/html/wp-includes/rest-api/class-wp-rest-server.php(442): WP_REST_Server->dispatch(Object(WP_REST_Request))
#7 /var/www/html/wp-includes/rest-api.php(410): WP_REST_Server->serve_request('/wp/v2/reviews')
#8 /var/www/html/wp-includes/class-wp-hook.php(308): rest_api_loaded(Object(WP))
#9 /var/www/html/wp-includes/class-wp-hook.php(332): WP_Hook->apply_filters(NULL, Array)
#10 /var/www/html/wp-includes/plugin.php(565): WP_Hook->do_action(Array)
#11 /var/www/html/wp-includes/class-wp.php(399): do_action_ref_array('parse_request', Array)
#12 /var/www/html/wp-includes/class-wp.php(780): WP->parse_request('')
#13 /var/www/html/wp-includes/functions.php(1334): WP->main('')
#14 /var/www/html/wp-blog-header.php(16): wp()
#15 /var/www/html/index.php(17): require('/var/www/html/w...')
#16 {main}
  thrown in /var/www/html/wp-content/plugins/cfs-rest-api/cfs-rest-api.php on line 67

2023-09-21T12:38:00+00:00 CRITICAL Uncaught TypeError: Cannot access offset of type string on string in /var/www/html/wp-content/plugins/cfs-rest-api/cfs-rest-api.php:67
Stack trace:
#0 /var/www/html/wp-includes/class-wp-hook.php(308): custom_editor_before_insert(Object(stdClass), Object(WP_REST_Request))
#1 /var/www/html/wp-includes/plugin.php(205): WP_Hook->apply_filters(Object(stdClass), Array)
#2 /var/www/html/wp-includes/rest-api/endpoints/class-wp-rest-posts-controller.php(1395): apply_filters('rest_pre_insert...', Object(stdClass), Object(WP_REST_Request))
#3 /var/www/html/wp-includes/rest-api/endpoints/class-wp-rest-posts-controller.php(650): WP_REST_Posts_Controller->prepare_item_for_database(Object(WP_REST_Request))
#4 /var/www/html/wp-includes/rest-api/class-wp-rest-server.php(1181): WP_REST_Posts_Controller->create_item(Object(WP_REST_Request))
#5 /var/www/html/wp-includes/rest-api/class-wp-rest-server.php(1028): WP_REST_Server->respond_to_request(Object(WP_REST_Request), '/wp/v2/reviews', Array, NULL)
#6 /var/www/html/wp-includes/rest-api/class-wp-rest-server.php(442): WP_REST_Server->dispatch(Object(WP_REST_Request))
#7 /var/www/html/wp-includes/rest-api.php(410): WP_REST_Server->serve_request('/wp/v2/reviews')
#8 /var/www/html/wp-includes/class-wp-hook.php(308): rest_api_loaded(Object(WP))
#9 /var/www/html/wp-includes/class-wp-hook.php(332): WP_Hook->apply_filters(NULL, Array)
#10 /var/www/html/wp-includes/plugin.php(565): WP_Hook->do_action(Array)
#11 /var/www/html/wp-includes/class-wp.php(399): do_action_ref_array('parse_request', Array)
#12 /var/www/html/wp-includes/class-wp.php(780): WP->parse_request('')
#13 /var/www/html/wp-includes/functions.php(1334): WP->main('')
#14 /var/www/html/wp-blog-header.php(16): wp()
#15 /var/www/html/index.php(17): require('/var/www/html/w...')
#16 {main}
  thrown in /var/www/html/wp-content/plugins/cfs-rest-api/cfs-rest-api.php on line 67

2023-09-21T12:38:28+00:00 CRITICAL Uncaught Error: Cannot use object of type stdClass as array in /var/www/html/wp-content/plugins/cfs-rest-api/cfs-rest-api.php:66
Stack trace:
#0 /var/www/html/wp-includes/class-wp-hook.php(308): custom_editor_before_insert(Object(stdClass), Object(WP_REST_Request))
#1 /var/www/html/wp-includes/plugin.php(205): WP_Hook->apply_filters(Object(stdClass), Array)
#2 /var/www/html/wp-includes/rest-api/endpoints/class-wp-rest-posts-controller.php(1395): apply_filters('rest_pre_insert...', Object(stdClass), Object(WP_REST_Request))
#3 /var/www/html/wp-includes/rest-api/endpoints/class-wp-rest-posts-controller.php(650): WP_REST_Posts_Controller->prepare_item_for_database(Object(WP_REST_Request))
#4 /var/www/html/wp-includes/rest-api/class-wp-rest-server.php(1181): WP_REST_Posts_Controller->create_item(Object(WP_REST_Request))
#5 /var/www/html/wp-includes/rest-api/class-wp-rest-server.php(1028): WP_REST_Server->respond_to_request(Object(WP_REST_Request), '/wp/v2/reviews', Array, NULL)
#6 /var/www/html/wp-includes/rest-api/class-wp-rest-server.php(442): WP_REST_Server->dispatch(Object(WP_REST_Request))
#7 /var/www/html/wp-includes/rest-api.php(410): WP_REST_Server->serve_request('/wp/v2/reviews')
#8 /var/www/html/wp-includes/class-wp-hook.php(308): rest_api_loaded(Object(WP))
#9 /var/www/html/wp-includes/class-wp-hook.php(332): WP_Hook->apply_filters(NULL, Array)
#10 /var/www/html/wp-includes/plugin.php(565): WP_Hook->do_action(Array)
#11 /var/www/html/wp-includes/class-wp.php(399): do_action_ref_array('parse_request', Array)
#12 /var/www/html/wp-includes/class-wp.php(780): WP->parse_request('')
#13 /var/www/html/wp-includes/functions.php(1334): WP->main('')
#14 /var/www/html/wp-blog-header.php(16): wp()
#15 /var/www/html/index.php(17): require('/var/www/html/w...')
#16 {main}
  thrown in /var/www/html/wp-content/plugins/cfs-rest-api/cfs-rest-api.php on line 66

2023-09-21T12:38:41+00:00 CRITICAL Uncaught Error: Cannot use object of type stdClass as array in /var/www/html/wp-content/plugins/cfs-rest-api/cfs-rest-api.php:67
Stack trace:
#0 /var/www/html/wp-includes/class-wp-hook.php(308): custom_editor_before_insert(Object(stdClass), Object(WP_REST_Request))
#1 /var/www/html/wp-includes/plugin.php(205): WP_Hook->apply_filters(Object(stdClass), Array)
#2 /var/www/html/wp-includes/rest-api/endpoints/class-wp-rest-posts-controller.php(1395): apply_filters('rest_pre_insert...', Object(stdClass), Object(WP_REST_Request))
#3 /var/www/html/wp-includes/rest-api/endpoints/class-wp-rest-posts-controller.php(650): WP_REST_Posts_Controller->prepare_item_for_database(Object(WP_REST_Request))
#4 /var/www/html/wp-includes/rest-api/class-wp-rest-server.php(1181): WP_REST_Posts_Controller->create_item(Object(WP_REST_Request))
#5 /var/www/html/wp-includes/rest-api/class-wp-rest-server.php(1028): WP_REST_Server->respond_to_request(Object(WP_REST_Request), '/wp/v2/reviews', Array, NULL)
#6 /var/www/html/wp-includes/rest-api/class-wp-rest-server.php(442): WP_REST_Server->dispatch(Object(WP_REST_Request))
#7 /var/www/html/wp-includes/rest-api.php(410): WP_REST_Server->serve_request('/wp/v2/reviews')
#8 /var/www/html/wp-includes/class-wp-hook.php(308): rest_api_loaded(Object(WP))
#9 /var/www/html/wp-includes/class-wp-hook.php(332): WP_Hook->apply_filters(NULL, Array)
#10 /var/www/html/wp-includes/plugin.php(565): WP_Hook->do_action(Array)
#11 /var/www/html/wp-includes/class-wp.php(399): do_action_ref_array('parse_request', Array)
#12 /var/www/html/wp-includes/class-wp.php(780): WP->parse_request('')
#13 /var/www/html/wp-includes/functions.php(1334): WP->main('')
#14 /var/www/html/wp-blog-header.php(16): wp()
#15 /var/www/html/index.php(17): require('/var/www/html/w...')
#16 {main}
  thrown in /var/www/html/wp-content/plugins/cfs-rest-api/cfs-rest-api.php on line 67

2023-09-21T12:39:03+00:00 CRITICAL Uncaught Error: Cannot use object of type stdClass as array in /var/www/html/wp-content/plugins/cfs-rest-api/cfs-rest-api.php:66
Stack trace:
#0 /var/www/html/wp-includes/class-wp-hook.php(308): custom_editor_before_insert(Object(stdClass), Object(WP_REST_Request))
#1 /var/www/html/wp-includes/plugin.php(205): WP_Hook->apply_filters(Object(stdClass), Array)
#2 /var/www/html/wp-includes/rest-api/endpoints/class-wp-rest-posts-controller.php(1395): apply_filters('rest_pre_insert...', Object(stdClass), Object(WP_REST_Request))
#3 /var/www/html/wp-includes/rest-api/endpoints/class-wp-rest-posts-controller.php(650): WP_REST_Posts_Controller->prepare_item_for_database(Object(WP_REST_Request))
#4 /var/www/html/wp-includes/rest-api/class-wp-rest-server.php(1181): WP_REST_Posts_Controller->create_item(Object(WP_REST_Request))
#5 /var/www/html/wp-includes/rest-api/class-wp-rest-server.php(1028): WP_REST_Server->respond_to_request(Object(WP_REST_Request), '/wp/v2/reviews', Array, NULL)
#6 /var/www/html/wp-includes/rest-api/class-wp-rest-server.php(442): WP_REST_Server->dispatch(Object(WP_REST_Request))
#7 /var/www/html/wp-includes/rest-api.php(410): WP_REST_Server->serve_request('/wp/v2/reviews')
#8 /var/www/html/wp-includes/class-wp-hook.php(308): rest_api_loaded(Object(WP))
#9 /var/www/html/wp-includes/class-wp-hook.php(332): WP_Hook->apply_filters(NULL, Array)
#10 /var/www/html/wp-includes/plugin.php(565): WP_Hook->do_action(Array)
#11 /var/www/html/wp-includes/class-wp.php(399): do_action_ref_array('parse_request', Array)
#12 /var/www/html/wp-includes/class-wp.php(780): WP->parse_request('')
#13 /var/www/html/wp-includes/functions.php(1334): WP->main('')
#14 /var/www/html/wp-blog-header.php(16): wp()
#15 /var/www/html/index.php(17): require('/var/www/html/w...')
#16 {main}
  thrown in /var/www/html/wp-content/plugins/cfs-rest-api/cfs-rest-api.php on line 66

2023-09-21T12:39:14+00:00 CRITICAL Uncaught Error: Cannot use object of type stdClass as array in /var/www/html/wp-content/plugins/cfs-rest-api/cfs-rest-api.php:67
Stack trace:
#0 /var/www/html/wp-includes/class-wp-hook.php(308): custom_editor_before_insert(Object(stdClass), Object(WP_REST_Request))
#1 /var/www/html/wp-includes/plugin.php(205): WP_Hook->apply_filters(Object(stdClass), Array)
#2 /var/www/html/wp-includes/rest-api/endpoints/class-wp-rest-posts-controller.php(1395): apply_filters('rest_pre_insert...', Object(stdClass), Object(WP_REST_Request))
#3 /var/www/html/wp-includes/rest-api/endpoints/class-wp-rest-posts-controller.php(650): WP_REST_Posts_Controller->prepare_item_for_database(Object(WP_REST_Request))
#4 /var/www/html/wp-includes/rest-api/class-wp-rest-server.php(1181): WP_REST_Posts_Controller->create_item(Object(WP_REST_Request))
#5 /var/www/html/wp-includes/rest-api/class-wp-rest-server.php(1028): WP_REST_Server->respond_to_request(Object(WP_REST_Request), '/wp/v2/reviews', Array, NULL)
#6 /var/www/html/wp-includes/rest-api/class-wp-rest-server.php(442): WP_REST_Server->dispatch(Object(WP_REST_Request))
#7 /var/www/html/wp-includes/rest-api.php(410): WP_REST_Server->serve_request('/wp/v2/reviews')
#8 /var/www/html/wp-includes/class-wp-hook.php(308): rest_api_loaded(Object(WP))
#9 /var/www/html/wp-includes/class-wp-hook.php(332): WP_Hook->apply_filters(NULL, Array)
#10 /var/www/html/wp-includes/plugin.php(565): WP_Hook->do_action(Array)
#11 /var/www/html/wp-includes/class-wp.php(399): do_action_ref_array('parse_request', Array)
#12 /var/www/html/wp-includes/class-wp.php(780): WP->parse_request('')
#13 /var/www/html/wp-includes/functions.php(1334): WP->main('')
#14 /var/www/html/wp-blog-header.php(16): wp()
#15 /var/www/html/index.php(17): require('/var/www/html/w...')
#16 {main}
  thrown in /var/www/html/wp-content/plugins/cfs-rest-api/cfs-rest-api.php on line 67

2023-09-21T12:39:35+00:00 CRITICAL Uncaught Error: Cannot use object of type stdClass as array in /var/www/html/wp-content/plugins/custom-field-suite/includes/api.php:266
Stack trace:
#0 /var/www/html/wp-content/plugins/custom-field-suite/cfs.php(63): cfs_api->save_fields(Array, Object(stdClass), Array)
#1 /var/www/html/wp-content/plugins/cfs-rest-api/cfs-rest-api.php(68): Custom_Field_Suite->save(Array, Object(stdClass))
#2 /var/www/html/wp-includes/class-wp-hook.php(308): custom_editor_before_insert(Object(stdClass), Object(WP_REST_Request))
#3 /var/www/html/wp-includes/plugin.php(205): WP_Hook->apply_filters(Object(stdClass), Array)
#4 /var/www/html/wp-includes/rest-api/endpoints/class-wp-rest-posts-controller.php(1395): apply_filters('rest_pre_insert...', Object(stdClass), Object(WP_REST_Request))
#5 /var/www/html/wp-includes/rest-api/endpoints/class-wp-rest-posts-controller.php(650): WP_REST_Posts_Controller->prepare_item_for_database(Object(WP_REST_Request))
#6 /var/www/html/wp-includes/rest-api/class-wp-rest-server.php(1181): WP_REST_Posts_Controller->create_item(Object(WP_REST_Request))
#7 /var/www/html/wp-includes/rest-api/class-wp-rest-server.php(1028): WP_REST_Server->respond_to_request(Object(WP_REST_Request), '/wp/v2/reviews', Array, NULL)
#8 /var/www/html/wp-includes/rest-api/class-wp-rest-server.php(442): WP_REST_Server->dispatch(Object(WP_REST_Request))
#9 /var/www/html/wp-includes/rest-api.php(410): WP_REST_Server->serve_request('/wp/v2/reviews')
#10 /var/www/html/wp-includes/class-wp-hook.php(308): rest_api_loaded(Object(WP))
#11 /var/www/html/wp-includes/class-wp-hook.php(332): WP_Hook->apply_filters(NULL, Array)
#12 /var/www/html/wp-includes/plugin.php(565): WP_Hook->do_action(Array)
#13 /var/www/html/wp-includes/class-wp.php(399): do_action_ref_array('parse_request', Array)
#14 /var/www/html/wp-includes/class-wp.php(780): WP->parse_request('')
#15 /var/www/html/wp-includes/functions.php(1334): WP->main('')
#16 /var/www/html/wp-blog-header.php(16): wp()
#17 /var/www/html/index.php(17): require('/var/www/html/w...')
#18 {main}
  thrown in /var/www/html/wp-content/plugins/custom-field-suite/includes/api.php on line 266

2023-09-21T12:40:14+00:00 CRITICAL Uncaught Error: Attempt to assign property "post_type" on null in /var/www/html/wp-includes/rest-api/endpoints/class-wp-rest-posts-controller.php:656
Stack trace:
#0 /var/www/html/wp-includes/rest-api/class-wp-rest-server.php(1181): WP_REST_Posts_Controller->create_item(Object(WP_REST_Request))
#1 /var/www/html/wp-includes/rest-api/class-wp-rest-server.php(1028): WP_REST_Server->respond_to_request(Object(WP_REST_Request), '/wp/v2/reviews', Array, NULL)
#2 /var/www/html/wp-includes/rest-api/class-wp-rest-server.php(442): WP_REST_Server->dispatch(Object(WP_REST_Request))
#3 /var/www/html/wp-includes/rest-api.php(410): WP_REST_Server->serve_request('/wp/v2/reviews')
#4 /var/www/html/wp-includes/class-wp-hook.php(308): rest_api_loaded(Object(WP))
#5 /var/www/html/wp-includes/class-wp-hook.php(332): WP_Hook->apply_filters(NULL, Array)
#6 /var/www/html/wp-includes/plugin.php(565): WP_Hook->do_action(Array)
#7 /var/www/html/wp-includes/class-wp.php(399): do_action_ref_array('parse_request', Array)
#8 /var/www/html/wp-includes/class-wp.php(780): WP->parse_request('')
#9 /var/www/html/wp-includes/functions.php(1334): WP->main('')
#10 /var/www/html/wp-blog-header.php(16): wp()
#11 /var/www/html/index.php(17): require('/var/www/html/w...')
#12 {main}
  thrown in /var/www/html/wp-includes/rest-api/endpoints/class-wp-rest-posts-controller.php on line 656

2023-09-21T12:40:41+00:00 CRITICAL Uncaught Error: Attempt to assign property "post_type" on null in /var/www/html/wp-includes/rest-api/endpoints/class-wp-rest-posts-controller.php:656
Stack trace:
#0 /var/www/html/wp-includes/rest-api/class-wp-rest-server.php(1181): WP_REST_Posts_Controller->create_item(Object(WP_REST_Request))
#1 /var/www/html/wp-includes/rest-api/class-wp-rest-server.php(1028): WP_REST_Server->respond_to_request(Object(WP_REST_Request), '/wp/v2/reviews', Array, NULL)
#2 /var/www/html/wp-includes/rest-api/class-wp-rest-server.php(442): WP_REST_Server->dispatch(Object(WP_REST_Request))
#3 /var/www/html/wp-includes/rest-api.php(410): WP_REST_Server->serve_request('/wp/v2/reviews')
#4 /var/www/html/wp-includes/class-wp-hook.php(308): rest_api_loaded(Object(WP))
#5 /var/www/html/wp-includes/class-wp-hook.php(332): WP_Hook->apply_filters(NULL, Array)
#6 /var/www/html/wp-includes/plugin.php(565): WP_Hook->do_action(Array)
#7 /var/www/html/wp-includes/class-wp.php(399): do_action_ref_array('parse_request', Array)
#8 /var/www/html/wp-includes/class-wp.php(780): WP->parse_request('')
#9 /var/www/html/wp-includes/functions.php(1334): WP->main('')
#10 /var/www/html/wp-blog-header.php(16): wp()
#11 /var/www/html/index.php(17): require('/var/www/html/w...')
#12 {main}
  thrown in /var/www/html/wp-includes/rest-api/endpoints/class-wp-rest-posts-controller.php on line 656

2023-09-21T12:41:46+00:00 CRITICAL Uncaught Error: Attempt to assign property "post_type" on null in /var/www/html/wp-includes/rest-api/endpoints/class-wp-rest-posts-controller.php:656
Stack trace:
#0 /var/www/html/wp-includes/rest-api/class-wp-rest-server.php(1181): WP_REST_Posts_Controller->create_item(Object(WP_REST_Request))
#1 /var/www/html/wp-includes/rest-api/class-wp-rest-server.php(1028): WP_REST_Server->respond_to_request(Object(WP_REST_Request), '/wp/v2/reviews', Array, NULL)
#2 /var/www/html/wp-includes/rest-api/class-wp-rest-server.php(442): WP_REST_Server->dispatch(Object(WP_REST_Request))
#3 /var/www/html/wp-includes/rest-api.php(410): WP_REST_Server->serve_request('/wp/v2/reviews')
#4 /var/www/html/wp-includes/class-wp-hook.php(308): rest_api_loaded(Object(WP))
#5 /var/www/html/wp-includes/class-wp-hook.php(332): WP_Hook->apply_filters(NULL, Array)
#6 /var/www/html/wp-includes/plugin.php(565): WP_Hook->do_action(Array)
#7 /var/www/html/wp-includes/class-wp.php(399): do_action_ref_array('parse_request', Array)
#8 /var/www/html/wp-includes/class-wp.php(780): WP->parse_request('')
#9 /var/www/html/wp-includes/functions.php(1334): WP->main('')
#10 /var/www/html/wp-blog-header.php(16): wp()
#11 /var/www/html/index.php(17): require('/var/www/html/w...')
#12 {main}
  thrown in /var/www/html/wp-includes/rest-api/endpoints/class-wp-rest-posts-controller.php on line 656

2023-09-21T12:41:59+00:00 CRITICAL Uncaught Error: Attempt to assign property "post_type" on null in /var/www/html/wp-includes/rest-api/endpoints/class-wp-rest-posts-controller.php:656
Stack trace:
#0 /var/www/html/wp-includes/rest-api/class-wp-rest-server.php(1181): WP_REST_Posts_Controller->create_item(Object(WP_REST_Request))
#1 /var/www/html/wp-includes/rest-api/class-wp-rest-server.php(1028): WP_REST_Server->respond_to_request(Object(WP_REST_Request), '/wp/v2/reviews', Array, NULL)
#2 /var/www/html/wp-includes/rest-api/class-wp-rest-server.php(442): WP_REST_Server->dispatch(Object(WP_REST_Request))
#3 /var/www/html/wp-includes/rest-api.php(410): WP_REST_Server->serve_request('/wp/v2/reviews')
#4 /var/www/html/wp-includes/class-wp-hook.php(308): rest_api_loaded(Object(WP))
#5 /var/www/html/wp-includes/class-wp-hook.php(332): WP_Hook->apply_filters(NULL, Array)
#6 /var/www/html/wp-includes/plugin.php(565): WP_Hook->do_action(Array)
#7 /var/www/html/wp-includes/class-wp.php(399): do_action_ref_array('parse_request', Array)
#8 /var/www/html/wp-includes/class-wp.php(780): WP->parse_request('')
#9 /var/www/html/wp-includes/functions.php(1334): WP->main('')
#10 /var/www/html/wp-blog-header.php(16): wp()
#11 /var/www/html/index.php(17): require('/var/www/html/w...')
#12 {main}
  thrown in /var/www/html/wp-includes/rest-api/endpoints/class-wp-rest-posts-controller.php on line 656

2023-09-21T12:42:16+00:00 CRITICAL Uncaught Error: Attempt to assign property "post_type" on null in /var/www/html/wp-includes/rest-api/endpoints/class-wp-rest-posts-controller.php:656
Stack trace:
#0 /var/www/html/wp-includes/rest-api/class-wp-rest-server.php(1181): WP_REST_Posts_Controller->create_item(Object(WP_REST_Request))
#1 /var/www/html/wp-includes/rest-api/class-wp-rest-server.php(1028): WP_REST_Server->respond_to_request(Object(WP_REST_Request), '/wp/v2/reviews', Array, NULL)
#2 /var/www/html/wp-includes/rest-api/class-wp-rest-server.php(442): WP_REST_Server->dispatch(Object(WP_REST_Request))
#3 /var/www/html/wp-includes/rest-api.php(410): WP_REST_Server->serve_request('/wp/v2/reviews')
#4 /var/www/html/wp-includes/class-wp-hook.php(308): rest_api_loaded(Object(WP))
#5 /var/www/html/wp-includes/class-wp-hook.php(332): WP_Hook->apply_filters(NULL, Array)
#6 /var/www/html/wp-includes/plugin.php(565): WP_Hook->do_action(Array)
#7 /var/www/html/wp-includes/class-wp.php(399): do_action_ref_array('parse_request', Array)
#8 /var/www/html/wp-includes/class-wp.php(780): WP->parse_request('')
#9 /var/www/html/wp-includes/functions.php(1334): WP->main('')
#10 /var/www/html/wp-blog-header.php(16): wp()
#11 /var/www/html/index.php(17): require('/var/www/html/w...')
#12 {main}
  thrown in /var/www/html/wp-includes/rest-api/endpoints/class-wp-rest-posts-controller.php on line 656

2023-09-21T12:51:38+00:00 CRITICAL Uncaught Error: Object of class WP_Post could not be converted to string in /var/www/html/wp-content/plugins/cfs-rest-api/cfs-rest-api.php:68
Stack trace:
#0 /var/www/html/wp-includes/class-wp-hook.php(308): custom_editor_before_insert(Object(WP_Post), Object(WP_REST_Request), true)
#1 /var/www/html/wp-includes/class-wp-hook.php(332): WP_Hook->apply_filters('', Array)
#2 /var/www/html/wp-includes/plugin.php(517): WP_Hook->do_action(Array)
#3 /var/www/html/wp-includes/rest-api/endpoints/class-wp-rest-posts-controller.php(772): do_action('rest_after_inse...', Object(WP_Post), Object(WP_REST_Request), true)
#4 /var/www/html/wp-includes/rest-api/class-wp-rest-server.php(1181): WP_REST_Posts_Controller->create_item(Object(WP_REST_Request))
#5 /var/www/html/wp-includes/rest-api/class-wp-rest-server.php(1028): WP_REST_Server->respond_to_request(Object(WP_REST_Request), '/wp/v2/reviews', Array, NULL)
#6 /var/www/html/wp-includes/rest-api/class-wp-rest-server.php(442): WP_REST_Server->dispatch(Object(WP_REST_Request))
#7 /var/www/html/wp-includes/rest-api.php(410): WP_REST_Server->serve_request('/wp/v2/reviews')
#8 /var/www/html/wp-includes/class-wp-hook.php(308): rest_api_loaded(Object(WP))
#9 /var/www/html/wp-includes/class-wp-hook.php(332): WP_Hook->apply_filters(NULL, Array)
#10 /var/www/html/wp-includes/plugin.php(565): WP_Hook->do_action(Array)
#11 /var/www/html/wp-includes/class-wp.php(399): do_action_ref_array('parse_request', Array)
#12 /var/www/html/wp-includes/class-wp.php(780): WP->parse_request('')
#13 /var/www/html/wp-includes/functions.php(1334): WP->main('')
#14 /var/www/html/wp-blog-header.php(16): wp()
#15 /var/www/html/index.php(17): require('/var/www/html/w...')
#16 {main}
  thrown in /var/www/html/wp-content/plugins/cfs-rest-api/cfs-rest-api.php on line 68

2023-09-21T12:55:21+00:00 CRITICAL Uncaught Error: Object of class WP_Post could not be converted to string in /var/www/html/wp-content/plugins/cfs-rest-api/cfs-rest-api.php:68
Stack trace:
#0 /var/www/html/wp-includes/class-wp-hook.php(308): custom_editor_before_insert(Object(WP_Post), Object(WP_REST_Request), true)
#1 /var/www/html/wp-includes/class-wp-hook.php(332): WP_Hook->apply_filters('', Array)
#2 /var/www/html/wp-includes/plugin.php(517): WP_Hook->do_action(Array)
#3 /var/www/html/wp-includes/rest-api/endpoints/class-wp-rest-posts-controller.php(772): do_action('rest_after_inse...', Object(WP_Post), Object(WP_REST_Request), true)
#4 /var/www/html/wp-includes/rest-api/class-wp-rest-server.php(1181): WP_REST_Posts_Controller->create_item(Object(WP_REST_Request))
#5 /var/www/html/wp-includes/rest-api/class-wp-rest-server.php(1028): WP_REST_Server->respond_to_request(Object(WP_REST_Request), '/wp/v2/reviews', Array, NULL)
#6 /var/www/html/wp-includes/rest-api/class-wp-rest-server.php(442): WP_REST_Server->dispatch(Object(WP_REST_Request))
#7 /var/www/html/wp-includes/rest-api.php(410): WP_REST_Server->serve_request('/wp/v2/reviews')
#8 /var/www/html/wp-includes/class-wp-hook.php(308): rest_api_loaded(Object(WP))
#9 /var/www/html/wp-includes/class-wp-hook.php(332): WP_Hook->apply_filters(NULL, Array)
#10 /var/www/html/wp-includes/plugin.php(565): WP_Hook->do_action(Array)
#11 /var/www/html/wp-includes/class-wp.php(399): do_action_ref_array('parse_request', Array)
#12 /var/www/html/wp-includes/class-wp.php(780): WP->parse_request('')
#13 /var/www/html/wp-includes/functions.php(1334): WP->main('')
#14 /var/www/html/wp-blog-header.php(16): wp()
#15 /var/www/html/index.php(17): require('/var/www/html/w...')
#16 {main}
  thrown in /var/www/html/wp-content/plugins/cfs-rest-api/cfs-rest-api.php on line 68

2023-09-21T12:55:40+00:00 CRITICAL Uncaught Error: Object of class WP_Post could not be converted to string in /var/www/html/wp-content/plugins/cfs-rest-api/cfs-rest-api.php:68
Stack trace:
#0 /var/www/html/wp-includes/class-wp-hook.php(308): custom_editor_before_insert(Object(WP_Post), Object(WP_REST_Request), true)
#1 /var/www/html/wp-includes/class-wp-hook.php(332): WP_Hook->apply_filters('', Array)
#2 /var/www/html/wp-includes/plugin.php(517): WP_Hook->do_action(Array)
#3 /var/www/html/wp-includes/rest-api/endpoints/class-wp-rest-posts-controller.php(772): do_action('rest_after_inse...', Object(WP_Post), Object(WP_REST_Request), true)
#4 /var/www/html/wp-includes/rest-api/class-wp-rest-server.php(1181): WP_REST_Posts_Controller->create_item(Object(WP_REST_Request))
#5 /var/www/html/wp-includes/rest-api/class-wp-rest-server.php(1028): WP_REST_Server->respond_to_request(Object(WP_REST_Request), '/wp/v2/reviews', Array, NULL)
#6 /var/www/html/wp-includes/rest-api/class-wp-rest-server.php(442): WP_REST_Server->dispatch(Object(WP_REST_Request))
#7 /var/www/html/wp-includes/rest-api.php(410): WP_REST_Server->serve_request('/wp/v2/reviews')
#8 /var/www/html/wp-includes/class-wp-hook.php(308): rest_api_loaded(Object(WP))
#9 /var/www/html/wp-includes/class-wp-hook.php(332): WP_Hook->apply_filters(NULL, Array)
#10 /var/www/html/wp-includes/plugin.php(565): WP_Hook->do_action(Array)
#11 /var/www/html/wp-includes/class-wp.php(399): do_action_ref_array('parse_request', Array)
#12 /var/www/html/wp-includes/class-wp.php(780): WP->parse_request('')
#13 /var/www/html/wp-includes/functions.php(1334): WP->main('')
#14 /var/www/html/wp-blog-header.php(16): wp()
#15 /var/www/html/index.php(17): require('/var/www/html/w...')
#16 {main}
  thrown in /var/www/html/wp-content/plugins/cfs-rest-api/cfs-rest-api.php on line 68

2023-09-21T12:56:53+00:00 CRITICAL Uncaught Error: Object of class WP_Post could not be converted to string in /var/www/html/wp-content/plugins/cfs-rest-api/cfs-rest-api.php:68
Stack trace:
#0 /var/www/html/wp-includes/class-wp-hook.php(308): custom_editor_before_insert(Object(WP_Post), Object(WP_REST_Request), true)
#1 /var/www/html/wp-includes/class-wp-hook.php(332): WP_Hook->apply_filters('', Array)
#2 /var/www/html/wp-includes/plugin.php(517): WP_Hook->do_action(Array)
#3 /var/www/html/wp-includes/rest-api/endpoints/class-wp-rest-posts-controller.php(772): do_action('rest_after_inse...', Object(WP_Post), Object(WP_REST_Request), true)
#4 /var/www/html/wp-includes/rest-api/class-wp-rest-server.php(1181): WP_REST_Posts_Controller->create_item(Object(WP_REST_Request))
#5 /var/www/html/wp-includes/rest-api/class-wp-rest-server.php(1028): WP_REST_Server->respond_to_request(Object(WP_REST_Request), '/wp/v2/reviews', Array, NULL)
#6 /var/www/html/wp-includes/rest-api/class-wp-rest-server.php(442): WP_REST_Server->dispatch(Object(WP_REST_Request))
#7 /var/www/html/wp-includes/rest-api.php(410): WP_REST_Server->serve_request('/wp/v2/reviews')
#8 /var/www/html/wp-includes/class-wp-hook.php(308): rest_api_loaded(Object(WP))
#9 /var/www/html/wp-includes/class-wp-hook.php(332): WP_Hook->apply_filters(NULL, Array)
#10 /var/www/html/wp-includes/plugin.php(565): WP_Hook->do_action(Array)
#11 /var/www/html/wp-includes/class-wp.php(399): do_action_ref_array('parse_request', Array)
#12 /var/www/html/wp-includes/class-wp.php(780): WP->parse_request('')
#13 /var/www/html/wp-includes/functions.php(1334): WP->main('')
#14 /var/www/html/wp-blog-header.php(16): wp()
#15 /var/www/html/index.php(17): require('/var/www/html/w...')
#16 {main}
  thrown in /var/www/html/wp-content/plugins/cfs-rest-api/cfs-rest-api.php on line 68

2023-09-21T12:57:02+00:00 CRITICAL Uncaught Error: Object of class WP_Post could not be converted to string in /var/www/html/wp-content/plugins/cfs-rest-api/cfs-rest-api.php:68
Stack trace:
#0 /var/www/html/wp-includes/class-wp-hook.php(308): custom_editor_before_insert(Object(WP_Post), Object(WP_REST_Request), true)
#1 /var/www/html/wp-includes/class-wp-hook.php(332): WP_Hook->apply_filters('', Array)
#2 /var/www/html/wp-includes/plugin.php(517): WP_Hook->do_action(Array)
#3 /var/www/html/wp-includes/rest-api/endpoints/class-wp-rest-posts-controller.php(772): do_action('rest_after_inse...', Object(WP_Post), Object(WP_REST_Request), true)
#4 /var/www/html/wp-includes/rest-api/class-wp-rest-server.php(1181): WP_REST_Posts_Controller->create_item(Object(WP_REST_Request))
#5 /var/www/html/wp-includes/rest-api/class-wp-rest-server.php(1028): WP_REST_Server->respond_to_request(Object(WP_REST_Request), '/wp/v2/reviews', Array, NULL)
#6 /var/www/html/wp-includes/rest-api/class-wp-rest-server.php(442): WP_REST_Server->dispatch(Object(WP_REST_Request))
#7 /var/www/html/wp-includes/rest-api.php(410): WP_REST_Server->serve_request('/wp/v2/reviews')
#8 /var/www/html/wp-includes/class-wp-hook.php(308): rest_api_loaded(Object(WP))
#9 /var/www/html/wp-includes/class-wp-hook.php(332): WP_Hook->apply_filters(NULL, Array)
#10 /var/www/html/wp-includes/plugin.php(565): WP_Hook->do_action(Array)
#11 /var/www/html/wp-includes/class-wp.php(399): do_action_ref_array('parse_request', Array)
#12 /var/www/html/wp-includes/class-wp.php(780): WP->parse_request('')
#13 /var/www/html/wp-includes/functions.php(1334): WP->main('')
#14 /var/www/html/wp-blog-header.php(16): wp()
#15 /var/www/html/index.php(17): require('/var/www/html/w...')
#16 {main}
  thrown in /var/www/html/wp-content/plugins/cfs-rest-api/cfs-rest-api.php on line 68

2023-09-21T12:58:09+00:00 CRITICAL Uncaught Error: Object of class WP_Post could not be converted to string in /var/www/html/wp-content/plugins/cfs-rest-api/cfs-rest-api.php:68
Stack trace:
#0 /var/www/html/wp-includes/class-wp-hook.php(308): custom_editor_before_insert(Object(WP_Post), Object(WP_REST_Request), true)
#1 /var/www/html/wp-includes/class-wp-hook.php(332): WP_Hook->apply_filters('', Array)
#2 /var/www/html/wp-includes/plugin.php(517): WP_Hook->do_action(Array)
#3 /var/www/html/wp-includes/rest-api/endpoints/class-wp-rest-posts-controller.php(772): do_action('rest_after_inse...', Object(WP_Post), Object(WP_REST_Request), true)
#4 /var/www/html/wp-includes/rest-api/class-wp-rest-server.php(1181): WP_REST_Posts_Controller->create_item(Object(WP_REST_Request))
#5 /var/www/html/wp-includes/rest-api/class-wp-rest-server.php(1028): WP_REST_Server->respond_to_request(Object(WP_REST_Request), '/wp/v2/reviews', Array, NULL)
#6 /var/www/html/wp-includes/rest-api/class-wp-rest-server.php(442): WP_REST_Server->dispatch(Object(WP_REST_Request))
#7 /var/www/html/wp-includes/rest-api.php(410): WP_REST_Server->serve_request('/wp/v2/reviews')
#8 /var/www/html/wp-includes/class-wp-hook.php(308): rest_api_loaded(Object(WP))
#9 /var/www/html/wp-includes/class-wp-hook.php(332): WP_Hook->apply_filters(NULL, Array)
#10 /var/www/html/wp-includes/plugin.php(565): WP_Hook->do_action(Array)
#11 /var/www/html/wp-includes/class-wp.php(399): do_action_ref_array('parse_request', Array)
#12 /var/www/html/wp-includes/class-wp.php(780): WP->parse_request('')
#13 /var/www/html/wp-includes/functions.php(1334): WP->main('')
#14 /var/www/html/wp-blog-header.php(16): wp()
#15 /var/www/html/index.php(17): require('/var/www/html/w...')
#16 {main}
  thrown in /var/www/html/wp-content/plugins/cfs-rest-api/cfs-rest-api.php on line 68

