2023-09-20T07:49:33+00:00 CRITICAL syntax error, unexpected token "}" in /var/www/html/wp-content/themes/new-theme/functions.php on line 17

2023-09-20T07:49:34+00:00 CRITICAL syntax error, unexpected token "}" in /var/www/html/wp-content/themes/new-theme/functions.php on line 17

2023-09-20T07:49:40+00:00 CRITICAL syntax error, unexpected token "}" in /var/www/html/wp-content/themes/new-theme/functions.php on line 17

2023-09-20T08:01:02+00:00 CRITICAL syntax error, unexpected token "}" in /var/www/html/wp-content/themes/new-theme/functions.php on line 13

2023-09-20T08:01:03+00:00 CRITICAL syntax error, unexpected token "}" in /var/www/html/wp-content/themes/new-theme/functions.php on line 13

2023-09-20T08:01:04+00:00 CRITICAL syntax error, unexpected token "}" in /var/www/html/wp-content/themes/new-theme/functions.php on line 13

2023-09-20T08:01:26+00:00 CRITICAL syntax error, unexpected token "}" in /var/www/html/wp-content/themes/new-theme/functions.php on line 13

2023-09-20T08:03:27+00:00 CRITICAL syntax error, unexpected token "}" in /var/www/html/wp-content/themes/new-theme/functions.php on line 14

2023-09-20T08:24:52+00:00 CRITICAL syntax error, unexpected token ":", expecting ")" in /var/www/html/wp-content/themes/new-theme/functions.php on line 62

2023-09-20T08:28:08+00:00 CRITICAL Uncaught ArgumentCountError: Too few arguments to function add_custom_fields_to_api_response(), 1 passed in /var/www/html/wp-includes/class-wp-hook.php on line 308 and exactly 2 expected in /var/www/html/wp-content/plugins/cfs-rest-api/cfs-rest-api.php:17
Stack trace:
#0 /var/www/html/wp-includes/class-wp-hook.php(308): add_custom_fields_to_api_response(Object(WP_Post))
#1 /var/www/html/wp-includes/plugin.php(205): WP_Hook->apply_filters(Object(WP_Post), Array)
#2 /var/www/html/wp-content/themes/new-theme/functions.php(62): apply_filters('pre_get_setting...', Object(WP_Post))
#3 /var/www/html/wp-includes/rest-api/class-wp-rest-server.php(1181): my_awesome_func(Object(WP_REST_Request))
#4 /var/www/html/wp-includes/rest-api/class-wp-rest-server.php(1028): WP_REST_Server->respond_to_request(Object(WP_REST_Request), '/wp/v2/settings', Array, NULL)
#5 /var/www/html/wp-includes/rest-api/class-wp-rest-server.php(442): WP_REST_Server->dispatch(Object(WP_REST_Request))
#6 /var/www/html/wp-includes/rest-api.php(410): WP_REST_Server->serve_request('/wp/v2/settings')
#7 /var/www/html/wp-includes/class-wp-hook.php(308): rest_api_loaded(Object(WP))
#8 /var/www/html/wp-includes/class-wp-hook.php(332): WP_Hook->apply_filters(NULL, Array)
#9 /var/www/html/wp-includes/plugin.php(565): WP_Hook->do_action(Array)
#10 /var/www/html/wp-includes/class-wp.php(399): do_action_ref_array('parse_request', Array)
#11 /var/www/html/wp-includes/class-wp.php(780): WP->parse_request('')
#12 /var/www/html/wp-includes/functions.php(1334): WP->main('')
#13 /var/www/html/wp-blog-header.php(16): wp()
#14 /var/www/html/index.php(17): require('/var/www/html/w...')
#15 {main}
  thrown in /var/www/html/wp-content/plugins/cfs-rest-api/cfs-rest-api.php on line 17

2023-09-20T08:40:19+00:00 CRITICAL syntax error, unexpected variable "$post" in /var/www/html/wp-content/themes/new-theme/functions.php on line 64

2023-09-20T08:41:00+00:00 CRITICAL Uncaught ArgumentCountError: Too few arguments to function add_custom_fields_to_api_response(), 1 passed in /var/www/html/wp-includes/class-wp-hook.php on line 310 and exactly 2 expected in /var/www/html/wp-content/plugins/cfs-rest-api/cfs-rest-api.php:17
Stack trace:
#0 /var/www/html/wp-includes/class-wp-hook.php(310): add_custom_fields_to_api_response(Object(WP_REST_Response))
#1 /var/www/html/wp-includes/plugin.php(205): WP_Hook->apply_filters(Object(WP_REST_Response), Array)
#2 /var/www/html/wp-content/themes/new-theme/functions.php(64): apply_filters('pre_get_setting...', Object(WP_REST_Response), Object(WP_Post))
#3 /var/www/html/wp-includes/rest-api/class-wp-rest-server.php(1181): my_awesome_func(Object(WP_REST_Request))
#4 /var/www/html/wp-includes/rest-api/class-wp-rest-server.php(1028): WP_REST_Server->respond_to_request(Object(WP_REST_Request), '/wp/v2/settings', Array, NULL)
#5 /var/www/html/wp-includes/rest-api/class-wp-rest-server.php(442): WP_REST_Server->dispatch(Object(WP_REST_Request))
#6 /var/www/html/wp-includes/rest-api.php(410): WP_REST_Server->serve_request('/wp/v2/settings')
#7 /var/www/html/wp-includes/class-wp-hook.php(308): rest_api_loaded(Object(WP))
#8 /var/www/html/wp-includes/class-wp-hook.php(332): WP_Hook->apply_filters(NULL, Array)
#9 /var/www/html/wp-includes/plugin.php(565): WP_Hook->do_action(Array)
#10 /var/www/html/wp-includes/class-wp.php(399): do_action_ref_array('parse_request', Array)
#11 /var/www/html/wp-includes/class-wp.php(780): WP->parse_request('')
#12 /var/www/html/wp-includes/functions.php(1334): WP->main('')
#13 /var/www/html/wp-blog-header.php(16): wp()
#14 /var/www/html/index.php(17): require('/var/www/html/w...')
#15 {main}
  thrown in /var/www/html/wp-content/plugins/cfs-rest-api/cfs-rest-api.php on line 17

2023-09-20T08:41:02+00:00 CRITICAL Uncaught ArgumentCountError: Too few arguments to function add_custom_fields_to_api_response(), 1 passed in /var/www/html/wp-includes/class-wp-hook.php on line 310 and exactly 2 expected in /var/www/html/wp-content/plugins/cfs-rest-api/cfs-rest-api.php:17
Stack trace:
#0 /var/www/html/wp-includes/class-wp-hook.php(310): add_custom_fields_to_api_response(Object(WP_REST_Response))
#1 /var/www/html/wp-includes/plugin.php(205): WP_Hook->apply_filters(Object(WP_REST_Response), Array)
#2 /var/www/html/wp-content/themes/new-theme/functions.php(64): apply_filters('pre_get_setting...', Object(WP_REST_Response), Object(WP_Post))
#3 /var/www/html/wp-includes/rest-api/class-wp-rest-server.php(1181): my_awesome_func(Object(WP_REST_Request))
#4 /var/www/html/wp-includes/rest-api/class-wp-rest-server.php(1028): WP_REST_Server->respond_to_request(Object(WP_REST_Request), '/wp/v2/settings', Array, NULL)
#5 /var/www/html/wp-includes/rest-api/class-wp-rest-server.php(442): WP_REST_Server->dispatch(Object(WP_REST_Request))
#6 /var/www/html/wp-includes/rest-api.php(410): WP_REST_Server->serve_request('/wp/v2/settings')
#7 /var/www/html/wp-includes/class-wp-hook.php(308): rest_api_loaded(Object(WP))
#8 /var/www/html/wp-includes/class-wp-hook.php(332): WP_Hook->apply_filters(NULL, Array)
#9 /var/www/html/wp-includes/plugin.php(565): WP_Hook->do_action(Array)
#10 /var/www/html/wp-includes/class-wp.php(399): do_action_ref_array('parse_request', Array)
#11 /var/www/html/wp-includes/class-wp.php(780): WP->parse_request('')
#12 /var/www/html/wp-includes/functions.php(1334): WP->main('')
#13 /var/www/html/wp-blog-header.php(16): wp()
#14 /var/www/html/index.php(17): require('/var/www/html/w...')
#15 {main}
  thrown in /var/www/html/wp-content/plugins/cfs-rest-api/cfs-rest-api.php on line 17

2023-09-20T08:41:02+00:00 CRITICAL Uncaught ArgumentCountError: Too few arguments to function add_custom_fields_to_api_response(), 1 passed in /var/www/html/wp-includes/class-wp-hook.php on line 310 and exactly 2 expected in /var/www/html/wp-content/plugins/cfs-rest-api/cfs-rest-api.php:17
Stack trace:
#0 /var/www/html/wp-includes/class-wp-hook.php(310): add_custom_fields_to_api_response(Object(WP_REST_Response))
#1 /var/www/html/wp-includes/plugin.php(205): WP_Hook->apply_filters(Object(WP_REST_Response), Array)
#2 /var/www/html/wp-content/themes/new-theme/functions.php(64): apply_filters('pre_get_setting...', Object(WP_REST_Response), Object(WP_Post))
#3 /var/www/html/wp-includes/rest-api/class-wp-rest-server.php(1181): my_awesome_func(Object(WP_REST_Request))
#4 /var/www/html/wp-includes/rest-api/class-wp-rest-server.php(1028): WP_REST_Server->respond_to_request(Object(WP_REST_Request), '/wp/v2/settings', Array, NULL)
#5 /var/www/html/wp-includes/rest-api/class-wp-rest-server.php(442): WP_REST_Server->dispatch(Object(WP_REST_Request))
#6 /var/www/html/wp-includes/rest-api.php(410): WP_REST_Server->serve_request('/wp/v2/settings')
#7 /var/www/html/wp-includes/class-wp-hook.php(308): rest_api_loaded(Object(WP))
#8 /var/www/html/wp-includes/class-wp-hook.php(332): WP_Hook->apply_filters(NULL, Array)
#9 /var/www/html/wp-includes/plugin.php(565): WP_Hook->do_action(Array)
#10 /var/www/html/wp-includes/class-wp.php(399): do_action_ref_array('parse_request', Array)
#11 /var/www/html/wp-includes/class-wp.php(780): WP->parse_request('')
#12 /var/www/html/wp-includes/functions.php(1334): WP->main('')
#13 /var/www/html/wp-blog-header.php(16): wp()
#14 /var/www/html/index.php(17): require('/var/www/html/w...')
#15 {main}
  thrown in /var/www/html/wp-content/plugins/cfs-rest-api/cfs-rest-api.php on line 17

2023-09-20T08:41:03+00:00 CRITICAL Uncaught ArgumentCountError: Too few arguments to function add_custom_fields_to_api_response(), 1 passed in /var/www/html/wp-includes/class-wp-hook.php on line 310 and exactly 2 expected in /var/www/html/wp-content/plugins/cfs-rest-api/cfs-rest-api.php:17
Stack trace:
#0 /var/www/html/wp-includes/class-wp-hook.php(310): add_custom_fields_to_api_response(Object(WP_REST_Response))
#1 /var/www/html/wp-includes/plugin.php(205): WP_Hook->apply_filters(Object(WP_REST_Response), Array)
#2 /var/www/html/wp-content/themes/new-theme/functions.php(64): apply_filters('pre_get_setting...', Object(WP_REST_Response), Object(WP_Post))
#3 /var/www/html/wp-includes/rest-api/class-wp-rest-server.php(1181): my_awesome_func(Object(WP_REST_Request))
#4 /var/www/html/wp-includes/rest-api/class-wp-rest-server.php(1028): WP_REST_Server->respond_to_request(Object(WP_REST_Request), '/wp/v2/settings', Array, NULL)
#5 /var/www/html/wp-includes/rest-api/class-wp-rest-server.php(442): WP_REST_Server->dispatch(Object(WP_REST_Request))
#6 /var/www/html/wp-includes/rest-api.php(410): WP_REST_Server->serve_request('/wp/v2/settings')
#7 /var/www/html/wp-includes/class-wp-hook.php(308): rest_api_loaded(Object(WP))
#8 /var/www/html/wp-includes/class-wp-hook.php(332): WP_Hook->apply_filters(NULL, Array)
#9 /var/www/html/wp-includes/plugin.php(565): WP_Hook->do_action(Array)
#10 /var/www/html/wp-includes/class-wp.php(399): do_action_ref_array('parse_request', Array)
#11 /var/www/html/wp-includes/class-wp.php(780): WP->parse_request('')
#12 /var/www/html/wp-includes/functions.php(1334): WP->main('')
#13 /var/www/html/wp-blog-header.php(16): wp()
#14 /var/www/html/index.php(17): require('/var/www/html/w...')
#15 {main}
  thrown in /var/www/html/wp-content/plugins/cfs-rest-api/cfs-rest-api.php on line 17

2023-09-20T08:41:04+00:00 CRITICAL Uncaught ArgumentCountError: Too few arguments to function add_custom_fields_to_api_response(), 1 passed in /var/www/html/wp-includes/class-wp-hook.php on line 310 and exactly 2 expected in /var/www/html/wp-content/plugins/cfs-rest-api/cfs-rest-api.php:17
Stack trace:
#0 /var/www/html/wp-includes/class-wp-hook.php(310): add_custom_fields_to_api_response(Object(WP_REST_Response))
#1 /var/www/html/wp-includes/plugin.php(205): WP_Hook->apply_filters(Object(WP_REST_Response), Array)
#2 /var/www/html/wp-content/themes/new-theme/functions.php(64): apply_filters('pre_get_setting...', Object(WP_REST_Response), Object(WP_Post))
#3 /var/www/html/wp-includes/rest-api/class-wp-rest-server.php(1181): my_awesome_func(Object(WP_REST_Request))
#4 /var/www/html/wp-includes/rest-api/class-wp-rest-server.php(1028): WP_REST_Server->respond_to_request(Object(WP_REST_Request), '/wp/v2/settings', Array, NULL)
#5 /var/www/html/wp-includes/rest-api/class-wp-rest-server.php(442): WP_REST_Server->dispatch(Object(WP_REST_Request))
#6 /var/www/html/wp-includes/rest-api.php(410): WP_REST_Server->serve_request('/wp/v2/settings')
#7 /var/www/html/wp-includes/class-wp-hook.php(308): rest_api_loaded(Object(WP))
#8 /var/www/html/wp-includes/class-wp-hook.php(332): WP_Hook->apply_filters(NULL, Array)
#9 /var/www/html/wp-includes/plugin.php(565): WP_Hook->do_action(Array)
#10 /var/www/html/wp-includes/class-wp.php(399): do_action_ref_array('parse_request', Array)
#11 /var/www/html/wp-includes/class-wp.php(780): WP->parse_request('')
#12 /var/www/html/wp-includes/functions.php(1334): WP->main('')
#13 /var/www/html/wp-blog-header.php(16): wp()
#14 /var/www/html/index.php(17): require('/var/www/html/w...')
#15 {main}
  thrown in /var/www/html/wp-content/plugins/cfs-rest-api/cfs-rest-api.php on line 17

2023-09-20T08:41:05+00:00 CRITICAL Uncaught ArgumentCountError: Too few arguments to function add_custom_fields_to_api_response(), 1 passed in /var/www/html/wp-includes/class-wp-hook.php on line 310 and exactly 2 expected in /var/www/html/wp-content/plugins/cfs-rest-api/cfs-rest-api.php:17
Stack trace:
#0 /var/www/html/wp-includes/class-wp-hook.php(310): add_custom_fields_to_api_response(Object(WP_REST_Response))
#1 /var/www/html/wp-includes/plugin.php(205): WP_Hook->apply_filters(Object(WP_REST_Response), Array)
#2 /var/www/html/wp-content/themes/new-theme/functions.php(64): apply_filters('pre_get_setting...', Object(WP_REST_Response), Object(WP_Post))
#3 /var/www/html/wp-includes/rest-api/class-wp-rest-server.php(1181): my_awesome_func(Object(WP_REST_Request))
#4 /var/www/html/wp-includes/rest-api/class-wp-rest-server.php(1028): WP_REST_Server->respond_to_request(Object(WP_REST_Request), '/wp/v2/settings', Array, NULL)
#5 /var/www/html/wp-includes/rest-api/class-wp-rest-server.php(442): WP_REST_Server->dispatch(Object(WP_REST_Request))
#6 /var/www/html/wp-includes/rest-api.php(410): WP_REST_Server->serve_request('/wp/v2/settings')
#7 /var/www/html/wp-includes/class-wp-hook.php(308): rest_api_loaded(Object(WP))
#8 /var/www/html/wp-includes/class-wp-hook.php(332): WP_Hook->apply_filters(NULL, Array)
#9 /var/www/html/wp-includes/plugin.php(565): WP_Hook->do_action(Array)
#10 /var/www/html/wp-includes/class-wp.php(399): do_action_ref_array('parse_request', Array)
#11 /var/www/html/wp-includes/class-wp.php(780): WP->parse_request('')
#12 /var/www/html/wp-includes/functions.php(1334): WP->main('')
#13 /var/www/html/wp-blog-header.php(16): wp()
#14 /var/www/html/index.php(17): require('/var/www/html/w...')
#15 {main}
  thrown in /var/www/html/wp-content/plugins/cfs-rest-api/cfs-rest-api.php on line 17

2023-09-20T08:41:05+00:00 CRITICAL Uncaught ArgumentCountError: Too few arguments to function add_custom_fields_to_api_response(), 1 passed in /var/www/html/wp-includes/class-wp-hook.php on line 310 and exactly 2 expected in /var/www/html/wp-content/plugins/cfs-rest-api/cfs-rest-api.php:17
Stack trace:
#0 /var/www/html/wp-includes/class-wp-hook.php(310): add_custom_fields_to_api_response(Object(WP_REST_Response))
#1 /var/www/html/wp-includes/plugin.php(205): WP_Hook->apply_filters(Object(WP_REST_Response), Array)
#2 /var/www/html/wp-content/themes/new-theme/functions.php(64): apply_filters('pre_get_setting...', Object(WP_REST_Response), Object(WP_Post))
#3 /var/www/html/wp-includes/rest-api/class-wp-rest-server.php(1181): my_awesome_func(Object(WP_REST_Request))
#4 /var/www/html/wp-includes/rest-api/class-wp-rest-server.php(1028): WP_REST_Server->respond_to_request(Object(WP_REST_Request), '/wp/v2/settings', Array, NULL)
#5 /var/www/html/wp-includes/rest-api/class-wp-rest-server.php(442): WP_REST_Server->dispatch(Object(WP_REST_Request))
#6 /var/www/html/wp-includes/rest-api.php(410): WP_REST_Server->serve_request('/wp/v2/settings')
#7 /var/www/html/wp-includes/class-wp-hook.php(308): rest_api_loaded(Object(WP))
#8 /var/www/html/wp-includes/class-wp-hook.php(332): WP_Hook->apply_filters(NULL, Array)
#9 /var/www/html/wp-includes/plugin.php(565): WP_Hook->do_action(Array)
#10 /var/www/html/wp-includes/class-wp.php(399): do_action_ref_array('parse_request', Array)
#11 /var/www/html/wp-includes/class-wp.php(780): WP->parse_request('')
#12 /var/www/html/wp-includes/functions.php(1334): WP->main('')
#13 /var/www/html/wp-blog-header.php(16): wp()
#14 /var/www/html/index.php(17): require('/var/www/html/w...')
#15 {main}
  thrown in /var/www/html/wp-content/plugins/cfs-rest-api/cfs-rest-api.php on line 17

2023-09-20T08:44:58+00:00 CRITICAL syntax error, unexpected token "..." in /var/www/html/wp-content/themes/new-theme/functions.php on line 64

2023-09-20T08:47:03+00:00 CRITICAL syntax error, unexpected token "[", expecting identifier or variable or "{" or "$" in /var/www/html/wp-content/themes/new-theme/functions.php on line 64

2023-09-20T08:47:06+00:00 CRITICAL syntax error, unexpected token "[", expecting identifier or variable or "{" or "$" in /var/www/html/wp-content/themes/new-theme/functions.php on line 64

2023-09-20T08:47:21+00:00 CRITICAL syntax error, unexpected variable "$response", expecting "(" in /var/www/html/wp-content/themes/new-theme/functions.php on line 64

2023-09-20T08:47:24+00:00 CRITICAL syntax error, unexpected token "as" in /var/www/html/wp-content/themes/new-theme/functions.php on line 63

2023-09-20T08:47:48+00:00 CRITICAL syntax error, unexpected token "[", expecting identifier or variable or "{" or "$" in /var/www/html/wp-content/themes/new-theme/functions.php on line 64

2023-09-20T08:47:58+00:00 CRITICAL syntax error, unexpected token "[", expecting identifier or variable or "{" or "$" in /var/www/html/wp-content/themes/new-theme/functions.php on line 64

2023-09-20T08:48:59+00:00 CRITICAL Uncaught ArgumentCountError: Too few arguments to function add_custom_fields_to_api_response(), 1 passed in /var/www/html/wp-includes/class-wp-hook.php on line 310 and exactly 2 expected in /var/www/html/wp-content/plugins/cfs-rest-api/cfs-rest-api.php:17
Stack trace:
#0 /var/www/html/wp-includes/class-wp-hook.php(310): add_custom_fields_to_api_response(Object(WP_REST_Response))
#1 /var/www/html/wp-includes/plugin.php(205): WP_Hook->apply_filters(Object(WP_REST_Response), Array)
#2 /var/www/html/wp-content/themes/new-theme/functions.php(67): apply_filters('pre_get_setting...', Object(WP_REST_Response), Object(WP_Post))
#3 /var/www/html/wp-includes/rest-api/class-wp-rest-server.php(1181): my_awesome_func(Object(WP_REST_Request))
#4 /var/www/html/wp-includes/rest-api/class-wp-rest-server.php(1028): WP_REST_Server->respond_to_request(Object(WP_REST_Request), '/wp/v2/settings', Array, NULL)
#5 /var/www/html/wp-includes/rest-api/class-wp-rest-server.php(442): WP_REST_Server->dispatch(Object(WP_REST_Request))
#6 /var/www/html/wp-includes/rest-api.php(410): WP_REST_Server->serve_request('/wp/v2/settings')
#7 /var/www/html/wp-includes/class-wp-hook.php(308): rest_api_loaded(Object(WP))
#8 /var/www/html/wp-includes/class-wp-hook.php(332): WP_Hook->apply_filters(NULL, Array)
#9 /var/www/html/wp-includes/plugin.php(565): WP_Hook->do_action(Array)
#10 /var/www/html/wp-includes/class-wp.php(399): do_action_ref_array('parse_request', Array)
#11 /var/www/html/wp-includes/class-wp.php(780): WP->parse_request('')
#12 /var/www/html/wp-includes/functions.php(1334): WP->main('')
#13 /var/www/html/wp-blog-header.php(16): wp()
#14 /var/www/html/index.php(17): require('/var/www/html/w...')
#15 {main}
  thrown in /var/www/html/wp-content/plugins/cfs-rest-api/cfs-rest-api.php on line 17

2023-09-20T08:49:00+00:00 CRITICAL Uncaught ArgumentCountError: Too few arguments to function add_custom_fields_to_api_response(), 1 passed in /var/www/html/wp-includes/class-wp-hook.php on line 310 and exactly 2 expected in /var/www/html/wp-content/plugins/cfs-rest-api/cfs-rest-api.php:17
Stack trace:
#0 /var/www/html/wp-includes/class-wp-hook.php(310): add_custom_fields_to_api_response(Object(WP_REST_Response))
#1 /var/www/html/wp-includes/plugin.php(205): WP_Hook->apply_filters(Object(WP_REST_Response), Array)
#2 /var/www/html/wp-content/themes/new-theme/functions.php(67): apply_filters('pre_get_setting...', Object(WP_REST_Response), Object(WP_Post))
#3 /var/www/html/wp-includes/rest-api/class-wp-rest-server.php(1181): my_awesome_func(Object(WP_REST_Request))
#4 /var/www/html/wp-includes/rest-api/class-wp-rest-server.php(1028): WP_REST_Server->respond_to_request(Object(WP_REST_Request), '/wp/v2/settings', Array, NULL)
#5 /var/www/html/wp-includes/rest-api/class-wp-rest-server.php(442): WP_REST_Server->dispatch(Object(WP_REST_Request))
#6 /var/www/html/wp-includes/rest-api.php(410): WP_REST_Server->serve_request('/wp/v2/settings')
#7 /var/www/html/wp-includes/class-wp-hook.php(308): rest_api_loaded(Object(WP))
#8 /var/www/html/wp-includes/class-wp-hook.php(332): WP_Hook->apply_filters(NULL, Array)
#9 /var/www/html/wp-includes/plugin.php(565): WP_Hook->do_action(Array)
#10 /var/www/html/wp-includes/class-wp.php(399): do_action_ref_array('parse_request', Array)
#11 /var/www/html/wp-includes/class-wp.php(780): WP->parse_request('')
#12 /var/www/html/wp-includes/functions.php(1334): WP->main('')
#13 /var/www/html/wp-blog-header.php(16): wp()
#14 /var/www/html/index.php(17): require('/var/www/html/w...')
#15 {main}
  thrown in /var/www/html/wp-content/plugins/cfs-rest-api/cfs-rest-api.php on line 17

2023-09-20T08:49:25+00:00 CRITICAL Uncaught Error: Call to undefined function dd() in /var/www/html/wp-content/themes/new-theme/functions.php:66
Stack trace:
#0 /var/www/html/wp-includes/rest-api/class-wp-rest-server.php(1181): my_awesome_func(Object(WP_REST_Request))
#1 /var/www/html/wp-includes/rest-api/class-wp-rest-server.php(1028): WP_REST_Server->respond_to_request(Object(WP_REST_Request), '/wp/v2/settings', Array, NULL)
#2 /var/www/html/wp-includes/rest-api/class-wp-rest-server.php(442): WP_REST_Server->dispatch(Object(WP_REST_Request))
#3 /var/www/html/wp-includes/rest-api.php(410): WP_REST_Server->serve_request('/wp/v2/settings')
#4 /var/www/html/wp-includes/class-wp-hook.php(308): rest_api_loaded(Object(WP))
#5 /var/www/html/wp-includes/class-wp-hook.php(332): WP_Hook->apply_filters(NULL, Array)
#6 /var/www/html/wp-includes/plugin.php(565): WP_Hook->do_action(Array)
#7 /var/www/html/wp-includes/class-wp.php(399): do_action_ref_array('parse_request', Array)
#8 /var/www/html/wp-includes/class-wp.php(780): WP->parse_request('')
#9 /var/www/html/wp-includes/functions.php(1334): WP->main('')
#10 /var/www/html/wp-blog-header.php(16): wp()
#11 /var/www/html/index.php(17): require('/var/www/html/w...')
#12 {main}
  thrown in /var/www/html/wp-content/themes/new-theme/functions.php on line 66

2023-09-20T08:49:27+00:00 CRITICAL Uncaught Error: Call to undefined function dd() in /var/www/html/wp-content/themes/new-theme/functions.php:66
Stack trace:
#0 /var/www/html/wp-includes/rest-api/class-wp-rest-server.php(1181): my_awesome_func(Object(WP_REST_Request))
#1 /var/www/html/wp-includes/rest-api/class-wp-rest-server.php(1028): WP_REST_Server->respond_to_request(Object(WP_REST_Request), '/wp/v2/settings', Array, NULL)
#2 /var/www/html/wp-includes/rest-api/class-wp-rest-server.php(442): WP_REST_Server->dispatch(Object(WP_REST_Request))
#3 /var/www/html/wp-includes/rest-api.php(410): WP_REST_Server->serve_request('/wp/v2/settings')
#4 /var/www/html/wp-includes/class-wp-hook.php(308): rest_api_loaded(Object(WP))
#5 /var/www/html/wp-includes/class-wp-hook.php(332): WP_Hook->apply_filters(NULL, Array)
#6 /var/www/html/wp-includes/plugin.php(565): WP_Hook->do_action(Array)
#7 /var/www/html/wp-includes/class-wp.php(399): do_action_ref_array('parse_request', Array)
#8 /var/www/html/wp-includes/class-wp.php(780): WP->parse_request('')
#9 /var/www/html/wp-includes/functions.php(1334): WP->main('')
#10 /var/www/html/wp-blog-header.php(16): wp()
#11 /var/www/html/index.php(17): require('/var/www/html/w...')
#12 {main}
  thrown in /var/www/html/wp-content/themes/new-theme/functions.php on line 66

2023-09-20T08:49:28+00:00 CRITICAL Uncaught Error: Call to undefined function dd() in /var/www/html/wp-content/themes/new-theme/functions.php:66
Stack trace:
#0 /var/www/html/wp-includes/rest-api/class-wp-rest-server.php(1181): my_awesome_func(Object(WP_REST_Request))
#1 /var/www/html/wp-includes/rest-api/class-wp-rest-server.php(1028): WP_REST_Server->respond_to_request(Object(WP_REST_Request), '/wp/v2/settings', Array, NULL)
#2 /var/www/html/wp-includes/rest-api/class-wp-rest-server.php(442): WP_REST_Server->dispatch(Object(WP_REST_Request))
#3 /var/www/html/wp-includes/rest-api.php(410): WP_REST_Server->serve_request('/wp/v2/settings')
#4 /var/www/html/wp-includes/class-wp-hook.php(308): rest_api_loaded(Object(WP))
#5 /var/www/html/wp-includes/class-wp-hook.php(332): WP_Hook->apply_filters(NULL, Array)
#6 /var/www/html/wp-includes/plugin.php(565): WP_Hook->do_action(Array)
#7 /var/www/html/wp-includes/class-wp.php(399): do_action_ref_array('parse_request', Array)
#8 /var/www/html/wp-includes/class-wp.php(780): WP->parse_request('')
#9 /var/www/html/wp-includes/functions.php(1334): WP->main('')
#10 /var/www/html/wp-blog-header.php(16): wp()
#11 /var/www/html/index.php(17): require('/var/www/html/w...')
#12 {main}
  thrown in /var/www/html/wp-content/themes/new-theme/functions.php on line 66

2023-09-20T08:49:59+00:00 CRITICAL Uncaught ArgumentCountError: Too few arguments to function add_custom_fields_to_api_response(), 1 passed in /var/www/html/wp-includes/class-wp-hook.php on line 310 and exactly 2 expected in /var/www/html/wp-content/plugins/cfs-rest-api/cfs-rest-api.php:17
Stack trace:
#0 /var/www/html/wp-includes/class-wp-hook.php(310): add_custom_fields_to_api_response(Object(WP_REST_Response))
#1 /var/www/html/wp-includes/plugin.php(205): WP_Hook->apply_filters(Object(WP_REST_Response), Array)
#2 /var/www/html/wp-content/themes/new-theme/functions.php(67): apply_filters('pre_get_setting...', Object(WP_REST_Response), Object(WP_Post))
#3 /var/www/html/wp-includes/rest-api/class-wp-rest-server.php(1181): my_awesome_func(Object(WP_REST_Request))
#4 /var/www/html/wp-includes/rest-api/class-wp-rest-server.php(1028): WP_REST_Server->respond_to_request(Object(WP_REST_Request), '/wp/v2/settings', Array, NULL)
#5 /var/www/html/wp-includes/rest-api/class-wp-rest-server.php(442): WP_REST_Server->dispatch(Object(WP_REST_Request))
#6 /var/www/html/wp-includes/rest-api.php(410): WP_REST_Server->serve_request('/wp/v2/settings')
#7 /var/www/html/wp-includes/class-wp-hook.php(308): rest_api_loaded(Object(WP))
#8 /var/www/html/wp-includes/class-wp-hook.php(332): WP_Hook->apply_filters(NULL, Array)
#9 /var/www/html/wp-includes/plugin.php(565): WP_Hook->do_action(Array)
#10 /var/www/html/wp-includes/class-wp.php(399): do_action_ref_array('parse_request', Array)
#11 /var/www/html/wp-includes/class-wp.php(780): WP->parse_request('')
#12 /var/www/html/wp-includes/functions.php(1334): WP->main('')
#13 /var/www/html/wp-blog-header.php(16): wp()
#14 /var/www/html/index.php(17): require('/var/www/html/w...')
#15 {main}
  thrown in /var/www/html/wp-content/plugins/cfs-rest-api/cfs-rest-api.php on line 17

2023-09-20T08:50:14+00:00 CRITICAL Uncaught ArgumentCountError: Too few arguments to function add_custom_fields_to_api_response(), 1 passed in /var/www/html/wp-includes/class-wp-hook.php on line 310 and exactly 2 expected in /var/www/html/wp-content/plugins/cfs-rest-api/cfs-rest-api.php:17
Stack trace:
#0 /var/www/html/wp-includes/class-wp-hook.php(310): add_custom_fields_to_api_response(Object(WP_REST_Response))
#1 /var/www/html/wp-includes/plugin.php(205): WP_Hook->apply_filters(Object(WP_REST_Response), Array)
#2 /var/www/html/wp-content/themes/new-theme/functions.php(67): apply_filters('pre_get_setting...', Object(WP_REST_Response), Object(WP_Post))
#3 /var/www/html/wp-includes/rest-api/class-wp-rest-server.php(1181): my_awesome_func(Object(WP_REST_Request))
#4 /var/www/html/wp-includes/rest-api/class-wp-rest-server.php(1028): WP_REST_Server->respond_to_request(Object(WP_REST_Request), '/wp/v2/settings', Array, NULL)
#5 /var/www/html/wp-includes/rest-api/class-wp-rest-server.php(442): WP_REST_Server->dispatch(Object(WP_REST_Request))
#6 /var/www/html/wp-includes/rest-api.php(410): WP_REST_Server->serve_request('/wp/v2/settings')
#7 /var/www/html/wp-includes/class-wp-hook.php(308): rest_api_loaded(Object(WP))
#8 /var/www/html/wp-includes/class-wp-hook.php(332): WP_Hook->apply_filters(NULL, Array)
#9 /var/www/html/wp-includes/plugin.php(565): WP_Hook->do_action(Array)
#10 /var/www/html/wp-includes/class-wp.php(399): do_action_ref_array('parse_request', Array)
#11 /var/www/html/wp-includes/class-wp.php(780): WP->parse_request('')
#12 /var/www/html/wp-includes/functions.php(1334): WP->main('')
#13 /var/www/html/wp-blog-header.php(16): wp()
#14 /var/www/html/index.php(17): require('/var/www/html/w...')
#15 {main}
  thrown in /var/www/html/wp-content/plugins/cfs-rest-api/cfs-rest-api.php on line 17

2023-09-20T08:50:51+00:00 CRITICAL Uncaught ArgumentCountError: Too few arguments to function add_custom_fields_to_api_response(), 1 passed in /var/www/html/wp-includes/class-wp-hook.php on line 310 and exactly 2 expected in /var/www/html/wp-content/plugins/cfs-rest-api/cfs-rest-api.php:17
Stack trace:
#0 /var/www/html/wp-includes/class-wp-hook.php(310): add_custom_fields_to_api_response(Object(WP_REST_Response))
#1 /var/www/html/wp-includes/plugin.php(205): WP_Hook->apply_filters(Object(WP_REST_Response), Array)
#2 /var/www/html/wp-content/themes/new-theme/functions.php(66): apply_filters('pre_get_setting...', Object(WP_REST_Response), Object(WP_Post))
#3 /var/www/html/wp-includes/rest-api/class-wp-rest-server.php(1181): my_awesome_func(Object(WP_REST_Request))
#4 /var/www/html/wp-includes/rest-api/class-wp-rest-server.php(1028): WP_REST_Server->respond_to_request(Object(WP_REST_Request), '/wp/v2/settings', Array, NULL)
#5 /var/www/html/wp-includes/rest-api/class-wp-rest-server.php(442): WP_REST_Server->dispatch(Object(WP_REST_Request))
#6 /var/www/html/wp-includes/rest-api.php(410): WP_REST_Server->serve_request('/wp/v2/settings')
#7 /var/www/html/wp-includes/class-wp-hook.php(308): rest_api_loaded(Object(WP))
#8 /var/www/html/wp-includes/class-wp-hook.php(332): WP_Hook->apply_filters(NULL, Array)
#9 /var/www/html/wp-includes/plugin.php(565): WP_Hook->do_action(Array)
#10 /var/www/html/wp-includes/class-wp.php(399): do_action_ref_array('parse_request', Array)
#11 /var/www/html/wp-includes/class-wp.php(780): WP->parse_request('')
#12 /var/www/html/wp-includes/functions.php(1334): WP->main('')
#13 /var/www/html/wp-blog-header.php(16): wp()
#14 /var/www/html/index.php(17): require('/var/www/html/w...')
#15 {main}
  thrown in /var/www/html/wp-content/plugins/cfs-rest-api/cfs-rest-api.php on line 17

2023-09-20T08:50:52+00:00 CRITICAL Uncaught ArgumentCountError: Too few arguments to function add_custom_fields_to_api_response(), 1 passed in /var/www/html/wp-includes/class-wp-hook.php on line 310 and exactly 2 expected in /var/www/html/wp-content/plugins/cfs-rest-api/cfs-rest-api.php:17
Stack trace:
#0 /var/www/html/wp-includes/class-wp-hook.php(310): add_custom_fields_to_api_response(Object(WP_REST_Response))
#1 /var/www/html/wp-includes/plugin.php(205): WP_Hook->apply_filters(Object(WP_REST_Response), Array)
#2 /var/www/html/wp-content/themes/new-theme/functions.php(66): apply_filters('pre_get_setting...', Object(WP_REST_Response), Object(WP_Post))
#3 /var/www/html/wp-includes/rest-api/class-wp-rest-server.php(1181): my_awesome_func(Object(WP_REST_Request))
#4 /var/www/html/wp-includes/rest-api/class-wp-rest-server.php(1028): WP_REST_Server->respond_to_request(Object(WP_REST_Request), '/wp/v2/settings', Array, NULL)
#5 /var/www/html/wp-includes/rest-api/class-wp-rest-server.php(442): WP_REST_Server->dispatch(Object(WP_REST_Request))
#6 /var/www/html/wp-includes/rest-api.php(410): WP_REST_Server->serve_request('/wp/v2/settings')
#7 /var/www/html/wp-includes/class-wp-hook.php(308): rest_api_loaded(Object(WP))
#8 /var/www/html/wp-includes/class-wp-hook.php(332): WP_Hook->apply_filters(NULL, Array)
#9 /var/www/html/wp-includes/plugin.php(565): WP_Hook->do_action(Array)
#10 /var/www/html/wp-includes/class-wp.php(399): do_action_ref_array('parse_request', Array)
#11 /var/www/html/wp-includes/class-wp.php(780): WP->parse_request('')
#12 /var/www/html/wp-includes/functions.php(1334): WP->main('')
#13 /var/www/html/wp-blog-header.php(16): wp()
#14 /var/www/html/index.php(17): require('/var/www/html/w...')
#15 {main}
  thrown in /var/www/html/wp-content/plugins/cfs-rest-api/cfs-rest-api.php on line 17

2023-09-20T08:51:28+00:00 CRITICAL Uncaught ArgumentCountError: Too few arguments to function add_custom_fields_to_api_response(), 1 passed in /var/www/html/wp-includes/class-wp-hook.php on line 310 and exactly 2 expected in /var/www/html/wp-content/plugins/cfs-rest-api/cfs-rest-api.php:17
Stack trace:
#0 /var/www/html/wp-includes/class-wp-hook.php(310): add_custom_fields_to_api_response(Object(WP_REST_Response))
#1 /var/www/html/wp-includes/plugin.php(205): WP_Hook->apply_filters(Object(WP_REST_Response), Array)
#2 /var/www/html/wp-content/themes/new-theme/functions.php(66): apply_filters('pre_get_setting...', Object(WP_REST_Response), Object(WP_Post))
#3 /var/www/html/wp-includes/rest-api/class-wp-rest-server.php(1181): my_awesome_func(Object(WP_REST_Request))
#4 /var/www/html/wp-includes/rest-api/class-wp-rest-server.php(1028): WP_REST_Server->respond_to_request(Object(WP_REST_Request), '/wp/v2/settings', Array, NULL)
#5 /var/www/html/wp-includes/rest-api/class-wp-rest-server.php(442): WP_REST_Server->dispatch(Object(WP_REST_Request))
#6 /var/www/html/wp-includes/rest-api.php(410): WP_REST_Server->serve_request('/wp/v2/settings')
#7 /var/www/html/wp-includes/class-wp-hook.php(308): rest_api_loaded(Object(WP))
#8 /var/www/html/wp-includes/class-wp-hook.php(332): WP_Hook->apply_filters(NULL, Array)
#9 /var/www/html/wp-includes/plugin.php(565): WP_Hook->do_action(Array)
#10 /var/www/html/wp-includes/class-wp.php(399): do_action_ref_array('parse_request', Array)
#11 /var/www/html/wp-includes/class-wp.php(780): WP->parse_request('')
#12 /var/www/html/wp-includes/functions.php(1334): WP->main('')
#13 /var/www/html/wp-blog-header.php(16): wp()
#14 /var/www/html/index.php(17): require('/var/www/html/w...')
#15 {main}
  thrown in /var/www/html/wp-content/plugins/cfs-rest-api/cfs-rest-api.php on line 17

2023-09-20T08:51:29+00:00 CRITICAL Uncaught ArgumentCountError: Too few arguments to function add_custom_fields_to_api_response(), 1 passed in /var/www/html/wp-includes/class-wp-hook.php on line 310 and exactly 2 expected in /var/www/html/wp-content/plugins/cfs-rest-api/cfs-rest-api.php:17
Stack trace:
#0 /var/www/html/wp-includes/class-wp-hook.php(310): add_custom_fields_to_api_response(Object(WP_REST_Response))
#1 /var/www/html/wp-includes/plugin.php(205): WP_Hook->apply_filters(Object(WP_REST_Response), Array)
#2 /var/www/html/wp-content/themes/new-theme/functions.php(66): apply_filters('pre_get_setting...', Object(WP_REST_Response), Object(WP_Post))
#3 /var/www/html/wp-includes/rest-api/class-wp-rest-server.php(1181): my_awesome_func(Object(WP_REST_Request))
#4 /var/www/html/wp-includes/rest-api/class-wp-rest-server.php(1028): WP_REST_Server->respond_to_request(Object(WP_REST_Request), '/wp/v2/settings', Array, NULL)
#5 /var/www/html/wp-includes/rest-api/class-wp-rest-server.php(442): WP_REST_Server->dispatch(Object(WP_REST_Request))
#6 /var/www/html/wp-includes/rest-api.php(410): WP_REST_Server->serve_request('/wp/v2/settings')
#7 /var/www/html/wp-includes/class-wp-hook.php(308): rest_api_loaded(Object(WP))
#8 /var/www/html/wp-includes/class-wp-hook.php(332): WP_Hook->apply_filters(NULL, Array)
#9 /var/www/html/wp-includes/plugin.php(565): WP_Hook->do_action(Array)
#10 /var/www/html/wp-includes/class-wp.php(399): do_action_ref_array('parse_request', Array)
#11 /var/www/html/wp-includes/class-wp.php(780): WP->parse_request('')
#12 /var/www/html/wp-includes/functions.php(1334): WP->main('')
#13 /var/www/html/wp-blog-header.php(16): wp()
#14 /var/www/html/index.php(17): require('/var/www/html/w...')
#15 {main}
  thrown in /var/www/html/wp-content/plugins/cfs-rest-api/cfs-rest-api.php on line 17

2023-09-20T09:21:23+00:00 CRITICAL syntax error, unexpected token "if" in /var/www/html/wp-content/themes/new-theme/functions.php on line 72

