2023-09-17T03:09:56+00:00 CRITICAL syntax error, unexpected token "}" in /var/www/html/wp-content/themes/new-theme/functions.php on line 13

2023-09-17T03:09:59+00:00 CRITICAL syntax error, unexpected token "}" in /var/www/html/wp-content/themes/new-theme/functions.php on line 13

2023-09-17T03:10:00+00:00 CRITICAL syntax error, unexpected token "}" in /var/www/html/wp-content/themes/new-theme/functions.php on line 13

2023-09-17T03:12:25+00:00 CRITICAL syntax error, unexpected token "}", expecting ";" in /var/www/html/wp-content/themes/new-theme/functions.php on line 13

2023-09-17T03:15:56+00:00 CRITICAL syntax error, unexpected variable "$result", expecting ";" in /var/www/html/wp-content/themes/new-theme/functions.php on line 20

2023-09-17T03:16:41+00:00 CRITICAL Uncaught Error: Call to a member function get_matched_route() on string in /var/www/html/wp-includes/rest-api.php:805
Stack trace:
#0 /var/www/html/wp-includes/class-wp-hook.php(308): rest_send_allow_header('object', Object(WP_REST_Server), Object(WP_REST_Request))
#1 /var/www/html/wp-includes/plugin.php(205): WP_Hook->apply_filters('object', Array)
#2 /var/www/html/wp-includes/rest-api/class-wp-rest-server.php(465): apply_filters('rest_post_dispa...', Object(WP_REST_Response), Object(WP_REST_Server), Object(WP_REST_Request))
#3 /var/www/html/wp-includes/rest-api.php(410): WP_REST_Server->serve_request('/')
#4 /var/www/html/wp-includes/class-wp-hook.php(308): rest_api_loaded(Object(WP))
#5 /var/www/html/wp-includes/class-wp-hook.php(332): WP_Hook->apply_filters(NULL, Array)
#6 /var/www/html/wp-includes/plugin.php(565): WP_Hook->do_action(Array)
#7 /var/www/html/wp-includes/class-wp.php(399): do_action_ref_array('parse_request', Array)
#8 /var/www/html/wp-includes/class-wp.php(780): WP->parse_request('')
#9 /var/www/html/wp-includes/functions.php(1334): WP->main('')
#10 /var/www/html/wp-blog-header.php(16): wp()
#11 /var/www/html/index.php(17): require('/var/www/html/w...')
#12 {main}
  thrown in /var/www/html/wp-includes/rest-api.php on line 805

2023-09-17T03:16:58+00:00 CRITICAL Uncaught Error: Call to a member function get_matched_route() on string in /var/www/html/wp-includes/rest-api.php:805
Stack trace:
#0 /var/www/html/wp-includes/class-wp-hook.php(308): rest_send_allow_header('object', Object(WP_REST_Server), Object(WP_REST_Request))
#1 /var/www/html/wp-includes/plugin.php(205): WP_Hook->apply_filters('object', Array)
#2 /var/www/html/wp-includes/rest-api/class-wp-rest-server.php(465): apply_filters('rest_post_dispa...', Object(WP_REST_Response), Object(WP_REST_Server), Object(WP_REST_Request))
#3 /var/www/html/wp-includes/rest-api.php(410): WP_REST_Server->serve_request('/')
#4 /var/www/html/wp-includes/class-wp-hook.php(308): rest_api_loaded(Object(WP))
#5 /var/www/html/wp-includes/class-wp-hook.php(332): WP_Hook->apply_filters(NULL, Array)
#6 /var/www/html/wp-includes/plugin.php(565): WP_Hook->do_action(Array)
#7 /var/www/html/wp-includes/class-wp.php(399): do_action_ref_array('parse_request', Array)
#8 /var/www/html/wp-includes/class-wp.php(780): WP->parse_request('')
#9 /var/www/html/wp-includes/functions.php(1334): WP->main('')
#10 /var/www/html/wp-blog-header.php(16): wp()
#11 /var/www/html/index.php(17): require('/var/www/html/w...')
#12 {main}
  thrown in /var/www/html/wp-includes/rest-api.php on line 805

2023-09-17T03:17:07+00:00 CRITICAL Uncaught ArgumentCountError: Too few arguments to function wp_kama_rest_post_dispatch_filter(), 1 passed in /var/www/html/wp-includes/class-wp-hook.php on line 310 and exactly 3 expected in /var/www/html/wp-content/themes/new-theme/functions.php:19
Stack trace:
#0 /var/www/html/wp-includes/class-wp-hook.php(310): wp_kama_rest_post_dispatch_filter(Object(WP_REST_Response))
#1 /var/www/html/wp-includes/plugin.php(205): WP_Hook->apply_filters(Object(WP_REST_Response), Array)
#2 /var/www/html/wp-includes/rest-api/class-wp-rest-server.php(465): apply_filters('rest_post_dispa...', Object(WP_REST_Response), Object(WP_REST_Server), Object(WP_REST_Request))
#3 /var/www/html/wp-includes/rest-api.php(410): WP_REST_Server->serve_request('/')
#4 /var/www/html/wp-includes/class-wp-hook.php(308): rest_api_loaded(Object(WP))
#5 /var/www/html/wp-includes/class-wp-hook.php(332): WP_Hook->apply_filters(NULL, Array)
#6 /var/www/html/wp-includes/plugin.php(565): WP_Hook->do_action(Array)
#7 /var/www/html/wp-includes/class-wp.php(399): do_action_ref_array('parse_request', Array)
#8 /var/www/html/wp-includes/class-wp.php(780): WP->parse_request('')
#9 /var/www/html/wp-includes/functions.php(1334): WP->main('')
#10 /var/www/html/wp-blog-header.php(16): wp()
#11 /var/www/html/index.php(17): require('/var/www/html/w...')
#12 {main}
  thrown in /var/www/html/wp-content/themes/new-theme/functions.php on line 19

2023-09-17T03:17:20+00:00 CRITICAL Uncaught Error: Call to a member function get_matched_route() on string in /var/www/html/wp-includes/rest-api.php:805
Stack trace:
#0 /var/www/html/wp-includes/class-wp-hook.php(308): rest_send_allow_header('object', Object(WP_REST_Server), Object(WP_REST_Request))
#1 /var/www/html/wp-includes/plugin.php(205): WP_Hook->apply_filters('object', Array)
#2 /var/www/html/wp-includes/rest-api/class-wp-rest-server.php(465): apply_filters('rest_post_dispa...', Object(WP_REST_Response), Object(WP_REST_Server), Object(WP_REST_Request))
#3 /var/www/html/wp-includes/rest-api.php(410): WP_REST_Server->serve_request('/')
#4 /var/www/html/wp-includes/class-wp-hook.php(308): rest_api_loaded(Object(WP))
#5 /var/www/html/wp-includes/class-wp-hook.php(332): WP_Hook->apply_filters(NULL, Array)
#6 /var/www/html/wp-includes/plugin.php(565): WP_Hook->do_action(Array)
#7 /var/www/html/wp-includes/class-wp.php(399): do_action_ref_array('parse_request', Array)
#8 /var/www/html/wp-includes/class-wp.php(780): WP->parse_request('')
#9 /var/www/html/wp-includes/functions.php(1334): WP->main('')
#10 /var/www/html/wp-blog-header.php(16): wp()
#11 /var/www/html/index.php(17): require('/var/www/html/w...')
#12 {main}
  thrown in /var/www/html/wp-includes/rest-api.php on line 805

2023-09-17T03:17:31+00:00 CRITICAL Uncaught Error: Call to a member function get_matched_route() on string in /var/www/html/wp-includes/rest-api.php:805
Stack trace:
#0 /var/www/html/wp-includes/class-wp-hook.php(308): rest_send_allow_header('object', Object(WP_REST_Server), Object(WP_REST_Request))
#1 /var/www/html/wp-includes/plugin.php(205): WP_Hook->apply_filters('object', Array)
#2 /var/www/html/wp-includes/rest-api/class-wp-rest-server.php(465): apply_filters('rest_post_dispa...', Object(WP_REST_Response), Object(WP_REST_Server), Object(WP_REST_Request))
#3 /var/www/html/wp-includes/rest-api.php(410): WP_REST_Server->serve_request('/')
#4 /var/www/html/wp-includes/class-wp-hook.php(308): rest_api_loaded(Object(WP))
#5 /var/www/html/wp-includes/class-wp-hook.php(332): WP_Hook->apply_filters(NULL, Array)
#6 /var/www/html/wp-includes/plugin.php(565): WP_Hook->do_action(Array)
#7 /var/www/html/wp-includes/class-wp.php(399): do_action_ref_array('parse_request', Array)
#8 /var/www/html/wp-includes/class-wp.php(780): WP->parse_request('')
#9 /var/www/html/wp-includes/functions.php(1334): WP->main('')
#10 /var/www/html/wp-blog-header.php(16): wp()
#11 /var/www/html/index.php(17): require('/var/www/html/w...')
#12 {main}
  thrown in /var/www/html/wp-includes/rest-api.php on line 805

2023-09-17T03:17:32+00:00 CRITICAL Uncaught Error: Call to a member function get_matched_route() on string in /var/www/html/wp-includes/rest-api.php:805
Stack trace:
#0 /var/www/html/wp-includes/class-wp-hook.php(308): rest_send_allow_header('object', Object(WP_REST_Server), Object(WP_REST_Request))
#1 /var/www/html/wp-includes/plugin.php(205): WP_Hook->apply_filters('object', Array)
#2 /var/www/html/wp-includes/rest-api/class-wp-rest-server.php(465): apply_filters('rest_post_dispa...', Object(WP_REST_Response), Object(WP_REST_Server), Object(WP_REST_Request))
#3 /var/www/html/wp-includes/rest-api.php(410): WP_REST_Server->serve_request('/')
#4 /var/www/html/wp-includes/class-wp-hook.php(308): rest_api_loaded(Object(WP))
#5 /var/www/html/wp-includes/class-wp-hook.php(332): WP_Hook->apply_filters(NULL, Array)
#6 /var/www/html/wp-includes/plugin.php(565): WP_Hook->do_action(Array)
#7 /var/www/html/wp-includes/class-wp.php(399): do_action_ref_array('parse_request', Array)
#8 /var/www/html/wp-includes/class-wp.php(780): WP->parse_request('')
#9 /var/www/html/wp-includes/functions.php(1334): WP->main('')
#10 /var/www/html/wp-blog-header.php(16): wp()
#11 /var/www/html/index.php(17): require('/var/www/html/w...')
#12 {main}
  thrown in /var/www/html/wp-includes/rest-api.php on line 805

2023-09-17T03:17:33+00:00 CRITICAL Uncaught Error: Call to a member function get_matched_route() on string in /var/www/html/wp-includes/rest-api.php:805
Stack trace:
#0 /var/www/html/wp-includes/class-wp-hook.php(308): rest_send_allow_header('object', Object(WP_REST_Server), Object(WP_REST_Request))
#1 /var/www/html/wp-includes/plugin.php(205): WP_Hook->apply_filters('object', Array)
#2 /var/www/html/wp-includes/rest-api/class-wp-rest-server.php(465): apply_filters('rest_post_dispa...', Object(WP_REST_Response), Object(WP_REST_Server), Object(WP_REST_Request))
#3 /var/www/html/wp-includes/rest-api.php(410): WP_REST_Server->serve_request('/')
#4 /var/www/html/wp-includes/class-wp-hook.php(308): rest_api_loaded(Object(WP))
#5 /var/www/html/wp-includes/class-wp-hook.php(332): WP_Hook->apply_filters(NULL, Array)
#6 /var/www/html/wp-includes/plugin.php(565): WP_Hook->do_action(Array)
#7 /var/www/html/wp-includes/class-wp.php(399): do_action_ref_array('parse_request', Array)
#8 /var/www/html/wp-includes/class-wp.php(780): WP->parse_request('')
#9 /var/www/html/wp-includes/functions.php(1334): WP->main('')
#10 /var/www/html/wp-blog-header.php(16): wp()
#11 /var/www/html/index.php(17): require('/var/www/html/w...')
#12 {main}
  thrown in /var/www/html/wp-includes/rest-api.php on line 805

2023-09-17T03:17:51+00:00 CRITICAL Uncaught Error: Call to a member function get_matched_route() on string in /var/www/html/wp-includes/rest-api.php:805
Stack trace:
#0 /var/www/html/wp-includes/class-wp-hook.php(308): rest_send_allow_header('object', Object(WP_REST_Server), Object(WP_REST_Request))
#1 /var/www/html/wp-includes/plugin.php(205): WP_Hook->apply_filters('object', Array)
#2 /var/www/html/wp-includes/rest-api/class-wp-rest-server.php(465): apply_filters('rest_post_dispa...', Object(WP_REST_Response), Object(WP_REST_Server), Object(WP_REST_Request))
#3 /var/www/html/wp-includes/rest-api.php(410): WP_REST_Server->serve_request('/')
#4 /var/www/html/wp-includes/class-wp-hook.php(308): rest_api_loaded(Object(WP))
#5 /var/www/html/wp-includes/class-wp-hook.php(332): WP_Hook->apply_filters(NULL, Array)
#6 /var/www/html/wp-includes/plugin.php(565): WP_Hook->do_action(Array)
#7 /var/www/html/wp-includes/class-wp.php(399): do_action_ref_array('parse_request', Array)
#8 /var/www/html/wp-includes/class-wp.php(780): WP->parse_request('')
#9 /var/www/html/wp-includes/functions.php(1334): WP->main('')
#10 /var/www/html/wp-blog-header.php(16): wp()
#11 /var/www/html/index.php(17): require('/var/www/html/w...')
#12 {main}
  thrown in /var/www/html/wp-includes/rest-api.php on line 805

2023-09-17T03:17:52+00:00 CRITICAL Uncaught Error: Call to a member function get_matched_route() on string in /var/www/html/wp-includes/rest-api.php:805
Stack trace:
#0 /var/www/html/wp-includes/class-wp-hook.php(308): rest_send_allow_header('object', Object(WP_REST_Server), Object(WP_REST_Request))
#1 /var/www/html/wp-includes/plugin.php(205): WP_Hook->apply_filters('object', Array)
#2 /var/www/html/wp-includes/rest-api/class-wp-rest-server.php(465): apply_filters('rest_post_dispa...', Object(WP_REST_Response), Object(WP_REST_Server), Object(WP_REST_Request))
#3 /var/www/html/wp-includes/rest-api.php(410): WP_REST_Server->serve_request('/')
#4 /var/www/html/wp-includes/class-wp-hook.php(308): rest_api_loaded(Object(WP))
#5 /var/www/html/wp-includes/class-wp-hook.php(332): WP_Hook->apply_filters(NULL, Array)
#6 /var/www/html/wp-includes/plugin.php(565): WP_Hook->do_action(Array)
#7 /var/www/html/wp-includes/class-wp.php(399): do_action_ref_array('parse_request', Array)
#8 /var/www/html/wp-includes/class-wp.php(780): WP->parse_request('')
#9 /var/www/html/wp-includes/functions.php(1334): WP->main('')
#10 /var/www/html/wp-blog-header.php(16): wp()
#11 /var/www/html/index.php(17): require('/var/www/html/w...')
#12 {main}
  thrown in /var/www/html/wp-includes/rest-api.php on line 805

2023-09-17T03:17:53+00:00 CRITICAL Uncaught Error: Call to a member function get_matched_route() on string in /var/www/html/wp-includes/rest-api.php:805
Stack trace:
#0 /var/www/html/wp-includes/class-wp-hook.php(308): rest_send_allow_header('object', Object(WP_REST_Server), Object(WP_REST_Request))
#1 /var/www/html/wp-includes/plugin.php(205): WP_Hook->apply_filters('object', Array)
#2 /var/www/html/wp-includes/rest-api/class-wp-rest-server.php(465): apply_filters('rest_post_dispa...', Object(WP_REST_Response), Object(WP_REST_Server), Object(WP_REST_Request))
#3 /var/www/html/wp-includes/rest-api.php(410): WP_REST_Server->serve_request('/')
#4 /var/www/html/wp-includes/class-wp-hook.php(308): rest_api_loaded(Object(WP))
#5 /var/www/html/wp-includes/class-wp-hook.php(332): WP_Hook->apply_filters(NULL, Array)
#6 /var/www/html/wp-includes/plugin.php(565): WP_Hook->do_action(Array)
#7 /var/www/html/wp-includes/class-wp.php(399): do_action_ref_array('parse_request', Array)
#8 /var/www/html/wp-includes/class-wp.php(780): WP->parse_request('')
#9 /var/www/html/wp-includes/functions.php(1334): WP->main('')
#10 /var/www/html/wp-blog-header.php(16): wp()
#11 /var/www/html/index.php(17): require('/var/www/html/w...')
#12 {main}
  thrown in /var/www/html/wp-includes/rest-api.php on line 805

2023-09-17T03:18:24+00:00 CRITICAL Allowed memory size of 134217728 bytes exhausted (tried to allocate 65015808 bytes) in /var/www/html/wp-content/themes/new-theme/functions.php on line 20

2023-09-17T03:18:26+00:00 CRITICAL Allowed memory size of 134217728 bytes exhausted (tried to allocate 52432896 bytes) in /var/www/html/wp-content/themes/new-theme/functions.php on line 20

2023-09-17T03:31:54+00:00 CRITICAL Uncaught ArgumentCountError: Too few arguments to function add_menu_page(), 1 passed in /var/www/html/wp-content/plugins/my-plugin/my-plugin.php on line 21 and at least 4 expected in /var/www/html/wp-admin/includes/plugin.php:1305
Stack trace:
#0 /var/www/html/wp-content/plugins/my-plugin/my-plugin.php(21): add_menu_page('MyMenu')
#1 /var/www/html/wp-includes/class-wp-hook.php(308): sp_admin_menu('')
#2 /var/www/html/wp-includes/class-wp-hook.php(332): WP_Hook->apply_filters(NULL, Array)
#3 /var/www/html/wp-includes/plugin.php(517): WP_Hook->do_action(Array)
#4 /var/www/html/wp-admin/includes/menu.php(155): do_action('admin_menu', '')
#5 /var/www/html/wp-admin/menu.php(420): require_once('/var/www/html/w...')
#6 /var/www/html/wp-admin/admin.php(158): require('/var/www/html/w...')
#7 /var/www/html/wp-admin/index.php(10): require_once('/var/www/html/w...')
#8 {main}
  thrown in /var/www/html/wp-admin/includes/plugin.php on line 1305

2023-09-17T03:32:19+00:00 CRITICAL Uncaught ArgumentCountError: Too few arguments to function add_menu_page(), 0 passed in /var/www/html/wp-content/plugins/my-plugin/my-plugin.php on line 20 and at least 4 expected in /var/www/html/wp-admin/includes/plugin.php:1305
Stack trace:
#0 /var/www/html/wp-content/plugins/my-plugin/my-plugin.php(20): add_menu_page()
#1 /var/www/html/wp-includes/class-wp-hook.php(308): sp_admin_menu('')
#2 /var/www/html/wp-includes/class-wp-hook.php(332): WP_Hook->apply_filters(NULL, Array)
#3 /var/www/html/wp-includes/plugin.php(517): WP_Hook->do_action(Array)
#4 /var/www/html/wp-admin/includes/menu.php(155): do_action('admin_menu', '')
#5 /var/www/html/wp-admin/menu.php(420): require_once('/var/www/html/w...')
#6 /var/www/html/wp-admin/admin.php(158): require('/var/www/html/w...')
#7 /var/www/html/wp-admin/index.php(10): require_once('/var/www/html/w...')
#8 {main}
  thrown in /var/www/html/wp-admin/includes/plugin.php on line 1305

2023-09-17T03:32:20+00:00 CRITICAL Uncaught ArgumentCountError: Too few arguments to function add_menu_page(), 0 passed in /var/www/html/wp-content/plugins/my-plugin/my-plugin.php on line 20 and at least 4 expected in /var/www/html/wp-admin/includes/plugin.php:1305
Stack trace:
#0 /var/www/html/wp-content/plugins/my-plugin/my-plugin.php(20): add_menu_page()
#1 /var/www/html/wp-includes/class-wp-hook.php(308): sp_admin_menu('')
#2 /var/www/html/wp-includes/class-wp-hook.php(332): WP_Hook->apply_filters(NULL, Array)
#3 /var/www/html/wp-includes/plugin.php(517): WP_Hook->do_action(Array)
#4 /var/www/html/wp-admin/includes/menu.php(155): do_action('admin_menu', '')
#5 /var/www/html/wp-admin/menu.php(420): require_once('/var/www/html/w...')
#6 /var/www/html/wp-admin/admin.php(158): require('/var/www/html/w...')
#7 /var/www/html/wp-admin/index.php(10): require_once('/var/www/html/w...')
#8 {main}
  thrown in /var/www/html/wp-admin/includes/plugin.php on line 1305

2023-09-17T03:32:59+00:00 CRITICAL Uncaught ArgumentCountError: Too few arguments to function add_menu_page(), 3 passed in /var/www/html/wp-content/plugins/my-plugin/my-plugin.php on line 23 and at least 4 expected in /var/www/html/wp-admin/includes/plugin.php:1305
Stack trace:
#0 /var/www/html/wp-content/plugins/my-plugin/my-plugin.php(23): add_menu_page('MyMenu', 'MyMenu', 'MyMenu')
#1 /var/www/html/wp-includes/class-wp-hook.php(308): sp_admin_menu('')
#2 /var/www/html/wp-includes/class-wp-hook.php(332): WP_Hook->apply_filters(NULL, Array)
#3 /var/www/html/wp-includes/plugin.php(517): WP_Hook->do_action(Array)
#4 /var/www/html/wp-admin/includes/menu.php(155): do_action('admin_menu', '')
#5 /var/www/html/wp-admin/menu.php(420): require_once('/var/www/html/w...')
#6 /var/www/html/wp-admin/admin.php(158): require('/var/www/html/w...')
#7 /var/www/html/wp-admin/index.php(10): require_once('/var/www/html/w...')
#8 {main}
  thrown in /var/www/html/wp-admin/includes/plugin.php on line 1305

2023-09-17T03:33:00+00:00 CRITICAL Uncaught ArgumentCountError: Too few arguments to function add_menu_page(), 3 passed in /var/www/html/wp-content/plugins/my-plugin/my-plugin.php on line 23 and at least 4 expected in /var/www/html/wp-admin/includes/plugin.php:1305
Stack trace:
#0 /var/www/html/wp-content/plugins/my-plugin/my-plugin.php(23): add_menu_page('MyMenu', 'MyMenu', 'MyMenu')
#1 /var/www/html/wp-includes/class-wp-hook.php(308): sp_admin_menu('')
#2 /var/www/html/wp-includes/class-wp-hook.php(332): WP_Hook->apply_filters(NULL, Array)
#3 /var/www/html/wp-includes/plugin.php(517): WP_Hook->do_action(Array)
#4 /var/www/html/wp-admin/includes/menu.php(155): do_action('admin_menu', '')
#5 /var/www/html/wp-admin/menu.php(420): require_once('/var/www/html/w...')
#6 /var/www/html/wp-admin/admin.php(158): require('/var/www/html/w...')
#7 /var/www/html/wp-admin/index.php(10): require_once('/var/www/html/w...')
#8 {main}
  thrown in /var/www/html/wp-admin/includes/plugin.php on line 1305

2023-09-17T03:39:51+00:00 CRITICAL Uncaught Error: Failed opening required '/var/www/html/wp-content/plugins/my-plugin/my-plugin.php/adminpages/MyPage.php' (include_path='.:/usr/local/lib/php') in /var/www/html/wp-content/plugins/my-plugin/my-plugin.php:31
Stack trace:
#0 /var/www/html/wp-includes/class-wp-hook.php(308): myMenuFunction('')
#1 /var/www/html/wp-includes/class-wp-hook.php(332): WP_Hook->apply_filters('', Array)
#2 /var/www/html/wp-includes/plugin.php(517): WP_Hook->do_action(Array)
#3 /var/www/html/wp-admin/admin.php(259): do_action('toplevel_page_m...')
#4 {main}
  thrown in /var/www/html/wp-content/plugins/my-plugin/my-plugin.php on line 31

2023-09-17T03:40:25+00:00 CRITICAL Uncaught Error: Failed opening required '/adminpages/MyPage.php' (include_path='.:/usr/local/lib/php') in /var/www/html/wp-content/plugins/my-plugin/my-plugin.php:31
Stack trace:
#0 /var/www/html/wp-includes/class-wp-hook.php(308): myMenuFunction('')
#1 /var/www/html/wp-includes/class-wp-hook.php(332): WP_Hook->apply_filters('', Array)
#2 /var/www/html/wp-includes/plugin.php(517): WP_Hook->do_action(Array)
#3 /var/www/html/wp-admin/admin.php(259): do_action('toplevel_page_m...')
#4 {main}
  thrown in /var/www/html/wp-content/plugins/my-plugin/my-plugin.php on line 31

2023-09-17T03:40:33+00:00 CRITICAL Uncaught Error: Failed opening required '/adminpages/MyPage.php' (include_path='.:/usr/local/lib/php') in /var/www/html/wp-content/plugins/my-plugin/my-plugin.php:31
Stack trace:
#0 /var/www/html/wp-includes/class-wp-hook.php(308): myMenuFunction('')
#1 /var/www/html/wp-includes/class-wp-hook.php(332): WP_Hook->apply_filters('', Array)
#2 /var/www/html/wp-includes/plugin.php(517): WP_Hook->do_action(Array)
#3 /var/www/html/wp-admin/admin.php(259): do_action('toplevel_page_m...')
#4 {main}
  thrown in /var/www/html/wp-content/plugins/my-plugin/my-plugin.php on line 31

2023-09-17T03:40:36+00:00 CRITICAL Uncaught Error: Failed opening required '/adminpages/MyPage.php' (include_path='.:/usr/local/lib/php') in /var/www/html/wp-content/plugins/my-plugin/my-plugin.php:31
Stack trace:
#0 /var/www/html/wp-includes/class-wp-hook.php(308): myMenuFunction('')
#1 /var/www/html/wp-includes/class-wp-hook.php(332): WP_Hook->apply_filters('', Array)
#2 /var/www/html/wp-includes/plugin.php(517): WP_Hook->do_action(Array)
#3 /var/www/html/wp-admin/admin.php(259): do_action('toplevel_page_m...')
#4 {main}
  thrown in /var/www/html/wp-content/plugins/my-plugin/my-plugin.php on line 31

2023-09-17T03:41:27+00:00 CRITICAL Uncaught Error: Failed opening required '/var/www/html/wp-content/plugins/my-plugin/my-plugin.php./adminpages/MyPage.php' (include_path='.:/usr/local/lib/php') in /var/www/html/wp-content/plugins/my-plugin/my-plugin.php:31
Stack trace:
#0 /var/www/html/wp-includes/class-wp-hook.php(308): myMenuFunction('')
#1 /var/www/html/wp-includes/class-wp-hook.php(332): WP_Hook->apply_filters('', Array)
#2 /var/www/html/wp-includes/plugin.php(517): WP_Hook->do_action(Array)
#3 /var/www/html/wp-admin/admin.php(259): do_action('toplevel_page_m...')
#4 {main}
  thrown in /var/www/html/wp-content/plugins/my-plugin/my-plugin.php on line 31

2023-09-17T03:41:46+00:00 CRITICAL Uncaught Error: Failed opening required '/var/www/html/wp-content/plugins/my-plugin/my-plugin.php/adminpages/MyPage.php' (include_path='.:/usr/local/lib/php') in /var/www/html/wp-content/plugins/my-plugin/my-plugin.php:31
Stack trace:
#0 /var/www/html/wp-includes/class-wp-hook.php(308): myMenuFunction('')
#1 /var/www/html/wp-includes/class-wp-hook.php(332): WP_Hook->apply_filters('', Array)
#2 /var/www/html/wp-includes/plugin.php(517): WP_Hook->do_action(Array)
#3 /var/www/html/wp-admin/admin.php(259): do_action('toplevel_page_m...')
#4 {main}
  thrown in /var/www/html/wp-content/plugins/my-plugin/my-plugin.php on line 31

2023-09-17T04:06:15+00:00 CRITICAL Allowed memory size of 134217728 bytes exhausted (tried to allocate 98570240 bytes) in /var/www/html/wp-content/themes/new-theme/functions.php on line 13

